<class 'config.Config'>
[Sun Apr 17 19:11:57 2022]starts experiments setting 4_17_16_11
=> creating model ...
Episode: 56 step: 728 training_step: 513 Reward: 0.000 Loss: 0.000
Episode: 57 step: 692 training_step: 1205 Reward: 0.000 Loss: 0.000
Episode: 58 step: 798 training_step: 2003 Reward: 0.000 Loss: 0.000
Episode: 59 step: 727 training_step: 2730 Reward: 0.000 Loss: 0.000
Episode: 60 step: 813 training_step: 3543 Reward: 0.000 Loss: 0.000
Episode: 61 step: 1014 training_step: 4557 Reward: 2.000 Loss: 0.000
Episode: 62 step: 923 training_step: 5480 Reward: 1.000 Loss: 0.031
Episode: 63 step: 914 training_step: 6394 Reward: 1.000 Loss: 0.000
Episode: 64 step: 858 training_step: 7252 Reward: 0.000 Loss: 0.000
Episode: 65 step: 907 training_step: 8159 Reward: 0.000 Loss: 0.031
Episode: 66 step: 623 training_step: 8782 Reward: 0.000 Loss: 0.000
Episode: 67 step: 842 training_step: 9624 Reward: 1.000 Loss: 0.000
Episode: 68 step: 897 training_step: 10521 Reward: 1.000 Loss: 0.000
Episode: 69 step: 1062 training_step: 11583 Reward: 1.000 Loss: 0.000
Episode: 70 step: 625 training_step: 12208 Reward: 0.000 Loss: 0.000
Episode: 71 step: 1447 training_step: 13655 Reward: 4.000 Loss: 0.000
Episode: 72 step: 1350 training_step: 15005 Reward: 4.000 Loss: 0.000
Episode: 73 step: 1130 training_step: 16135 Reward: 1.000 Loss: 0.000
Episode: 74 step: 944 training_step: 17079 Reward: 0.000 Loss: 0.000
Episode: 75 step: 1204 training_step: 18283 Reward: 3.000 Loss: 0.000
Episode: 76 step: 717 training_step: 19000 Reward: 0.000 Loss: 0.000
Episode: 77 step: 1203 training_step: 20203 Reward: 2.000 Loss: 0.000
Episode: 78 step: 1394 training_step: 21597 Reward: 4.000 Loss: 0.000
Episode: 79 step: 1045 training_step: 22642 Reward: 2.000 Loss: 0.000
Episode: 80 step: 911 training_step: 23553 Reward: 1.000 Loss: 0.000
Episode: 81 step: 743 training_step: 24296 Reward: 1.000 Loss: 0.000
Episode: 82 step: 984 training_step: 25280 Reward: 0.000 Loss: 0.000
Episode: 83 step: 626 training_step: 25906 Reward: 1.000 Loss: 0.000
Episode: 84 step: 1109 training_step: 27015 Reward: 2.000 Loss: 0.000
Episode: 85 step: 1484 training_step: 28499 Reward: 4.000 Loss: 0.000
Episode: 86 step: 815 training_step: 29314 Reward: 0.000 Loss: 0.000
Episode: 87 step: 761 training_step: 30075 Reward: 0.000 Loss: 0.000
Episode: 88 step: 1125 training_step: 31200 Reward: 2.000 Loss: 0.000
Episode: 89 step: 1012 training_step: 32212 Reward: 1.000 Loss: 0.031
Episode: 90 step: 1162 training_step: 33374 Reward: 2.000 Loss: 0.000
Episode: 91 step: 860 training_step: 34234 Reward: 0.000 Loss: 0.000
Episode: 92 step: 750 training_step: 34984 Reward: 0.000 Loss: 0.000
Episode: 93 step: 591 training_step: 35575 Reward: 0.000 Loss: 0.000
Episode: 94 step: 1217 training_step: 36792 Reward: 2.000 Loss: 0.000
Episode: 95 step: 1404 training_step: 38196 Reward: 4.000 Loss: 0.000
Episode: 96 step: 902 training_step: 39098 Reward: 0.000 Loss: 0.000
Episode: 97 step: 990 training_step: 40088 Reward: 2.000 Loss: 0.000
Episode: 98 step: 816 training_step: 40904 Reward: 0.000 Loss: 0.000
Episode: 99 step: 835 training_step: 41739 Reward: 1.000 Loss: 0.000
Episode: 100 step: 790 training_step: 42529 Reward: 1.000 Loss: 0.031
Episode: 101 step: 938 training_step: 43467 Reward: 2.000 Loss: 0.000
Episode: 102 step: 1252 training_step: 44719 Reward: 3.000 Loss: 0.000
Episode: 103 step: 1219 training_step: 45938 Reward: 3.000 Loss: 0.000
Episode: 104 step: 616 training_step: 46554 Reward: 0.000 Loss: 0.000
Episode: 105 step: 1330 training_step: 47884 Reward: 3.000 Loss: 0.000
Episode: 106 step: 1374 training_step: 49258 Reward: 3.000 Loss: 0.000
Episode: 107 step: 747 training_step: 50005 Reward: 0.000 Loss: 0.000
Episode: 108 step: 902 training_step: 50907 Reward: 0.000 Loss: 0.000
Episode: 109 step: 1204 training_step: 52111 Reward: 1.000 Loss: 0.000
Episode: 110 step: 994 training_step: 53105 Reward: 2.000 Loss: 0.000
Episode: 111 step: 1253 training_step: 54358 Reward: 4.000 Loss: 0.000
Episode: 112 step: 798 training_step: 55156 Reward: 0.000 Loss: 0.000
Episode: 113 step: 840 training_step: 55996 Reward: 1.000 Loss: 0.000
Episode: 114 step: 1067 training_step: 57063 Reward: 3.000 Loss: 0.000
Episode: 115 step: 591 training_step: 57654 Reward: 0.000 Loss: 0.000
Episode: 116 step: 712 training_step: 58366 Reward: 0.000 Loss: 0.000
Episode: 117 step: 593 training_step: 58959 Reward: 0.000 Loss: 0.000
Episode: 118 step: 1109 training_step: 60068 Reward: 2.000 Loss: 0.000
Episode: 119 step: 766 training_step: 60834 Reward: 1.000 Loss: 0.000
Episode: 120 step: 681 training_step: 61515 Reward: 0.000 Loss: 0.000
Episode: 121 step: 868 training_step: 62383 Reward: 0.000 Loss: 0.000
Episode: 122 step: 809 training_step: 63192 Reward: 1.000 Loss: 0.000
Episode: 123 step: 672 training_step: 63864 Reward: 0.000 Loss: 0.000
Episode: 124 step: 946 training_step: 64810 Reward: 2.000 Loss: 0.000
Episode: 125 step: 806 training_step: 65616 Reward: 1.000 Loss: 0.000
Episode: 126 step: 1316 training_step: 66932 Reward: 3.000 Loss: 0.000
Episode: 127 step: 816 training_step: 67748 Reward: 1.000 Loss: 0.000
Episode: 128 step: 660 training_step: 68408 Reward: 0.000 Loss: 0.000
Episode: 129 step: 1196 training_step: 69604 Reward: 3.000 Loss: 0.000
Episode: 130 step: 971 training_step: 70575 Reward: 2.000 Loss: 0.000
Episode: 131 step: 1272 training_step: 71847 Reward: 3.000 Loss: 0.000
Episode: 132 step: 987 training_step: 72834 Reward: 1.000 Loss: 0.000
Episode: 133 step: 767 training_step: 73601 Reward: 0.000 Loss: 0.000
Episode: 134 step: 984 training_step: 74585 Reward: 1.000 Loss: 0.000
Episode: 135 step: 939 training_step: 75524 Reward: 1.000 Loss: 0.000
Episode: 136 step: 762 training_step: 76286 Reward: 0.000 Loss: 0.000
Episode: 137 step: 664 training_step: 76950 Reward: 0.000 Loss: 0.000
Episode: 138 step: 1046 training_step: 77996 Reward: 1.000 Loss: 0.000
Episode: 139 step: 765 training_step: 78761 Reward: 0.000 Loss: 0.000
Episode: 140 step: 1003 training_step: 79764 Reward: 1.000 Loss: 0.000
Episode: 141 step: 1035 training_step: 80799 Reward: 1.000 Loss: 0.000
Episode: 142 step: 1377 training_step: 82176 Reward: 4.000 Loss: 0.000
Episode: 143 step: 908 training_step: 83084 Reward: 1.000 Loss: 0.000
Episode: 144 step: 917 training_step: 84001 Reward: 2.000 Loss: 0.000
Episode: 145 step: 627 training_step: 84628 Reward: 0.000 Loss: 0.000
Episode: 146 step: 696 training_step: 85324 Reward: 0.000 Loss: 0.000
Episode: 147 step: 1037 training_step: 86361 Reward: 1.000 Loss: 0.000
Episode: 148 step: 1126 training_step: 87487 Reward: 2.000 Loss: 0.000
Episode: 149 step: 1079 training_step: 88566 Reward: 2.000 Loss: 0.000
Episode: 150 step: 1175 training_step: 89741 Reward: 1.000 Loss: 0.000
Episode: 151 step: 758 training_step: 90499 Reward: 1.000 Loss: 0.000
Episode: 152 step: 1229 training_step: 91728 Reward: 2.000 Loss: 0.000
Episode: 153 step: 1179 training_step: 92907 Reward: 2.000 Loss: 0.000
Episode: 154 step: 590 training_step: 93497 Reward: 0.000 Loss: 0.000
Episode: 155 step: 1705 training_step: 95202 Reward: 4.000 Loss: 0.000
Episode: 156 step: 655 training_step: 95857 Reward: 0.000 Loss: 0.000
Episode: 157 step: 870 training_step: 96727 Reward: 1.000 Loss: 0.000
Episode: 158 step: 1499 training_step: 98226 Reward: 5.000 Loss: 0.000
Episode: 159 step: 967 training_step: 99193 Reward: 0.000 Loss: 0.000
Episode: 160 step: 808 training_step: 100001 Reward: 0.000 Loss: 0.000
Episode: 161 step: 869 training_step: 100870 Reward: 0.000 Loss: 0.000
Episode: 162 step: 1052 training_step: 101922 Reward: 2.000 Loss: 0.000
Episode: 163 step: 888 training_step: 102810 Reward: 1.000 Loss: 0.000
Episode: 164 step: 776 training_step: 103586 Reward: 0.000 Loss: 0.000
Episode: 165 step: 1096 training_step: 104682 Reward: 1.000 Loss: 0.000
Episode: 166 step: 654 training_step: 105336 Reward: 0.000 Loss: 0.000
Episode: 167 step: 844 training_step: 106180 Reward: 0.000 Loss: 0.000
Episode: 168 step: 842 training_step: 107022 Reward: 1.000 Loss: 0.000
Episode: 169 step: 731 training_step: 107753 Reward: 1.000 Loss: 0.000
Episode: 170 step: 821 training_step: 108574 Reward: 0.000 Loss: 0.000
Episode: 171 step: 625 training_step: 109199 Reward: 0.000 Loss: 0.000
Episode: 172 step: 966 training_step: 110165 Reward: 0.000 Loss: 0.000
Episode: 173 step: 860 training_step: 111025 Reward: 1.000 Loss: 0.000
Episode: 174 step: 605 training_step: 111630 Reward: 0.000 Loss: 0.000
Episode: 175 step: 755 training_step: 112385 Reward: 0.000 Loss: 0.000
Episode: 176 step: 796 training_step: 113181 Reward: 0.000 Loss: 0.000
Episode: 177 step: 992 training_step: 114173 Reward: 2.000 Loss: 0.000
Episode: 178 step: 1105 training_step: 115278 Reward: 2.000 Loss: 0.000
Episode: 179 step: 1086 training_step: 116364 Reward: 2.000 Loss: 0.000
Episode: 180 step: 663 training_step: 117027 Reward: 0.000 Loss: 0.000
Episode: 181 step: 715 training_step: 117742 Reward: 1.000 Loss: 0.000
Episode: 182 step: 1090 training_step: 118832 Reward: 1.000 Loss: 0.000
Episode: 183 step: 1044 training_step: 119876 Reward: 3.000 Loss: 0.000
Episode: 184 step: 1369 training_step: 121245 Reward: 3.000 Loss: 0.000
Episode: 185 step: 1168 training_step: 122413 Reward: 2.000 Loss: 0.000
Episode: 186 step: 764 training_step: 123177 Reward: 0.000 Loss: 0.000
Episode: 187 step: 895 training_step: 124072 Reward: 0.000 Loss: 0.000
Episode: 188 step: 798 training_step: 124870 Reward: 1.000 Loss: 0.000
Episode: 189 step: 638 training_step: 125508 Reward: 0.000 Loss: 0.000
Episode: 190 step: 647 training_step: 126155 Reward: 0.000 Loss: 0.000
Episode: 191 step: 759 training_step: 126914 Reward: 1.000 Loss: 0.000
Episode: 192 step: 842 training_step: 127756 Reward: 0.000 Loss: 0.000
Episode: 193 step: 689 training_step: 128445 Reward: 0.000 Loss: 0.000
Episode: 194 step: 592 training_step: 129037 Reward: 0.000 Loss: 0.000
Episode: 195 step: 730 training_step: 129767 Reward: 0.000 Loss: 0.000
Episode: 196 step: 827 training_step: 130594 Reward: 1.000 Loss: 0.000
Episode: 197 step: 664 training_step: 131258 Reward: 0.000 Loss: 0.000
Episode: 198 step: 818 training_step: 132076 Reward: 1.000 Loss: 0.000
Episode: 199 step: 1002 training_step: 133078 Reward: 2.000 Loss: 0.000
Episode: 200 step: 664 training_step: 133742 Reward: 0.000 Loss: 0.000
Episode: 201 step: 748 training_step: 134490 Reward: 0.000 Loss: 0.000
Episode: 202 step: 698 training_step: 135188 Reward: 0.000 Loss: 0.000
Episode: 203 step: 723 training_step: 135911 Reward: 0.000 Loss: 0.000
Episode: 204 step: 633 training_step: 136544 Reward: 0.000 Loss: 0.000
Episode: 205 step: 742 training_step: 137286 Reward: 0.000 Loss: 0.000
Episode: 206 step: 602 training_step: 137888 Reward: 0.000 Loss: 0.000
Episode: 207 step: 891 training_step: 138779 Reward: 2.000 Loss: 0.000
Episode: 208 step: 1350 training_step: 140129 Reward: 3.000 Loss: 0.000
Episode: 209 step: 964 training_step: 141093 Reward: 2.000 Loss: 0.000
Episode: 210 step: 1075 training_step: 142168 Reward: 2.000 Loss: 0.000
Episode: 211 step: 908 training_step: 143076 Reward: 1.000 Loss: 0.000
Episode: 212 step: 838 training_step: 143914 Reward: 0.000 Loss: 0.000
Episode: 213 step: 588 training_step: 144502 Reward: 0.000 Loss: 0.000
Episode: 214 step: 799 training_step: 145301 Reward: 0.000 Loss: 0.000
Episode: 215 step: 1114 training_step: 146415 Reward: 2.000 Loss: 0.000
Episode: 216 step: 668 training_step: 147083 Reward: 0.000 Loss: 0.000
Episode: 217 step: 838 training_step: 147921 Reward: 1.000 Loss: 0.000
Episode: 218 step: 577 training_step: 148498 Reward: 0.000 Loss: 0.000
Episode: 219 step: 610 training_step: 149108 Reward: 0.000 Loss: 0.000
Episode: 220 step: 901 training_step: 150009 Reward: 0.000 Loss: 0.000
Episode: 221 step: 1036 training_step: 151045 Reward: 0.000 Loss: 0.000
Episode: 222 step: 1435 training_step: 152480 Reward: 4.000 Loss: 0.000
Episode: 223 step: 1032 training_step: 153512 Reward: 2.000 Loss: 0.000
Episode: 224 step: 953 training_step: 154465 Reward: 0.000 Loss: 0.000
Episode: 225 step: 675 training_step: 155140 Reward: 0.000 Loss: 0.000
Episode: 226 step: 663 training_step: 155803 Reward: 0.000 Loss: 0.000
Episode: 227 step: 1045 training_step: 156848 Reward: 2.000 Loss: 0.000
Episode: 228 step: 1277 training_step: 158125 Reward: 3.000 Loss: 0.000
Episode: 229 step: 1086 training_step: 159211 Reward: 1.000 Loss: 0.000
Episode: 230 step: 877 training_step: 160088 Reward: 1.000 Loss: 0.000
Episode: 231 step: 658 training_step: 160746 Reward: 0.000 Loss: 0.000
Episode: 232 step: 810 training_step: 161556 Reward: 0.000 Loss: 0.000
Episode: 233 step: 930 training_step: 162486 Reward: 2.000 Loss: 0.000
Episode: 234 step: 1174 training_step: 163660 Reward: 2.000 Loss: 0.000
Episode: 235 step: 737 training_step: 164397 Reward: 0.000 Loss: 0.000
Episode: 236 step: 684 training_step: 165081 Reward: 0.000 Loss: 0.000
Episode: 237 step: 758 training_step: 165839 Reward: 0.000 Loss: 0.000
Episode: 238 step: 636 training_step: 166475 Reward: 0.000 Loss: 0.000
Episode: 239 step: 841 training_step: 167316 Reward: 0.000 Loss: 0.000
Episode: 240 step: 1095 training_step: 168411 Reward: 3.000 Loss: 0.000
Episode: 241 step: 1272 training_step: 169683 Reward: 3.000 Loss: 0.000
Episode: 242 step: 636 training_step: 170319 Reward: 0.000 Loss: 0.031
Episode: 243 step: 921 training_step: 171240 Reward: 1.000 Loss: 0.000
Episode: 244 step: 1119 training_step: 172359 Reward: 3.000 Loss: 0.000
Episode: 245 step: 604 training_step: 172963 Reward: 0.000 Loss: 0.000
Episode: 246 step: 889 training_step: 173852 Reward: 0.000 Loss: 0.000
Episode: 247 step: 926 training_step: 174778 Reward: 0.000 Loss: 0.000
Episode: 248 step: 764 training_step: 175542 Reward: 0.000 Loss: 0.000
Episode: 249 step: 941 training_step: 176483 Reward: 1.000 Loss: 0.000
Episode: 250 step: 711 training_step: 177194 Reward: 0.000 Loss: 0.000
Episode: 251 step: 713 training_step: 177907 Reward: 0.000 Loss: 0.000
Episode: 252 step: 602 training_step: 178509 Reward: 0.000 Loss: 0.000
Episode: 253 step: 1299 training_step: 179808 Reward: 3.000 Loss: 0.000
Episode: 254 step: 751 training_step: 180559 Reward: 0.000 Loss: 0.000
Episode: 255 step: 768 training_step: 181327 Reward: 0.000 Loss: 0.000
Episode: 256 step: 944 training_step: 182271 Reward: 1.000 Loss: 0.000
Episode: 257 step: 1681 training_step: 183952 Reward: 7.000 Loss: 0.000
Episode: 258 step: 816 training_step: 184768 Reward: 0.000 Loss: 0.000
Episode: 259 step: 1273 training_step: 186041 Reward: 3.000 Loss: 0.000
Episode: 260 step: 1069 training_step: 187110 Reward: 3.000 Loss: 0.000
Episode: 261 step: 995 training_step: 188105 Reward: 1.000 Loss: 0.000
Episode: 262 step: 1041 training_step: 189146 Reward: 2.000 Loss: 0.000
Episode: 263 step: 639 training_step: 189785 Reward: 0.000 Loss: 0.000
Episode: 264 step: 1002 training_step: 190787 Reward: 1.000 Loss: 0.000
Episode: 265 step: 1061 training_step: 191848 Reward: 1.000 Loss: 0.000
Episode: 266 step: 818 training_step: 192666 Reward: 0.000 Loss: 0.000
Episode: 267 step: 925 training_step: 193591 Reward: 1.000 Loss: 0.000
Episode: 268 step: 822 training_step: 194413 Reward: 0.000 Loss: 0.000
Episode: 269 step: 821 training_step: 195234 Reward: 1.000 Loss: 0.000
Episode: 270 step: 748 training_step: 195982 Reward: 0.000 Loss: 0.000
Episode: 271 step: 704 training_step: 196686 Reward: 0.000 Loss: 0.000
Episode: 272 step: 600 training_step: 197286 Reward: 0.000 Loss: 0.000
Episode: 273 step: 909 training_step: 198195 Reward: 1.000 Loss: 0.000
Episode: 274 step: 656 training_step: 198851 Reward: 0.000 Loss: 0.000
Episode: 275 step: 1178 training_step: 200029 Reward: 3.000 Loss: 0.000
Episode: 276 step: 673 training_step: 200702 Reward: 0.000 Loss: 0.000
Episode: 277 step: 765 training_step: 201467 Reward: 0.000 Loss: 0.000
Episode: 278 step: 857 training_step: 202324 Reward: 1.000 Loss: 0.000
Episode: 279 step: 676 training_step: 203000 Reward: 0.000 Loss: 0.000
Episode: 280 step: 738 training_step: 203738 Reward: 0.000 Loss: 0.000
Episode: 281 step: 858 training_step: 204596 Reward: 0.000 Loss: 0.000
Episode: 282 step: 879 training_step: 205475 Reward: 0.000 Loss: 0.000
Episode: 283 step: 682 training_step: 206157 Reward: 0.000 Loss: 0.000
Episode: 284 step: 832 training_step: 206989 Reward: 0.000 Loss: 0.000
Episode: 285 step: 1181 training_step: 208170 Reward: 3.000 Loss: 0.000
Episode: 286 step: 769 training_step: 208939 Reward: 0.000 Loss: 0.000
Episode: 287 step: 648 training_step: 209587 Reward: 0.000 Loss: 0.000
Episode: 288 step: 594 training_step: 210181 Reward: 0.000 Loss: 0.000
Episode: 289 step: 750 training_step: 210931 Reward: 0.000 Loss: 0.000
Episode: 290 step: 753 training_step: 211684 Reward: 0.000 Loss: 0.000
Episode: 291 step: 671 training_step: 212355 Reward: 0.000 Loss: 0.000
Episode: 292 step: 1201 training_step: 213556 Reward: 2.000 Loss: 0.000
Episode: 293 step: 1487 training_step: 215043 Reward: 4.000 Loss: 0.000
Episode: 294 step: 823 training_step: 215866 Reward: 0.000 Loss: 0.000
Episode: 295 step: 1069 training_step: 216935 Reward: 3.000 Loss: 0.000
Episode: 296 step: 816 training_step: 217751 Reward: 0.000 Loss: 0.000
Episode: 297 step: 964 training_step: 218715 Reward: 1.000 Loss: 0.000
Episode: 298 step: 688 training_step: 219403 Reward: 0.000 Loss: 0.000
Episode: 299 step: 1068 training_step: 220471 Reward: 2.000 Loss: 0.000
Episode: 300 step: 664 training_step: 221135 Reward: 0.000 Loss: 0.000
Episode: 301 step: 745 training_step: 221880 Reward: 0.000 Loss: 0.000
Episode: 302 step: 899 training_step: 222779 Reward: 0.000 Loss: 0.000
Episode: 303 step: 1230 training_step: 224009 Reward: 2.000 Loss: 0.000
Episode: 304 step: 740 training_step: 224749 Reward: 0.000 Loss: 0.000
Episode: 305 step: 650 training_step: 225399 Reward: 0.000 Loss: 0.000
Episode: 306 step: 734 training_step: 226133 Reward: 0.000 Loss: 0.000
Episode: 307 step: 907 training_step: 227040 Reward: 0.000 Loss: 0.000
Episode: 308 step: 632 training_step: 227672 Reward: 0.000 Loss: 0.000
Episode: 309 step: 579 training_step: 228251 Reward: 0.000 Loss: 0.000
Episode: 310 step: 711 training_step: 228962 Reward: 0.000 Loss: 0.000
Episode: 311 step: 913 training_step: 229875 Reward: 0.000 Loss: 0.000
Episode: 312 step: 658 training_step: 230533 Reward: 0.000 Loss: 0.000
Episode: 313 step: 1156 training_step: 231689 Reward: 2.000 Loss: 0.000
Episode: 314 step: 715 training_step: 232404 Reward: 0.000 Loss: 0.000
Episode: 315 step: 818 training_step: 233222 Reward: 1.000 Loss: 0.000
Episode: 316 step: 1265 training_step: 234487 Reward: 3.000 Loss: 0.000
Episode: 317 step: 948 training_step: 235435 Reward: 0.000 Loss: 0.000
Episode: 318 step: 1738 training_step: 237173 Reward: 6.000 Loss: 0.000
Episode: 319 step: 623 training_step: 237796 Reward: 0.000 Loss: 0.000
Episode: 320 step: 574 training_step: 238370 Reward: 0.000 Loss: 0.000
Episode: 321 step: 802 training_step: 239172 Reward: 0.000 Loss: 0.000
Episode: 322 step: 1188 training_step: 240360 Reward: 2.000 Loss: 0.000
Episode: 323 step: 771 training_step: 241131 Reward: 0.000 Loss: 0.000
Episode: 324 step: 1048 training_step: 242179 Reward: 1.000 Loss: 0.000
Episode: 325 step: 1384 training_step: 243563 Reward: 2.000 Loss: 0.000
Episode: 326 step: 718 training_step: 244281 Reward: 0.000 Loss: 0.000
Episode: 327 step: 835 training_step: 245116 Reward: 0.000 Loss: 0.000
Episode: 328 step: 676 training_step: 245792 Reward: 0.000 Loss: 0.000
Episode: 329 step: 1062 training_step: 246854 Reward: 1.000 Loss: 0.000
Episode: 330 step: 669 training_step: 247523 Reward: 0.000 Loss: 0.000
Episode: 331 step: 1205 training_step: 248728 Reward: 2.000 Loss: 0.000
Episode: 332 step: 829 training_step: 249557 Reward: 0.000 Loss: 0.000
Episode: 333 step: 915 training_step: 250472 Reward: 1.000 Loss: 0.000
Episode: 334 step: 1087 training_step: 251559 Reward: 2.000 Loss: 0.000
Episode: 335 step: 760 training_step: 252319 Reward: 0.000 Loss: 0.000
Episode: 336 step: 707 training_step: 253026 Reward: 0.000 Loss: 0.000
Episode: 337 step: 1204 training_step: 254230 Reward: 2.000 Loss: 0.000
Episode: 338 step: 961 training_step: 255191 Reward: 0.000 Loss: 0.000
Episode: 339 step: 1482 training_step: 256673 Reward: 3.000 Loss: 0.000
Episode: 340 step: 1114 training_step: 257787 Reward: 2.000 Loss: 0.000
Episode: 341 step: 742 training_step: 258529 Reward: 0.000 Loss: 0.000
Episode: 342 step: 698 training_step: 259227 Reward: 0.000 Loss: 0.000
Episode: 343 step: 654 training_step: 259881 Reward: 0.000 Loss: 0.000
Episode: 344 step: 623 training_step: 260504 Reward: 0.000 Loss: 0.000
Episode: 345 step: 814 training_step: 261318 Reward: 0.000 Loss: 0.000
Episode: 346 step: 1491 training_step: 262809 Reward: 4.000 Loss: 0.000
Episode: 347 step: 937 training_step: 263746 Reward: 2.000 Loss: 0.000
Episode: 348 step: 722 training_step: 264468 Reward: 0.000 Loss: 0.000
Episode: 349 step: 605 training_step: 265073 Reward: 0.000 Loss: 0.000
Episode: 350 step: 1001 training_step: 266074 Reward: 0.000 Loss: 0.000
Episode: 351 step: 1518 training_step: 267592 Reward: 3.000 Loss: 0.000
Episode: 352 step: 1360 training_step: 268952 Reward: 3.000 Loss: 0.000
Episode: 353 step: 783 training_step: 269735 Reward: 0.000 Loss: 0.000
Episode: 354 step: 1575 training_step: 271310 Reward: 5.000 Loss: 0.000
Episode: 355 step: 1058 training_step: 272368 Reward: 2.000 Loss: 0.000
Episode: 356 step: 664 training_step: 273032 Reward: 0.000 Loss: 0.000
Episode: 357 step: 585 training_step: 273617 Reward: 0.000 Loss: 0.000
Episode: 358 step: 1649 training_step: 275266 Reward: 5.000 Loss: 0.000
Episode: 359 step: 986 training_step: 276252 Reward: 1.000 Loss: 0.000
Episode: 360 step: 1065 training_step: 277317 Reward: 2.000 Loss: 0.000
Episode: 361 step: 1025 training_step: 278342 Reward: 2.000 Loss: 0.000
Episode: 362 step: 1079 training_step: 279421 Reward: 2.000 Loss: 0.000
Episode: 363 step: 1088 training_step: 280509 Reward: 2.000 Loss: 0.000
Episode: 364 step: 1376 training_step: 281885 Reward: 1.000 Loss: 0.000
Episode: 365 step: 718 training_step: 282603 Reward: 0.000 Loss: 0.000
Episode: 366 step: 1156 training_step: 283759 Reward: 1.000 Loss: 0.000
Episode: 367 step: 1167 training_step: 284926 Reward: 2.000 Loss: 0.000
Episode: 368 step: 1452 training_step: 286378 Reward: 4.000 Loss: 0.031
Episode: 369 step: 1127 training_step: 287505 Reward: 2.000 Loss: 0.000
Episode: 370 step: 1029 training_step: 288534 Reward: 2.000 Loss: 0.000
Episode: 371 step: 655 training_step: 289189 Reward: 0.000 Loss: 0.000
Episode: 372 step: 700 training_step: 289889 Reward: 0.000 Loss: 0.000
Episode: 373 step: 801 training_step: 290690 Reward: 1.000 Loss: 0.000
Episode: 374 step: 696 training_step: 291386 Reward: 0.000 Loss: 0.000
Episode: 375 step: 1218 training_step: 292604 Reward: 4.000 Loss: 0.000
Episode: 376 step: 827 training_step: 293431 Reward: 0.000 Loss: 0.000
Episode: 377 step: 1186 training_step: 294617 Reward: 3.000 Loss: 0.031
Episode: 378 step: 760 training_step: 295377 Reward: 0.000 Loss: 0.000
Episode: 379 step: 954 training_step: 296331 Reward: 0.000 Loss: 0.000
Episode: 380 step: 814 training_step: 297145 Reward: 0.000 Loss: 0.000
Episode: 381 step: 1070 training_step: 298215 Reward: 2.000 Loss: 0.000
Episode: 382 step: 1192 training_step: 299407 Reward: 3.000 Loss: 0.000
Episode: 383 step: 754 training_step: 300161 Reward: 0.000 Loss: 0.000
Episode: 384 step: 1113 training_step: 301274 Reward: 2.000 Loss: 0.000
Episode: 385 step: 674 training_step: 301948 Reward: 0.000 Loss: 0.000
Episode: 386 step: 603 training_step: 302551 Reward: 0.000 Loss: 0.000
Episode: 387 step: 725 training_step: 303276 Reward: 0.000 Loss: 0.000
Episode: 388 step: 750 training_step: 304026 Reward: 0.000 Loss: 0.000
Episode: 389 step: 1243 training_step: 305269 Reward: 2.000 Loss: 0.000
Episode: 390 step: 1838 training_step: 307107 Reward: 7.000 Loss: 0.000
Episode: 391 step: 849 training_step: 307956 Reward: 0.000 Loss: 0.000
Episode: 392 step: 810 training_step: 308766 Reward: 0.000 Loss: 0.000
Episode: 393 step: 1284 training_step: 310050 Reward: 3.000 Loss: 0.000
Episode: 394 step: 710 training_step: 310760 Reward: 0.000 Loss: 0.000
Episode: 395 step: 752 training_step: 311512 Reward: 0.000 Loss: 0.000
Episode: 396 step: 838 training_step: 312350 Reward: 0.000 Loss: 0.000
Episode: 397 step: 810 training_step: 313160 Reward: 1.000 Loss: 0.000
Episode: 398 step: 1570 training_step: 314730 Reward: 4.000 Loss: 0.000
Episode: 399 step: 972 training_step: 315702 Reward: 2.000 Loss: 0.000
Episode: 400 step: 1007 training_step: 316709 Reward: 2.000 Loss: 0.000
Episode: 401 step: 1042 training_step: 317751 Reward: 2.000 Loss: 0.000
Episode: 402 step: 694 training_step: 318445 Reward: 0.000 Loss: 0.000
Episode: 403 step: 771 training_step: 319216 Reward: 0.000 Loss: 0.000
Episode: 404 step: 685 training_step: 319901 Reward: 1.000 Loss: 0.000
Episode: 405 step: 984 training_step: 320885 Reward: 2.000 Loss: 0.000
Episode: 406 step: 632 training_step: 321517 Reward: 0.000 Loss: 0.000
Episode: 407 step: 670 training_step: 322187 Reward: 0.000 Loss: 0.000
Episode: 408 step: 1226 training_step: 323413 Reward: 4.000 Loss: 0.000
Episode: 409 step: 690 training_step: 324103 Reward: 0.000 Loss: 0.000
Episode: 410 step: 893 training_step: 324996 Reward: 1.000 Loss: 0.000
Episode: 411 step: 782 training_step: 325778 Reward: 1.000 Loss: 0.000
Episode: 412 step: 962 training_step: 326740 Reward: 1.000 Loss: 0.000
Episode: 413 step: 669 training_step: 327409 Reward: 0.000 Loss: 0.000
Episode: 414 step: 912 training_step: 328321 Reward: 0.000 Loss: 0.000
Episode: 415 step: 682 training_step: 329003 Reward: 0.000 Loss: 0.000
Episode: 416 step: 827 training_step: 329830 Reward: 0.000 Loss: 0.000
Episode: 417 step: 739 training_step: 330569 Reward: 1.000 Loss: 0.000
Episode: 418 step: 1119 training_step: 331688 Reward: 3.000 Loss: 0.000
Episode: 419 step: 1006 training_step: 332694 Reward: 1.000 Loss: 0.000
Episode: 420 step: 1097 training_step: 333791 Reward: 1.000 Loss: 0.000
Episode: 421 step: 1648 training_step: 335439 Reward: 3.000 Loss: 0.000
Episode: 422 step: 700 training_step: 336139 Reward: 0.000 Loss: 0.000
Episode: 423 step: 785 training_step: 336924 Reward: 0.000 Loss: 0.000
Episode: 424 step: 621 training_step: 337545 Reward: 0.000 Loss: 0.000
Episode: 425 step: 786 training_step: 338331 Reward: 0.000 Loss: 0.000
Episode: 426 step: 795 training_step: 339126 Reward: 0.000 Loss: 0.000
Episode: 427 step: 567 training_step: 339693 Reward: 0.000 Loss: 0.000
Episode: 428 step: 705 training_step: 340398 Reward: 0.000 Loss: 0.000
Episode: 429 step: 836 training_step: 341234 Reward: 1.000 Loss: 0.000
Episode: 430 step: 853 training_step: 342087 Reward: 0.000 Loss: 0.000
Episode: 431 step: 787 training_step: 342874 Reward: 1.000 Loss: 0.000
Episode: 432 step: 978 training_step: 343852 Reward: 1.000 Loss: 0.000
Episode: 433 step: 972 training_step: 344824 Reward: 0.000 Loss: 0.000
Episode: 434 step: 697 training_step: 345521 Reward: 0.000 Loss: 0.000
Episode: 435 step: 878 training_step: 346399 Reward: 0.000 Loss: 0.000
Episode: 436 step: 1185 training_step: 347584 Reward: 3.000 Loss: 0.000
Episode: 437 step: 794 training_step: 348378 Reward: 0.000 Loss: 0.000
Episode: 438 step: 674 training_step: 349052 Reward: 0.000 Loss: 0.000
Episode: 439 step: 739 training_step: 349791 Reward: 0.000 Loss: 0.031
Episode: 440 step: 851 training_step: 350642 Reward: 1.000 Loss: 0.000
Episode: 441 step: 1081 training_step: 351723 Reward: 3.000 Loss: 0.000
Episode: 442 step: 1036 training_step: 352759 Reward: 1.000 Loss: 0.000
Episode: 443 step: 846 training_step: 353605 Reward: 1.000 Loss: 0.000
Episode: 444 step: 619 training_step: 354224 Reward: 0.000 Loss: 0.000
Episode: 445 step: 743 training_step: 354967 Reward: 0.000 Loss: 0.000
Episode: 446 step: 1239 training_step: 356206 Reward: 3.000 Loss: 0.000
Episode: 447 step: 813 training_step: 357019 Reward: 0.000 Loss: 0.000
Episode: 448 step: 809 training_step: 357828 Reward: 0.000 Loss: 0.000
Episode: 449 step: 1039 training_step: 358867 Reward: 2.000 Loss: 0.000
Episode: 450 step: 1200 training_step: 360067 Reward: 1.000 Loss: 0.000
Episode: 451 step: 776 training_step: 360843 Reward: 0.000 Loss: 0.000
Episode: 452 step: 707 training_step: 361550 Reward: 0.000 Loss: 0.000
Episode: 453 step: 965 training_step: 362515 Reward: 1.000 Loss: 0.000
Episode: 454 step: 944 training_step: 363459 Reward: 1.000 Loss: 0.000
Episode: 455 step: 709 training_step: 364168 Reward: 0.000 Loss: 0.000
Episode: 456 step: 635 training_step: 364803 Reward: 0.000 Loss: 0.000
Episode: 457 step: 1516 training_step: 366319 Reward: 2.000 Loss: 0.000
Episode: 458 step: 855 training_step: 367174 Reward: 2.000 Loss: 0.000
Episode: 459 step: 702 training_step: 367876 Reward: 0.000 Loss: 0.000
Episode: 460 step: 1641 training_step: 369517 Reward: 5.000 Loss: 0.000
Episode: 461 step: 527 training_step: 370044 Reward: 0.000 Loss: 0.000
Episode: 462 step: 1152 training_step: 371196 Reward: 2.000 Loss: 0.000
Episode: 463 step: 971 training_step: 372167 Reward: 1.000 Loss: 0.000
Episode: 464 step: 1754 training_step: 373921 Reward: 6.000 Loss: 0.000
Episode: 465 step: 698 training_step: 374619 Reward: 0.000 Loss: 0.000
Episode: 466 step: 1134 training_step: 375753 Reward: 3.000 Loss: 0.000
Episode: 467 step: 1101 training_step: 376854 Reward: 2.000 Loss: 0.000
Episode: 468 step: 1066 training_step: 377920 Reward: 2.000 Loss: 0.000
Episode: 469 step: 1274 training_step: 379194 Reward: 3.000 Loss: 0.000
Episode: 470 step: 581 training_step: 379775 Reward: 0.000 Loss: 0.000
Episode: 471 step: 854 training_step: 380629 Reward: 1.000 Loss: 0.000
Episode: 472 step: 1261 training_step: 381890 Reward: 3.000 Loss: 0.000
Episode: 473 step: 916 training_step: 382806 Reward: 0.000 Loss: 0.000
Episode: 474 step: 751 training_step: 383557 Reward: 0.000 Loss: 0.000
Episode: 475 step: 800 training_step: 384357 Reward: 0.000 Loss: 0.000
Episode: 476 step: 821 training_step: 385178 Reward: 0.000 Loss: 0.000
Episode: 477 step: 940 training_step: 386118 Reward: 2.000 Loss: 0.000
Episode: 478 step: 1064 training_step: 387182 Reward: 2.000 Loss: 0.000
Episode: 479 step: 604 training_step: 387786 Reward: 0.000 Loss: 0.000
Episode: 480 step: 1425 training_step: 389211 Reward: 6.000 Loss: 0.000
Episode: 481 step: 1375 training_step: 390586 Reward: 2.000 Loss: 0.000
Episode: 482 step: 708 training_step: 391294 Reward: 0.000 Loss: 0.000
Episode: 483 step: 1268 training_step: 392562 Reward: 2.000 Loss: 0.000
Episode: 484 step: 904 training_step: 393466 Reward: 0.000 Loss: 0.000
Episode: 485 step: 768 training_step: 394234 Reward: 0.000 Loss: 0.000
Episode: 486 step: 641 training_step: 394875 Reward: 0.000 Loss: 0.000
Episode: 487 step: 883 training_step: 395758 Reward: 0.000 Loss: 0.000
Episode: 488 step: 982 training_step: 396740 Reward: 1.000 Loss: 0.000
Episode: 489 step: 804 training_step: 397544 Reward: 0.000 Loss: 0.000
Episode: 490 step: 660 training_step: 398204 Reward: 0.000 Loss: 0.000
Episode: 491 step: 620 training_step: 398824 Reward: 0.000 Loss: 0.000
Episode: 492 step: 1129 training_step: 399953 Reward: 2.000 Loss: 0.000
Episode: 493 step: 694 training_step: 400647 Reward: 0.000 Loss: 0.000
Episode: 494 step: 1125 training_step: 401772 Reward: 0.000 Loss: 0.000
Episode: 495 step: 999 training_step: 402771 Reward: 2.000 Loss: 0.000
Episode: 496 step: 1393 training_step: 404164 Reward: 3.000 Loss: 0.000
Episode: 497 step: 920 training_step: 405084 Reward: 2.000 Loss: 0.000
Episode: 498 step: 1213 training_step: 406297 Reward: 4.000 Loss: 0.000
Episode: 499 step: 701 training_step: 406998 Reward: 0.000 Loss: 0.000
Episode: 500 step: 771 training_step: 407769 Reward: 0.000 Loss: 0.000
Episode: 501 step: 981 training_step: 408750 Reward: 1.000 Loss: 0.000
Episode: 502 step: 1430 training_step: 410180 Reward: 3.000 Loss: 0.000
Episode: 503 step: 747 training_step: 410927 Reward: 0.000 Loss: 0.000
Episode: 504 step: 783 training_step: 411710 Reward: 1.000 Loss: 0.000
Episode: 505 step: 1274 training_step: 412984 Reward: 1.000 Loss: 0.000
Episode: 506 step: 668 training_step: 413652 Reward: 0.000 Loss: 0.000
Episode: 507 step: 886 training_step: 414538 Reward: 0.000 Loss: 0.000
Episode: 508 step: 1022 training_step: 415560 Reward: 0.000 Loss: 0.000
Episode: 509 step: 1088 training_step: 416648 Reward: 3.000 Loss: 0.000
Episode: 510 step: 1396 training_step: 418044 Reward: 2.000 Loss: 0.000
Episode: 511 step: 1032 training_step: 419076 Reward: 2.000 Loss: 0.000
Episode: 512 step: 1193 training_step: 420269 Reward: 3.000 Loss: 0.000
Episode: 513 step: 1058 training_step: 421327 Reward: 2.000 Loss: 0.000
Episode: 514 step: 534 training_step: 421861 Reward: 0.000 Loss: 0.000
Episode: 515 step: 1098 training_step: 422959 Reward: 2.000 Loss: 0.000
Episode: 516 step: 660 training_step: 423619 Reward: 0.000 Loss: 0.000
Episode: 517 step: 752 training_step: 424371 Reward: 0.000 Loss: 0.000
Episode: 518 step: 904 training_step: 425275 Reward: 0.000 Loss: 0.000
Episode: 519 step: 851 training_step: 426126 Reward: 0.000 Loss: 0.000
Episode: 520 step: 1358 training_step: 427484 Reward: 3.000 Loss: 0.000
Episode: 521 step: 1331 training_step: 428815 Reward: 2.000 Loss: 0.000
Episode: 522 step: 1439 training_step: 430254 Reward: 4.000 Loss: 0.000
Episode: 523 step: 1002 training_step: 431256 Reward: 2.000 Loss: 0.000
Episode: 524 step: 904 training_step: 432160 Reward: 0.000 Loss: 0.000
Episode: 525 step: 793 training_step: 432953 Reward: 0.000 Loss: 0.000
Episode: 526 step: 1301 training_step: 434254 Reward: 2.000 Loss: 0.000
Episode: 527 step: 990 training_step: 435244 Reward: 0.000 Loss: 0.000
Episode: 528 step: 940 training_step: 436184 Reward: 2.000 Loss: 0.000
Episode: 529 step: 913 training_step: 437097 Reward: 2.000 Loss: 0.000
Episode: 530 step: 897 training_step: 437994 Reward: 1.000 Loss: 0.000
Episode: 531 step: 958 training_step: 438952 Reward: 1.000 Loss: 0.000
Episode: 532 step: 983 training_step: 439935 Reward: 2.000 Loss: 0.000
Episode: 533 step: 892 training_step: 440827 Reward: 0.000 Loss: 0.031
Episode: 534 step: 687 training_step: 441514 Reward: 0.000 Loss: 0.000
Episode: 535 step: 1013 training_step: 442527 Reward: 1.000 Loss: 0.000
Episode: 536 step: 688 training_step: 443215 Reward: 0.000 Loss: 0.000
Episode: 537 step: 1171 training_step: 444386 Reward: 3.000 Loss: 0.000
Episode: 538 step: 791 training_step: 445177 Reward: 0.000 Loss: 0.000
Episode: 539 step: 705 training_step: 445882 Reward: 0.000 Loss: 0.000
Episode: 540 step: 1179 training_step: 447061 Reward: 3.000 Loss: 0.000
Episode: 541 step: 728 training_step: 447789 Reward: 0.000 Loss: 0.000
Episode: 542 step: 623 training_step: 448412 Reward: 0.000 Loss: 0.000
Episode: 543 step: 1089 training_step: 449501 Reward: 2.000 Loss: 0.000
Episode: 544 step: 620 training_step: 450121 Reward: 0.000 Loss: 0.000
Episode: 545 step: 845 training_step: 450966 Reward: 2.000 Loss: 0.000
Episode: 546 step: 1066 training_step: 452032 Reward: 2.000 Loss: 0.000
Episode: 547 step: 808 training_step: 452840 Reward: 1.000 Loss: 0.000
Episode: 548 step: 1189 training_step: 454029 Reward: 2.000 Loss: 0.000
Episode: 549 step: 722 training_step: 454751 Reward: 0.000 Loss: 0.000
Episode: 550 step: 722 training_step: 455473 Reward: 0.000 Loss: 0.000
Episode: 551 step: 896 training_step: 456369 Reward: 1.000 Loss: 0.000
Episode: 552 step: 1125 training_step: 457494 Reward: 2.000 Loss: 0.000
Episode: 553 step: 980 training_step: 458474 Reward: 0.000 Loss: 0.000
Episode: 554 step: 776 training_step: 459250 Reward: 1.000 Loss: 0.000
Episode: 555 step: 811 training_step: 460061 Reward: 0.000 Loss: 0.000
Episode: 556 step: 741 training_step: 460802 Reward: 1.000 Loss: 0.000
Episode: 557 step: 814 training_step: 461616 Reward: 0.000 Loss: 0.000
Episode: 558 step: 774 training_step: 462390 Reward: 0.000 Loss: 0.000
Episode: 559 step: 579 training_step: 462969 Reward: 0.000 Loss: 0.000
Episode: 560 step: 859 training_step: 463828 Reward: 1.000 Loss: 0.000
Episode: 561 step: 668 training_step: 464496 Reward: 0.000 Loss: 0.000
Episode: 562 step: 1089 training_step: 465585 Reward: 3.000 Loss: 0.000
Episode: 563 step: 584 training_step: 466169 Reward: 0.000 Loss: 0.000
Episode: 564 step: 943 training_step: 467112 Reward: 0.000 Loss: 0.000
Episode: 565 step: 945 training_step: 468057 Reward: 1.000 Loss: 0.031
Episode: 566 step: 886 training_step: 468943 Reward: 0.000 Loss: 0.000
Episode: 567 step: 788 training_step: 469731 Reward: 0.000 Loss: 0.000
Episode: 568 step: 1023 training_step: 470754 Reward: 0.000 Loss: 0.000
Episode: 569 step: 887 training_step: 471641 Reward: 0.000 Loss: 0.000
Episode: 570 step: 878 training_step: 472519 Reward: 0.000 Loss: 0.000
Episode: 571 step: 850 training_step: 473369 Reward: 0.000 Loss: 0.031
Episode: 572 step: 787 training_step: 474156 Reward: 0.000 Loss: 0.000
Episode: 573 step: 883 training_step: 475039 Reward: 0.000 Loss: 0.000
Episode: 574 step: 912 training_step: 475951 Reward: 2.000 Loss: 0.031
Episode: 575 step: 1363 training_step: 477314 Reward: 4.000 Loss: 0.000
Episode: 576 step: 728 training_step: 478042 Reward: 0.000 Loss: 0.000
Episode: 577 step: 783 training_step: 478825 Reward: 0.000 Loss: 0.000
Episode: 578 step: 1293 training_step: 480118 Reward: 3.000 Loss: 0.000
Episode: 579 step: 616 training_step: 480734 Reward: 0.000 Loss: 0.000
Episode: 580 step: 1012 training_step: 481746 Reward: 0.000 Loss: 0.000
Episode: 581 step: 718 training_step: 482464 Reward: 1.000 Loss: 0.000
Episode: 582 step: 945 training_step: 483409 Reward: 1.000 Loss: 0.000
Episode: 583 step: 910 training_step: 484319 Reward: 1.000 Loss: 0.000
Episode: 584 step: 538 training_step: 484857 Reward: 0.000 Loss: 0.000
Episode: 585 step: 580 training_step: 485437 Reward: 0.000 Loss: 0.000
Episode: 586 step: 763 training_step: 486200 Reward: 0.000 Loss: 0.000
Episode: 587 step: 885 training_step: 487085 Reward: 1.000 Loss: 0.000
Episode: 588 step: 1571 training_step: 488656 Reward: 5.000 Loss: 0.000
Episode: 589 step: 952 training_step: 489608 Reward: 1.000 Loss: 0.000
Episode: 590 step: 1368 training_step: 490976 Reward: 3.000 Loss: 0.000
Episode: 591 step: 817 training_step: 491793 Reward: 1.000 Loss: 0.000
Episode: 592 step: 743 training_step: 492536 Reward: 0.000 Loss: 0.000
Episode: 593 step: 815 training_step: 493351 Reward: 0.000 Loss: 0.000
Episode: 594 step: 1496 training_step: 494847 Reward: 2.000 Loss: 0.000
Episode: 595 step: 701 training_step: 495548 Reward: 0.000 Loss: 0.000
Episode: 596 step: 899 training_step: 496447 Reward: 0.000 Loss: 0.031
Episode: 597 step: 841 training_step: 497288 Reward: 1.000 Loss: 0.000
Episode: 598 step: 847 training_step: 498135 Reward: 0.000 Loss: 0.000
Episode: 599 step: 1031 training_step: 499166 Reward: 1.000 Loss: 0.000
Episode: 600 step: 1120 training_step: 500286 Reward: 1.000 Loss: 0.000
Episode: 601 step: 870 training_step: 501156 Reward: 0.000 Loss: 0.000
Episode: 602 step: 713 training_step: 501869 Reward: 0.000 Loss: 0.031
Episode: 603 step: 901 training_step: 502770 Reward: 0.000 Loss: 0.000
Episode: 604 step: 1058 training_step: 503828 Reward: 3.000 Loss: 0.000
Episode: 605 step: 645 training_step: 504473 Reward: 0.000 Loss: 0.000
Episode: 606 step: 816 training_step: 505289 Reward: 0.000 Loss: 0.000
Episode: 607 step: 788 training_step: 506077 Reward: 0.000 Loss: 0.000
Episode: 608 step: 911 training_step: 506988 Reward: 1.000 Loss: 0.000
Episode: 609 step: 1152 training_step: 508140 Reward: 3.000 Loss: 0.000
Episode: 610 step: 1172 training_step: 509312 Reward: 2.000 Loss: 0.000
Episode: 611 step: 780 training_step: 510092 Reward: 0.000 Loss: 0.000
Episode: 612 step: 1088 training_step: 511180 Reward: 3.000 Loss: 0.000
Episode: 613 step: 701 training_step: 511881 Reward: 0.000 Loss: 0.000
Episode: 614 step: 1095 training_step: 512976 Reward: 3.000 Loss: 0.000
Episode: 615 step: 651 training_step: 513627 Reward: 0.000 Loss: 0.000
Episode: 616 step: 1005 training_step: 514632 Reward: 2.000 Loss: 0.000
Episode: 617 step: 960 training_step: 515592 Reward: 2.000 Loss: 0.000
Episode: 618 step: 792 training_step: 516384 Reward: 1.000 Loss: 0.000
Episode: 619 step: 815 training_step: 517199 Reward: 1.000 Loss: 0.000
Episode: 620 step: 668 training_step: 517867 Reward: 0.000 Loss: 0.000
Episode: 621 step: 1298 training_step: 519165 Reward: 1.000 Loss: 0.000
Episode: 622 step: 842 training_step: 520007 Reward: 0.000 Loss: 0.000
Episode: 623 step: 590 training_step: 520597 Reward: 0.000 Loss: 0.000
Episode: 624 step: 868 training_step: 521465 Reward: 0.000 Loss: 0.000
Episode: 625 step: 596 training_step: 522061 Reward: 0.000 Loss: 0.000
Episode: 626 step: 1273 training_step: 523334 Reward: 2.000 Loss: 0.000
Episode: 627 step: 1474 training_step: 524808 Reward: 4.000 Loss: 0.000
Episode: 628 step: 558 training_step: 525366 Reward: 0.000 Loss: 0.000
Episode: 629 step: 1236 training_step: 526602 Reward: 2.000 Loss: 0.000
Episode: 630 step: 769 training_step: 527371 Reward: 0.000 Loss: 0.000
Episode: 631 step: 890 training_step: 528261 Reward: 1.000 Loss: 0.000
Episode: 632 step: 803 training_step: 529064 Reward: 0.000 Loss: 0.000
Episode: 633 step: 741 training_step: 529805 Reward: 0.000 Loss: 0.000
Episode: 634 step: 754 training_step: 530559 Reward: 1.000 Loss: 0.000
Episode: 635 step: 1138 training_step: 531697 Reward: 1.000 Loss: 0.000
Episode: 636 step: 705 training_step: 532402 Reward: 0.000 Loss: 0.000
Episode: 637 step: 1015 training_step: 533417 Reward: 2.000 Loss: 0.000
Episode: 638 step: 900 training_step: 534317 Reward: 0.000 Loss: 0.000
Episode: 639 step: 934 training_step: 535251 Reward: 0.000 Loss: 0.000
Episode: 640 step: 775 training_step: 536026 Reward: 0.000 Loss: 0.000
Episode: 641 step: 662 training_step: 536688 Reward: 0.000 Loss: 0.000
Episode: 642 step: 1133 training_step: 537821 Reward: 3.000 Loss: 0.000
Episode: 643 step: 904 training_step: 538725 Reward: 2.000 Loss: 0.000
Episode: 644 step: 797 training_step: 539522 Reward: 1.000 Loss: 0.000
Episode: 645 step: 607 training_step: 540129 Reward: 0.000 Loss: 0.000
Episode: 646 step: 1560 training_step: 541689 Reward: 8.000 Loss: 0.000
Episode: 647 step: 1231 training_step: 542920 Reward: 3.000 Loss: 0.000
Episode: 648 step: 717 training_step: 543637 Reward: 0.000 Loss: 0.000
Episode: 649 step: 1719 training_step: 545356 Reward: 5.000 Loss: 0.000
Episode: 650 step: 738 training_step: 546094 Reward: 0.000 Loss: 0.000
Episode: 651 step: 1068 training_step: 547162 Reward: 1.000 Loss: 0.000
Episode: 652 step: 1886 training_step: 549048 Reward: 5.000 Loss: 0.000
Episode: 653 step: 979 training_step: 550027 Reward: 0.000 Loss: 0.000
Episode: 654 step: 681 training_step: 550708 Reward: 0.000 Loss: 0.000
Episode: 655 step: 859 training_step: 551567 Reward: 0.000 Loss: 0.000
Episode: 656 step: 801 training_step: 552368 Reward: 0.000 Loss: 0.000
Episode: 657 step: 865 training_step: 553233 Reward: 0.000 Loss: 0.000
Episode: 658 step: 911 training_step: 554144 Reward: 0.000 Loss: 0.000
Episode: 659 step: 1101 training_step: 555245 Reward: 3.000 Loss: 0.000
Episode: 660 step: 1353 training_step: 556598 Reward: 4.000 Loss: 0.000
Episode: 661 step: 597 training_step: 557195 Reward: 0.000 Loss: 0.000
Episode: 662 step: 867 training_step: 558062 Reward: 0.000 Loss: 0.000
Episode: 663 step: 811 training_step: 558873 Reward: 0.000 Loss: 0.000
Episode: 664 step: 1145 training_step: 560018 Reward: 2.000 Loss: 0.000
Episode: 665 step: 825 training_step: 560843 Reward: 1.000 Loss: 0.000
Episode: 666 step: 915 training_step: 561758 Reward: 0.000 Loss: 0.000
Episode: 667 step: 703 training_step: 562461 Reward: 0.000 Loss: 0.000
Episode: 668 step: 711 training_step: 563172 Reward: 0.000 Loss: 0.000
Episode: 669 step: 793 training_step: 563965 Reward: 0.000 Loss: 0.000
Episode: 670 step: 1049 training_step: 565014 Reward: 1.000 Loss: 0.000
Episode: 671 step: 961 training_step: 565975 Reward: 1.000 Loss: 0.000
Episode: 672 step: 700 training_step: 566675 Reward: 0.000 Loss: 0.000
Episode: 673 step: 1004 training_step: 567679 Reward: 0.000 Loss: 0.000
Episode: 674 step: 1033 training_step: 568712 Reward: 1.000 Loss: 0.031
Episode: 675 step: 1055 training_step: 569767 Reward: 2.000 Loss: 0.000
Episode: 676 step: 1027 training_step: 570794 Reward: 2.000 Loss: 0.000
Episode: 677 step: 936 training_step: 571730 Reward: 1.000 Loss: 0.000
Episode: 678 step: 695 training_step: 572425 Reward: 0.000 Loss: 0.000
Episode: 679 step: 911 training_step: 573336 Reward: 1.000 Loss: 0.000
Episode: 680 step: 879 training_step: 574215 Reward: 1.000 Loss: 0.000
Episode: 681 step: 679 training_step: 574894 Reward: 0.000 Loss: 0.000
Episode: 682 step: 650 training_step: 575544 Reward: 0.000 Loss: 0.000
Episode: 683 step: 842 training_step: 576386 Reward: 0.000 Loss: 0.000
Episode: 684 step: 723 training_step: 577109 Reward: 0.000 Loss: 0.000
Episode: 685 step: 741 training_step: 577850 Reward: 1.000 Loss: 0.000
Episode: 686 step: 701 training_step: 578551 Reward: 0.000 Loss: 0.000
Episode: 687 step: 1224 training_step: 579775 Reward: 2.000 Loss: 0.000
Episode: 688 step: 1218 training_step: 580993 Reward: 0.000 Loss: 0.000
Episode: 689 step: 876 training_step: 581869 Reward: 0.000 Loss: 0.000
Episode: 690 step: 711 training_step: 582580 Reward: 0.000 Loss: 0.000
Episode: 691 step: 942 training_step: 583522 Reward: 2.000 Loss: 0.000
Episode: 692 step: 796 training_step: 584318 Reward: 0.000 Loss: 0.000
Episode: 693 step: 776 training_step: 585094 Reward: 1.000 Loss: 0.000
Episode: 694 step: 704 training_step: 585798 Reward: 0.000 Loss: 0.000
Episode: 695 step: 660 training_step: 586458 Reward: 0.000 Loss: 0.000
Episode: 696 step: 651 training_step: 587109 Reward: 0.000 Loss: 0.000
Episode: 697 step: 942 training_step: 588051 Reward: 0.000 Loss: 0.000
Episode: 698 step: 1001 training_step: 589052 Reward: 1.000 Loss: 0.000
Episode: 699 step: 730 training_step: 589782 Reward: 0.000 Loss: 0.000
Episode: 700 step: 550 training_step: 590332 Reward: 0.000 Loss: 0.000
Episode: 701 step: 753 training_step: 591085 Reward: 0.000 Loss: 0.000
Episode: 702 step: 680 training_step: 591765 Reward: 0.000 Loss: 0.000
Episode: 703 step: 652 training_step: 592417 Reward: 0.000 Loss: 0.000
Episode: 704 step: 891 training_step: 593308 Reward: 0.000 Loss: 0.000
Episode: 705 step: 708 training_step: 594016 Reward: 0.000 Loss: 0.000
Episode: 706 step: 996 training_step: 595012 Reward: 2.000 Loss: 0.000
Episode: 707 step: 1242 training_step: 596254 Reward: 4.000 Loss: 0.000
Episode: 708 step: 682 training_step: 596936 Reward: 0.000 Loss: 0.000
Episode: 709 step: 1082 training_step: 598018 Reward: 2.000 Loss: 0.000
Episode: 710 step: 1025 training_step: 599043 Reward: 2.000 Loss: 0.000
Episode: 711 step: 943 training_step: 599986 Reward: 2.000 Loss: 0.000
Episode: 712 step: 768 training_step: 600754 Reward: 0.000 Loss: 0.000
Episode: 713 step: 1463 training_step: 602217 Reward: 4.000 Loss: 0.000
Episode: 714 step: 858 training_step: 603075 Reward: 0.000 Loss: 0.000
