<class 'config.Config'>
[Sun Apr 17 17:44:55 2022]starts experiments setting 4_17_14_44
=> creating model ...
Episode: 78 step: 1222 training_step: 226 Reward: 5.000 Loss: 0.000
Episode: 79 step: 755 training_step: 981 Reward: 1.000 Loss: 0.000
Episode: 80 step: 728 training_step: 1709 Reward: 1.000 Loss: 0.000
Episode: 81 step: 924 training_step: 2633 Reward: 2.000 Loss: 0.000
Episode: 82 step: 794 training_step: 3427 Reward: 2.000 Loss: 0.000
Episode: 83 step: 792 training_step: 4219 Reward: 1.000 Loss: 0.000
Episode: 84 step: 826 training_step: 5045 Reward: 1.000 Loss: 0.000
Episode: 85 step: 819 training_step: 5864 Reward: 2.000 Loss: 0.000
Episode: 86 step: 1018 training_step: 6882 Reward: 1.000 Loss: 0.031
Episode: 87 step: 848 training_step: 7730 Reward: 1.000 Loss: 0.000
Episode: 88 step: 890 training_step: 8620 Reward: 2.000 Loss: 0.000
Episode: 89 step: 603 training_step: 9223 Reward: 0.000 Loss: 0.000
Episode: 90 step: 838 training_step: 10061 Reward: 0.000 Loss: 0.000
Episode: 91 step: 889 training_step: 10950 Reward: 1.000 Loss: 0.000
Episode: 92 step: 737 training_step: 11687 Reward: 0.000 Loss: 0.000
Episode: 93 step: 966 training_step: 12653 Reward: 3.000 Loss: 0.000
Episode: 94 step: 1290 training_step: 13943 Reward: 3.000 Loss: 0.000
Episode: 95 step: 1099 training_step: 15042 Reward: 3.000 Loss: 0.000
Episode: 96 step: 922 training_step: 15964 Reward: 2.000 Loss: 0.000
Episode: 97 step: 806 training_step: 16770 Reward: 1.000 Loss: 0.000
Episode: 98 step: 1093 training_step: 17863 Reward: 3.000 Loss: 0.000
Episode: 99 step: 1099 training_step: 18962 Reward: 3.000 Loss: 0.000
Episode: 100 step: 799 training_step: 19761 Reward: 1.000 Loss: 0.000
Episode: 101 step: 1084 training_step: 20845 Reward: 2.000 Loss: 0.000
Episode: 102 step: 806 training_step: 21651 Reward: 1.000 Loss: 0.000
Episode: 103 step: 871 training_step: 22522 Reward: 1.000 Loss: 0.000
Episode: 104 step: 926 training_step: 23448 Reward: 1.000 Loss: 0.000
Episode: 105 step: 949 training_step: 24397 Reward: 1.000 Loss: 0.000
Episode: 106 step: 871 training_step: 25268 Reward: 2.000 Loss: 0.000
Episode: 107 step: 1098 training_step: 26366 Reward: 1.000 Loss: 0.000
Episode: 108 step: 717 training_step: 27083 Reward: 1.000 Loss: 0.000
Episode: 109 step: 905 training_step: 27988 Reward: 2.000 Loss: 0.000
Episode: 110 step: 779 training_step: 28767 Reward: 1.000 Loss: 0.000
Episode: 111 step: 787 training_step: 29554 Reward: 1.000 Loss: 0.000
Episode: 112 step: 974 training_step: 30528 Reward: 2.000 Loss: 0.000
Episode: 113 step: 819 training_step: 31347 Reward: 1.000 Loss: 0.000
Episode: 114 step: 909 training_step: 32256 Reward: 1.000 Loss: 0.000
Episode: 115 step: 784 training_step: 33040 Reward: 1.000 Loss: 0.000
Episode: 116 step: 748 training_step: 33788 Reward: 0.000 Loss: 0.000
Episode: 117 step: 726 training_step: 34514 Reward: 0.000 Loss: 0.000
Episode: 118 step: 622 training_step: 35136 Reward: 0.000 Loss: 0.000
Episode: 119 step: 861 training_step: 35997 Reward: 1.000 Loss: 0.000
Episode: 120 step: 644 training_step: 36641 Reward: 0.000 Loss: 0.000
Episode: 121 step: 767 training_step: 37408 Reward: 1.000 Loss: 0.000
Episode: 122 step: 743 training_step: 38151 Reward: 1.000 Loss: 0.000
Episode: 123 step: 919 training_step: 39070 Reward: 1.000 Loss: 0.000
Episode: 124 step: 838 training_step: 39908 Reward: 1.000 Loss: 0.000
Episode: 125 step: 1319 training_step: 41227 Reward: 3.000 Loss: 0.000
Episode: 126 step: 765 training_step: 41992 Reward: 0.000 Loss: 0.000
Episode: 127 step: 685 training_step: 42677 Reward: 0.000 Loss: 0.000
Episode: 128 step: 811 training_step: 43488 Reward: 1.000 Loss: 0.000
Episode: 129 step: 728 training_step: 44216 Reward: 0.000 Loss: 0.000
Episode: 130 step: 1012 training_step: 45228 Reward: 3.000 Loss: 0.000
Episode: 131 step: 659 training_step: 45887 Reward: 0.000 Loss: 0.000
Episode: 132 step: 899 training_step: 46786 Reward: 2.000 Loss: 0.000
Episode: 133 step: 1096 training_step: 47882 Reward: 1.000 Loss: 0.000
Episode: 134 step: 883 training_step: 48765 Reward: 1.000 Loss: 0.000
Episode: 135 step: 815 training_step: 49580 Reward: 1.000 Loss: 0.000
Episode: 136 step: 1014 training_step: 50594 Reward: 3.000 Loss: 0.000
Episode: 137 step: 1074 training_step: 51668 Reward: 2.000 Loss: 0.000
Episode: 138 step: 737 training_step: 52405 Reward: 0.000 Loss: 0.000
Episode: 139 step: 889 training_step: 53294 Reward: 2.000 Loss: 0.000
Episode: 140 step: 829 training_step: 54123 Reward: 0.000 Loss: 0.000
Episode: 141 step: 763 training_step: 54886 Reward: 1.000 Loss: 0.000
Episode: 142 step: 996 training_step: 55882 Reward: 1.000 Loss: 0.031
Episode: 143 step: 1025 training_step: 56907 Reward: 2.000 Loss: 0.000
Episode: 144 step: 596 training_step: 57503 Reward: 0.000 Loss: 0.031
Episode: 145 step: 1246 training_step: 58749 Reward: 7.000 Loss: 0.000
Episode: 146 step: 804 training_step: 59553 Reward: 1.000 Loss: 0.000
Episode: 147 step: 993 training_step: 60546 Reward: 2.000 Loss: 0.000
Episode: 148 step: 957 training_step: 61503 Reward: 1.000 Loss: 0.031
Episode: 149 step: 1182 training_step: 62685 Reward: 3.000 Loss: 0.000
Episode: 150 step: 641 training_step: 63326 Reward: 0.000 Loss: 0.000
Episode: 151 step: 889 training_step: 64215 Reward: 1.000 Loss: 0.000
Episode: 152 step: 934 training_step: 65149 Reward: 1.000 Loss: 0.000
Episode: 153 step: 1026 training_step: 66175 Reward: 1.000 Loss: 0.000
Episode: 154 step: 916 training_step: 67091 Reward: 2.000 Loss: 0.000
Episode: 155 step: 797 training_step: 67888 Reward: 1.000 Loss: 0.000
Episode: 156 step: 917 training_step: 68805 Reward: 1.000 Loss: 0.000
Episode: 157 step: 692 training_step: 69497 Reward: 0.000 Loss: 0.000
Episode: 158 step: 1021 training_step: 70518 Reward: 2.000 Loss: 0.000
Episode: 159 step: 800 training_step: 71318 Reward: 0.000 Loss: 0.000
Episode: 160 step: 750 training_step: 72068 Reward: 1.000 Loss: 0.000
Episode: 161 step: 839 training_step: 72907 Reward: 1.000 Loss: 0.000
Episode: 162 step: 1085 training_step: 73992 Reward: 1.000 Loss: 0.000
Episode: 163 step: 1124 training_step: 75116 Reward: 1.000 Loss: 0.000
Episode: 164 step: 694 training_step: 75810 Reward: 0.000 Loss: 0.000
Episode: 165 step: 850 training_step: 76660 Reward: 1.000 Loss: 0.000
Episode: 166 step: 751 training_step: 77411 Reward: 1.000 Loss: 0.031
Episode: 167 step: 780 training_step: 78191 Reward: 1.000 Loss: 0.000
Episode: 168 step: 1040 training_step: 79231 Reward: 3.000 Loss: 0.000
Episode: 169 step: 816 training_step: 80047 Reward: 1.000 Loss: 0.000
Episode: 170 step: 782 training_step: 80829 Reward: 1.000 Loss: 0.000
Episode: 171 step: 657 training_step: 81486 Reward: 0.000 Loss: 0.000
Episode: 172 step: 942 training_step: 82428 Reward: 2.000 Loss: 0.000
Episode: 173 step: 945 training_step: 83373 Reward: 3.000 Loss: 0.000
Episode: 174 step: 820 training_step: 84193 Reward: 2.000 Loss: 0.000
Episode: 175 step: 1036 training_step: 85229 Reward: 1.000 Loss: 0.000
Episode: 176 step: 902 training_step: 86131 Reward: 3.000 Loss: 0.000
Episode: 177 step: 1060 training_step: 87191 Reward: 2.000 Loss: 0.000
Episode: 178 step: 690 training_step: 87881 Reward: 0.000 Loss: 0.000
Episode: 179 step: 1075 training_step: 88956 Reward: 0.000 Loss: 0.000
Episode: 180 step: 756 training_step: 89712 Reward: 0.000 Loss: 0.000
Episode: 181 step: 734 training_step: 90446 Reward: 1.000 Loss: 0.000
Episode: 182 step: 1185 training_step: 91631 Reward: 3.000 Loss: 0.000
Episode: 183 step: 927 training_step: 92558 Reward: 2.000 Loss: 0.000
Episode: 184 step: 833 training_step: 93391 Reward: 2.000 Loss: 0.000
Episode: 185 step: 1282 training_step: 94673 Reward: 2.000 Loss: 0.000
Episode: 186 step: 829 training_step: 95502 Reward: 2.000 Loss: 0.000
Episode: 187 step: 709 training_step: 96211 Reward: 1.000 Loss: 0.000
Episode: 188 step: 961 training_step: 97172 Reward: 2.000 Loss: 0.000
Episode: 189 step: 952 training_step: 98124 Reward: 1.000 Loss: 0.000
Episode: 190 step: 1352 training_step: 99476 Reward: 7.000 Loss: 0.000
Episode: 191 step: 830 training_step: 100306 Reward: 2.000 Loss: 0.000
Episode: 192 step: 937 training_step: 101243 Reward: 2.000 Loss: 0.000
Episode: 193 step: 710 training_step: 101953 Reward: 1.000 Loss: 0.000
Episode: 194 step: 925 training_step: 102878 Reward: 1.000 Loss: 0.000
Episode: 195 step: 1127 training_step: 104005 Reward: 2.000 Loss: 0.000
Episode: 196 step: 863 training_step: 104868 Reward: 2.000 Loss: 0.000
Episode: 197 step: 879 training_step: 105747 Reward: 1.000 Loss: 0.000
Episode: 198 step: 728 training_step: 106475 Reward: 1.000 Loss: 0.000
Episode: 199 step: 756 training_step: 107231 Reward: 1.000 Loss: 0.000
Episode: 200 step: 933 training_step: 108164 Reward: 1.000 Loss: 0.031
Episode: 201 step: 983 training_step: 109147 Reward: 1.000 Loss: 0.000
Episode: 202 step: 983 training_step: 110130 Reward: 1.000 Loss: 0.000
Episode: 203 step: 898 training_step: 111028 Reward: 1.000 Loss: 0.000
Episode: 204 step: 897 training_step: 111925 Reward: 1.000 Loss: 0.000
Episode: 205 step: 1198 training_step: 113123 Reward: 3.000 Loss: 0.000
Episode: 206 step: 955 training_step: 114078 Reward: 1.000 Loss: 0.000
Episode: 207 step: 1300 training_step: 115378 Reward: 2.000 Loss: 0.000
Episode: 208 step: 979 training_step: 116357 Reward: 2.000 Loss: 0.000
Episode: 209 step: 1031 training_step: 117388 Reward: 2.000 Loss: 0.000
Episode: 210 step: 1064 training_step: 118452 Reward: 3.000 Loss: 0.000
Episode: 211 step: 724 training_step: 119176 Reward: 1.000 Loss: 0.000
Episode: 212 step: 757 training_step: 119933 Reward: 0.000 Loss: 0.000
Episode: 213 step: 1093 training_step: 121026 Reward: 2.000 Loss: 0.031
Episode: 214 step: 838 training_step: 121864 Reward: 2.000 Loss: 0.000
Episode: 215 step: 968 training_step: 122832 Reward: 2.000 Loss: 0.000
Episode: 216 step: 768 training_step: 123600 Reward: 0.000 Loss: 0.000
Episode: 217 step: 761 training_step: 124361 Reward: 1.000 Loss: 0.000
Episode: 218 step: 1211 training_step: 125572 Reward: 7.000 Loss: 0.000
Episode: 219 step: 776 training_step: 126348 Reward: 0.000 Loss: 0.000
Episode: 220 step: 1040 training_step: 127388 Reward: 0.000 Loss: 0.000
Episode: 221 step: 915 training_step: 128303 Reward: 0.000 Loss: 0.000
Episode: 222 step: 731 training_step: 129034 Reward: 1.000 Loss: 0.000
Episode: 223 step: 982 training_step: 130016 Reward: 2.000 Loss: 0.000
Episode: 224 step: 1130 training_step: 131146 Reward: 1.000 Loss: 0.000
Episode: 225 step: 1076 training_step: 132222 Reward: 3.000 Loss: 0.000
Episode: 226 step: 1105 training_step: 133327 Reward: 3.000 Loss: 0.000
Episode: 227 step: 985 training_step: 134312 Reward: 1.000 Loss: 0.000
Episode: 228 step: 780 training_step: 135092 Reward: 2.000 Loss: 0.000
Episode: 229 step: 983 training_step: 136075 Reward: 1.000 Loss: 0.000
Episode: 230 step: 1241 training_step: 137316 Reward: 1.000 Loss: 0.000
Episode: 231 step: 708 training_step: 138024 Reward: 1.000 Loss: 0.000
Episode: 232 step: 910 training_step: 138934 Reward: 2.000 Loss: 0.000
Episode: 233 step: 1018 training_step: 139952 Reward: 2.000 Loss: 0.000
Episode: 234 step: 696 training_step: 140648 Reward: 0.000 Loss: 0.000
Episode: 235 step: 911 training_step: 141559 Reward: 2.000 Loss: 0.000
Episode: 236 step: 922 training_step: 142481 Reward: 1.000 Loss: 0.000
Episode: 237 step: 650 training_step: 143131 Reward: 0.000 Loss: 0.031
Episode: 238 step: 1201 training_step: 144332 Reward: 3.000 Loss: 0.000
Episode: 239 step: 743 training_step: 145075 Reward: 1.000 Loss: 0.000
Episode: 240 step: 876 training_step: 145951 Reward: 1.000 Loss: 0.000
Episode: 241 step: 1034 training_step: 146985 Reward: 3.000 Loss: 0.000
Episode: 242 step: 855 training_step: 147840 Reward: 1.000 Loss: 0.000
Episode: 243 step: 1243 training_step: 149083 Reward: 1.000 Loss: 0.000
Episode: 244 step: 731 training_step: 149814 Reward: 0.000 Loss: 0.000
Episode: 245 step: 679 training_step: 150493 Reward: 0.000 Loss: 0.000
Episode: 246 step: 1131 training_step: 151624 Reward: 1.000 Loss: 0.000
Episode: 247 step: 978 training_step: 152602 Reward: 1.000 Loss: 0.000
Episode: 248 step: 841 training_step: 153443 Reward: 1.000 Loss: 0.000
Episode: 249 step: 897 training_step: 154340 Reward: 2.000 Loss: 0.000
Episode: 250 step: 825 training_step: 155165 Reward: 1.000 Loss: 0.000
Episode: 251 step: 679 training_step: 155844 Reward: 0.000 Loss: 0.000
Episode: 252 step: 1225 training_step: 157069 Reward: 1.000 Loss: 0.000
Episode: 253 step: 731 training_step: 157800 Reward: 1.000 Loss: 0.000
Episode: 254 step: 727 training_step: 158527 Reward: 1.000 Loss: 0.000
Episode: 255 step: 888 training_step: 159415 Reward: 3.000 Loss: 0.000
Episode: 256 step: 823 training_step: 160238 Reward: 0.000 Loss: 0.000
Episode: 257 step: 817 training_step: 161055 Reward: 0.000 Loss: 0.000
Episode: 258 step: 825 training_step: 161880 Reward: 1.000 Loss: 0.000
Episode: 259 step: 768 training_step: 162648 Reward: 0.000 Loss: 0.000
Episode: 260 step: 956 training_step: 163604 Reward: 2.000 Loss: 0.000
Episode: 261 step: 1129 training_step: 164733 Reward: 2.000 Loss: 0.000
Episode: 262 step: 792 training_step: 165525 Reward: 1.000 Loss: 0.000
Episode: 263 step: 1251 training_step: 166776 Reward: 2.000 Loss: 0.000
Episode: 264 step: 1373 training_step: 168149 Reward: 3.000 Loss: 0.000
Episode: 265 step: 701 training_step: 168850 Reward: 0.000 Loss: 0.000
Episode: 266 step: 661 training_step: 169511 Reward: 0.000 Loss: 0.000
Episode: 267 step: 1003 training_step: 170514 Reward: 2.000 Loss: 0.000
Episode: 268 step: 661 training_step: 171175 Reward: 0.000 Loss: 0.000
Episode: 269 step: 1060 training_step: 172235 Reward: 1.000 Loss: 0.000
Episode: 270 step: 905 training_step: 173140 Reward: 1.000 Loss: 0.000
Episode: 271 step: 1012 training_step: 174152 Reward: 2.000 Loss: 0.000
Episode: 272 step: 813 training_step: 174965 Reward: 1.000 Loss: 0.000
Episode: 273 step: 689 training_step: 175654 Reward: 0.000 Loss: 0.000
Episode: 274 step: 857 training_step: 176511 Reward: 1.000 Loss: 0.000
Episode: 275 step: 963 training_step: 177474 Reward: 2.000 Loss: 0.000
Episode: 276 step: 876 training_step: 178350 Reward: 1.000 Loss: 0.000
Episode: 277 step: 874 training_step: 179224 Reward: 0.000 Loss: 0.000
Episode: 278 step: 964 training_step: 180188 Reward: 2.000 Loss: 0.000
Episode: 279 step: 1024 training_step: 181212 Reward: 2.000 Loss: 0.000
Episode: 280 step: 809 training_step: 182021 Reward: 2.000 Loss: 0.000
Episode: 281 step: 1115 training_step: 183136 Reward: 3.000 Loss: 0.000
Episode: 282 step: 965 training_step: 184101 Reward: 1.000 Loss: 0.000
Episode: 283 step: 637 training_step: 184738 Reward: 0.000 Loss: 0.000
Episode: 284 step: 656 training_step: 185394 Reward: 0.000 Loss: 0.000
Episode: 285 step: 777 training_step: 186171 Reward: 1.000 Loss: 0.000
Episode: 286 step: 650 training_step: 186821 Reward: 0.000 Loss: 0.000
Episode: 287 step: 764 training_step: 187585 Reward: 0.000 Loss: 0.000
Episode: 288 step: 1179 training_step: 188764 Reward: 1.000 Loss: 0.000
Episode: 289 step: 868 training_step: 189632 Reward: 2.000 Loss: 0.000
Episode: 290 step: 856 training_step: 190488 Reward: 0.000 Loss: 0.000
Episode: 291 step: 1205 training_step: 191693 Reward: 7.000 Loss: 0.000
Episode: 292 step: 785 training_step: 192478 Reward: 1.000 Loss: 0.000
Episode: 293 step: 876 training_step: 193354 Reward: 1.000 Loss: 0.000
Episode: 294 step: 978 training_step: 194332 Reward: 2.000 Loss: 0.000
Episode: 295 step: 859 training_step: 195191 Reward: 2.000 Loss: 0.000
Episode: 296 step: 896 training_step: 196087 Reward: 2.000 Loss: 0.000
Episode: 297 step: 812 training_step: 196899 Reward: 2.000 Loss: 0.000
Episode: 298 step: 1139 training_step: 198038 Reward: 2.000 Loss: 0.000
Episode: 299 step: 933 training_step: 198971 Reward: 2.000 Loss: 0.000
Episode: 300 step: 897 training_step: 199868 Reward: 0.000 Loss: 0.000
Episode: 301 step: 842 training_step: 200710 Reward: 1.000 Loss: 0.000
Episode: 302 step: 800 training_step: 201510 Reward: 1.000 Loss: 0.000
Episode: 303 step: 921 training_step: 202431 Reward: 1.000 Loss: 0.000
Episode: 304 step: 706 training_step: 203137 Reward: 0.000 Loss: 0.000
Episode: 305 step: 715 training_step: 203852 Reward: 0.000 Loss: 0.000
Episode: 306 step: 1005 training_step: 204857 Reward: 3.000 Loss: 0.000
Episode: 307 step: 690 training_step: 205547 Reward: 0.000 Loss: 0.000
Episode: 308 step: 910 training_step: 206457 Reward: 0.000 Loss: 0.000
Episode: 309 step: 1061 training_step: 207518 Reward: 3.000 Loss: 0.000
Episode: 310 step: 928 training_step: 208446 Reward: 2.000 Loss: 0.000
Episode: 311 step: 896 training_step: 209342 Reward: 0.000 Loss: 0.000
Episode: 312 step: 827 training_step: 210169 Reward: 2.000 Loss: 0.000
Episode: 313 step: 940 training_step: 211109 Reward: 0.000 Loss: 0.000
Episode: 314 step: 742 training_step: 211851 Reward: 1.000 Loss: 0.000
Episode: 315 step: 775 training_step: 212626 Reward: 1.000 Loss: 0.000
Episode: 316 step: 1151 training_step: 213777 Reward: 2.000 Loss: 0.000
Episode: 317 step: 712 training_step: 214489 Reward: 0.000 Loss: 0.000
Episode: 318 step: 708 training_step: 215197 Reward: 0.000 Loss: 0.000
Episode: 319 step: 1218 training_step: 216415 Reward: 2.000 Loss: 0.000
Episode: 320 step: 721 training_step: 217136 Reward: 1.000 Loss: 0.000
Episode: 321 step: 1045 training_step: 218181 Reward: 2.000 Loss: 0.000
Episode: 322 step: 579 training_step: 218760 Reward: 0.000 Loss: 0.000
Episode: 323 step: 834 training_step: 219594 Reward: 1.000 Loss: 0.000
Episode: 324 step: 783 training_step: 220377 Reward: 1.000 Loss: 0.000
Episode: 325 step: 923 training_step: 221300 Reward: 2.000 Loss: 0.000
Episode: 326 step: 950 training_step: 222250 Reward: 1.000 Loss: 0.000
Episode: 327 step: 983 training_step: 223233 Reward: 2.000 Loss: 0.000
Episode: 328 step: 891 training_step: 224124 Reward: 2.000 Loss: 0.000
Episode: 329 step: 632 training_step: 224756 Reward: 0.000 Loss: 0.000
Episode: 330 step: 778 training_step: 225534 Reward: 0.000 Loss: 0.000
Episode: 331 step: 729 training_step: 226263 Reward: 1.000 Loss: 0.000
Episode: 332 step: 1317 training_step: 227580 Reward: 2.000 Loss: 0.000
Episode: 333 step: 940 training_step: 228520 Reward: 2.000 Loss: 0.000
Episode: 334 step: 1294 training_step: 229814 Reward: 7.000 Loss: 0.000
Episode: 335 step: 1067 training_step: 230881 Reward: 2.000 Loss: 0.000
Episode: 336 step: 731 training_step: 231612 Reward: 0.000 Loss: 0.000
Episode: 337 step: 891 training_step: 232503 Reward: 1.000 Loss: 0.000
Episode: 338 step: 1481 training_step: 233984 Reward: 3.000 Loss: 0.000
Episode: 339 step: 605 training_step: 234589 Reward: 0.000 Loss: 0.000
Episode: 340 step: 905 training_step: 235494 Reward: 1.000 Loss: 0.000
Episode: 341 step: 877 training_step: 236371 Reward: 1.000 Loss: 0.000
Episode: 342 step: 1123 training_step: 237494 Reward: 2.000 Loss: 0.000
Episode: 343 step: 744 training_step: 238238 Reward: 1.000 Loss: 0.000
Episode: 344 step: 882 training_step: 239120 Reward: 0.000 Loss: 0.000
Episode: 345 step: 1054 training_step: 240174 Reward: 1.000 Loss: 0.031
Episode: 346 step: 726 training_step: 240900 Reward: 1.000 Loss: 0.000
Episode: 347 step: 1068 training_step: 241968 Reward: 3.000 Loss: 0.000
Episode: 348 step: 769 training_step: 242737 Reward: 1.000 Loss: 0.000
Episode: 349 step: 668 training_step: 243405 Reward: 0.000 Loss: 0.000
Episode: 350 step: 869 training_step: 244274 Reward: 0.000 Loss: 0.000
Episode: 351 step: 763 training_step: 245037 Reward: 1.000 Loss: 0.000
Episode: 352 step: 910 training_step: 245947 Reward: 1.000 Loss: 0.000
Episode: 353 step: 968 training_step: 246915 Reward: 2.000 Loss: 0.000
Episode: 354 step: 891 training_step: 247806 Reward: 1.000 Loss: 0.000
Episode: 355 step: 735 training_step: 248541 Reward: 1.000 Loss: 0.000
Episode: 356 step: 1000 training_step: 249541 Reward: 2.000 Loss: 0.000
Episode: 357 step: 1119 training_step: 250660 Reward: 2.000 Loss: 0.000
Episode: 358 step: 692 training_step: 251352 Reward: 1.000 Loss: 0.000
Episode: 359 step: 802 training_step: 252154 Reward: 0.000 Loss: 0.000
Episode: 360 step: 692 training_step: 252846 Reward: 0.000 Loss: 0.000
Episode: 361 step: 841 training_step: 253687 Reward: 0.000 Loss: 0.000
Episode: 362 step: 1108 training_step: 254795 Reward: 1.000 Loss: 0.000
Episode: 363 step: 1013 training_step: 255808 Reward: 2.000 Loss: 0.000
Episode: 364 step: 761 training_step: 256569 Reward: 1.000 Loss: 0.000
Episode: 365 step: 1034 training_step: 257603 Reward: 2.000 Loss: 0.000
Episode: 366 step: 943 training_step: 258546 Reward: 2.000 Loss: 0.000
Episode: 367 step: 1131 training_step: 259677 Reward: 2.000 Loss: 0.000
Episode: 368 step: 613 training_step: 260290 Reward: 0.000 Loss: 0.031
Episode: 369 step: 1044 training_step: 261334 Reward: 2.000 Loss: 0.000
Episode: 370 step: 1001 training_step: 262335 Reward: 1.000 Loss: 0.000
Episode: 371 step: 1044 training_step: 263379 Reward: 3.000 Loss: 0.000
Episode: 372 step: 896 training_step: 264275 Reward: 1.000 Loss: 0.000
Episode: 373 step: 909 training_step: 265184 Reward: 1.000 Loss: 0.000
Episode: 374 step: 1076 training_step: 266260 Reward: 2.000 Loss: 0.000
Episode: 375 step: 659 training_step: 266919 Reward: 0.000 Loss: 0.000
Episode: 376 step: 831 training_step: 267750 Reward: 1.000 Loss: 0.000
Episode: 377 step: 876 training_step: 268626 Reward: 2.000 Loss: 0.000
Episode: 378 step: 772 training_step: 269398 Reward: 0.000 Loss: 0.000
Episode: 379 step: 781 training_step: 270179 Reward: 2.000 Loss: 0.000
Episode: 380 step: 705 training_step: 270884 Reward: 0.000 Loss: 0.000
Episode: 381 step: 830 training_step: 271714 Reward: 1.000 Loss: 0.000
Episode: 382 step: 1094 training_step: 272808 Reward: 2.000 Loss: 0.000
Episode: 383 step: 664 training_step: 273472 Reward: 0.000 Loss: 0.000
Episode: 384 step: 831 training_step: 274303 Reward: 1.000 Loss: 0.000
Episode: 385 step: 787 training_step: 275090 Reward: 0.000 Loss: 0.000
Episode: 386 step: 643 training_step: 275733 Reward: 0.000 Loss: 0.000
Episode: 387 step: 949 training_step: 276682 Reward: 1.000 Loss: 0.000
Episode: 388 step: 885 training_step: 277567 Reward: 1.000 Loss: 0.000
Episode: 389 step: 1055 training_step: 278622 Reward: 1.000 Loss: 0.000
Episode: 390 step: 578 training_step: 279200 Reward: 0.000 Loss: 0.000
Episode: 391 step: 820 training_step: 280020 Reward: 2.000 Loss: 0.000
Episode: 392 step: 810 training_step: 280830 Reward: 1.000 Loss: 0.000
Episode: 393 step: 1207 training_step: 282037 Reward: 2.000 Loss: 0.000
Episode: 394 step: 825 training_step: 282862 Reward: 0.000 Loss: 0.000
Episode: 395 step: 887 training_step: 283749 Reward: 2.000 Loss: 0.000
Episode: 396 step: 788 training_step: 284537 Reward: 1.000 Loss: 0.000
Episode: 397 step: 1436 training_step: 285973 Reward: 7.000 Loss: 0.000
Episode: 398 step: 1002 training_step: 286975 Reward: 2.000 Loss: 0.031
Episode: 399 step: 719 training_step: 287694 Reward: 1.000 Loss: 0.000
Episode: 400 step: 1156 training_step: 288850 Reward: 7.000 Loss: 0.000
Episode: 401 step: 1217 training_step: 290067 Reward: 2.000 Loss: 0.000
Episode: 402 step: 886 training_step: 290953 Reward: 1.000 Loss: 0.000
Episode: 403 step: 635 training_step: 291588 Reward: 0.000 Loss: 0.000
Episode: 404 step: 955 training_step: 292543 Reward: 2.000 Loss: 0.000
Episode: 405 step: 752 training_step: 293295 Reward: 1.000 Loss: 0.000
Episode: 406 step: 740 training_step: 294035 Reward: 0.000 Loss: 0.000
Episode: 407 step: 836 training_step: 294871 Reward: 0.000 Loss: 0.000
Episode: 408 step: 640 training_step: 295511 Reward: 1.000 Loss: 0.000
Episode: 409 step: 602 training_step: 296113 Reward: 0.000 Loss: 0.000
Episode: 410 step: 925 training_step: 297038 Reward: 1.000 Loss: 0.000
Episode: 411 step: 1120 training_step: 298158 Reward: 3.000 Loss: 0.000
Episode: 412 step: 971 training_step: 299129 Reward: 2.000 Loss: 0.000
Episode: 413 step: 687 training_step: 299816 Reward: 1.000 Loss: 0.000
Episode: 414 step: 681 training_step: 300497 Reward: 0.000 Loss: 0.000
Episode: 415 step: 764 training_step: 301261 Reward: 0.000 Loss: 0.000
Episode: 416 step: 653 training_step: 301914 Reward: 0.000 Loss: 0.000
Episode: 417 step: 823 training_step: 302737 Reward: 0.000 Loss: 0.000
Episode: 418 step: 1062 training_step: 303799 Reward: 3.000 Loss: 0.000
Episode: 419 step: 852 training_step: 304651 Reward: 1.000 Loss: 0.000
Episode: 420 step: 1038 training_step: 305689 Reward: 3.000 Loss: 0.000
Episode: 421 step: 724 training_step: 306413 Reward: 0.000 Loss: 0.000
Episode: 422 step: 1185 training_step: 307598 Reward: 3.000 Loss: 0.000
Episode: 423 step: 733 training_step: 308331 Reward: 0.000 Loss: 0.000
Episode: 424 step: 1070 training_step: 309401 Reward: 2.000 Loss: 0.000
Episode: 425 step: 691 training_step: 310092 Reward: 0.000 Loss: 0.000
Episode: 426 step: 949 training_step: 311041 Reward: 2.000 Loss: 0.000
Episode: 427 step: 1038 training_step: 312079 Reward: 1.000 Loss: 0.000
Episode: 428 step: 777 training_step: 312856 Reward: 0.000 Loss: 0.000
Episode: 429 step: 887 training_step: 313743 Reward: 1.000 Loss: 0.000
Episode: 430 step: 1084 training_step: 314827 Reward: 2.000 Loss: 0.000
Episode: 431 step: 805 training_step: 315632 Reward: 1.000 Loss: 0.031
Episode: 432 step: 1298 training_step: 316930 Reward: 2.000 Loss: 0.000
Episode: 433 step: 1110 training_step: 318040 Reward: 1.000 Loss: 0.000
Episode: 434 step: 767 training_step: 318807 Reward: 1.000 Loss: 0.000
Episode: 435 step: 823 training_step: 319630 Reward: 0.000 Loss: 0.000
Episode: 436 step: 683 training_step: 320313 Reward: 0.000 Loss: 0.000
Episode: 437 step: 1220 training_step: 321533 Reward: 2.000 Loss: 0.000
Episode: 438 step: 810 training_step: 322343 Reward: 0.000 Loss: 0.000
Episode: 439 step: 961 training_step: 323304 Reward: 2.000 Loss: 0.000
Episode: 440 step: 705 training_step: 324009 Reward: 0.000 Loss: 0.000
Episode: 441 step: 907 training_step: 324916 Reward: 0.000 Loss: 0.000
Episode: 442 step: 1034 training_step: 325950 Reward: 2.000 Loss: 0.000
Episode: 443 step: 617 training_step: 326567 Reward: 0.000 Loss: 0.000
Episode: 444 step: 679 training_step: 327246 Reward: 0.000 Loss: 0.000
Episode: 445 step: 746 training_step: 327992 Reward: 1.000 Loss: 0.000
Episode: 446 step: 884 training_step: 328876 Reward: 1.000 Loss: 0.000
Episode: 447 step: 786 training_step: 329662 Reward: 0.000 Loss: 0.000
Episode: 448 step: 638 training_step: 330300 Reward: 1.000 Loss: 0.000
Episode: 449 step: 685 training_step: 330985 Reward: 0.000 Loss: 0.031
Episode: 450 step: 904 training_step: 331889 Reward: 1.000 Loss: 0.000
Episode: 451 step: 804 training_step: 332693 Reward: 1.000 Loss: 0.000
Episode: 452 step: 830 training_step: 333523 Reward: 0.000 Loss: 0.000
Episode: 453 step: 1014 training_step: 334537 Reward: 2.000 Loss: 0.000
Episode: 454 step: 887 training_step: 335424 Reward: 2.000 Loss: 0.000
Episode: 455 step: 1003 training_step: 336427 Reward: 2.000 Loss: 0.000
Episode: 456 step: 968 training_step: 337395 Reward: 1.000 Loss: 0.000
Episode: 457 step: 902 training_step: 338297 Reward: 1.000 Loss: 0.000
Episode: 458 step: 806 training_step: 339103 Reward: 2.000 Loss: 0.000
Episode: 459 step: 1124 training_step: 340227 Reward: 2.000 Loss: 0.000
Episode: 460 step: 913 training_step: 341140 Reward: 1.000 Loss: 0.031
Episode: 461 step: 720 training_step: 341860 Reward: 0.000 Loss: 0.000
Episode: 462 step: 717 training_step: 342577 Reward: 0.000 Loss: 0.000
Episode: 463 step: 897 training_step: 343474 Reward: 1.000 Loss: 0.000
Episode: 464 step: 806 training_step: 344280 Reward: 1.000 Loss: 0.000
Episode: 465 step: 1070 training_step: 345350 Reward: 2.000 Loss: 0.000
Episode: 466 step: 986 training_step: 346336 Reward: 1.000 Loss: 0.000
Episode: 467 step: 951 training_step: 347287 Reward: 3.000 Loss: 0.000
Episode: 468 step: 829 training_step: 348116 Reward: 1.000 Loss: 0.000
Episode: 469 step: 760 training_step: 348876 Reward: 1.000 Loss: 0.000
Episode: 470 step: 934 training_step: 349810 Reward: 1.000 Loss: 0.000
Episode: 471 step: 929 training_step: 350739 Reward: 0.000 Loss: 0.000
Episode: 472 step: 817 training_step: 351556 Reward: 0.000 Loss: 0.000
Episode: 473 step: 901 training_step: 352457 Reward: 0.000 Loss: 0.000
Episode: 474 step: 853 training_step: 353310 Reward: 1.000 Loss: 0.000
Episode: 475 step: 679 training_step: 353989 Reward: 0.000 Loss: 0.000
Episode: 476 step: 822 training_step: 354811 Reward: 1.000 Loss: 0.000
Episode: 477 step: 867 training_step: 355678 Reward: 1.000 Loss: 0.000
Episode: 478 step: 626 training_step: 356304 Reward: 0.000 Loss: 0.000
Episode: 479 step: 643 training_step: 356947 Reward: 0.000 Loss: 0.000
Episode: 480 step: 593 training_step: 357540 Reward: 0.000 Loss: 0.000
Episode: 481 step: 1252 training_step: 358792 Reward: 7.000 Loss: 0.031
Episode: 482 step: 1151 training_step: 359943 Reward: 2.000 Loss: 0.000
Episode: 483 step: 1023 training_step: 360966 Reward: 2.000 Loss: 0.000
Episode: 484 step: 757 training_step: 361723 Reward: 1.000 Loss: 0.000
Episode: 485 step: 866 training_step: 362589 Reward: 2.000 Loss: 0.000
Episode: 486 step: 897 training_step: 363486 Reward: 2.000 Loss: 0.000
Episode: 487 step: 794 training_step: 364280 Reward: 0.000 Loss: 0.000
Episode: 488 step: 847 training_step: 365127 Reward: 1.000 Loss: 0.000
Episode: 489 step: 697 training_step: 365824 Reward: 1.000 Loss: 0.000
Episode: 490 step: 1000 training_step: 366824 Reward: 2.000 Loss: 0.000
Episode: 491 step: 879 training_step: 367703 Reward: 1.000 Loss: 0.000
Episode: 492 step: 888 training_step: 368591 Reward: 1.000 Loss: 0.000
Episode: 493 step: 770 training_step: 369361 Reward: 1.000 Loss: 0.000
Episode: 494 step: 801 training_step: 370162 Reward: 1.000 Loss: 0.000
Episode: 495 step: 686 training_step: 370848 Reward: 1.000 Loss: 0.000
Episode: 496 step: 1000 training_step: 371848 Reward: 1.000 Loss: 0.000
Episode: 497 step: 846 training_step: 372694 Reward: 1.000 Loss: 0.000
Episode: 498 step: 756 training_step: 373450 Reward: 1.000 Loss: 0.000
Episode: 499 step: 672 training_step: 374122 Reward: 1.000 Loss: 0.000
Episode: 500 step: 914 training_step: 375036 Reward: 1.000 Loss: 0.000
Episode: 501 step: 1135 training_step: 376171 Reward: 2.000 Loss: 0.000
Episode: 502 step: 999 training_step: 377170 Reward: 1.000 Loss: 0.000
Episode: 503 step: 796 training_step: 377966 Reward: 2.000 Loss: 0.000
Episode: 504 step: 1017 training_step: 378983 Reward: 2.000 Loss: 0.000
Episode: 505 step: 755 training_step: 379738 Reward: 1.000 Loss: 0.000
Episode: 506 step: 881 training_step: 380619 Reward: 1.000 Loss: 0.000
Episode: 507 step: 871 training_step: 381490 Reward: 1.000 Loss: 0.000
Episode: 508 step: 741 training_step: 382231 Reward: 1.000 Loss: 0.000
Episode: 509 step: 778 training_step: 383009 Reward: 0.000 Loss: 0.000
Episode: 510 step: 645 training_step: 383654 Reward: 0.000 Loss: 0.000
Episode: 511 step: 1078 training_step: 384732 Reward: 2.000 Loss: 0.000
Episode: 512 step: 770 training_step: 385502 Reward: 1.000 Loss: 0.000
Episode: 513 step: 1132 training_step: 386634 Reward: 3.000 Loss: 0.000
Episode: 514 step: 960 training_step: 387594 Reward: 2.000 Loss: 0.000
Episode: 515 step: 630 training_step: 388224 Reward: 0.000 Loss: 0.000
Episode: 516 step: 1040 training_step: 389264 Reward: 1.000 Loss: 0.000
Episode: 517 step: 1162 training_step: 390426 Reward: 2.000 Loss: 0.000
Episode: 518 step: 822 training_step: 391248 Reward: 0.000 Loss: 0.000
Episode: 519 step: 1087 training_step: 392335 Reward: 2.000 Loss: 0.000
Episode: 520 step: 985 training_step: 393320 Reward: 2.000 Loss: 0.000
Episode: 521 step: 1317 training_step: 394637 Reward: 2.000 Loss: 0.000
Episode: 522 step: 1011 training_step: 395648 Reward: 2.000 Loss: 0.000
Episode: 523 step: 1125 training_step: 396773 Reward: 3.000 Loss: 0.000
Episode: 524 step: 1126 training_step: 397899 Reward: 2.000 Loss: 0.000
Episode: 525 step: 731 training_step: 398630 Reward: 1.000 Loss: 0.000
Episode: 526 step: 850 training_step: 399480 Reward: 2.000 Loss: 0.000
Episode: 527 step: 745 training_step: 400225 Reward: 1.000 Loss: 0.000
Episode: 528 step: 665 training_step: 400890 Reward: 0.000 Loss: 0.000
Episode: 529 step: 906 training_step: 401796 Reward: 2.000 Loss: 0.000
Episode: 530 step: 911 training_step: 402707 Reward: 2.000 Loss: 0.000
Episode: 531 step: 784 training_step: 403491 Reward: 0.000 Loss: 0.000
Episode: 532 step: 738 training_step: 404229 Reward: 1.000 Loss: 0.000
Episode: 533 step: 1077 training_step: 405306 Reward: 2.000 Loss: 0.000
Episode: 534 step: 731 training_step: 406037 Reward: 0.000 Loss: 0.000
Episode: 535 step: 1128 training_step: 407165 Reward: 3.000 Loss: 0.000
Episode: 536 step: 803 training_step: 407968 Reward: 2.000 Loss: 0.000
Episode: 537 step: 967 training_step: 408935 Reward: 2.000 Loss: 0.000
Episode: 538 step: 623 training_step: 409558 Reward: 0.000 Loss: 0.000
Episode: 539 step: 710 training_step: 410268 Reward: 0.000 Loss: 0.031
Episode: 540 step: 1153 training_step: 411421 Reward: 1.000 Loss: 0.000
Episode: 541 step: 940 training_step: 412361 Reward: 1.000 Loss: 0.000
Episode: 542 step: 706 training_step: 413067 Reward: 0.000 Loss: 0.000
Episode: 543 step: 933 training_step: 414000 Reward: 1.000 Loss: 0.000
Episode: 544 step: 954 training_step: 414954 Reward: 2.000 Loss: 0.000
Episode: 545 step: 1097 training_step: 416051 Reward: 2.000 Loss: 0.000
Episode: 546 step: 856 training_step: 416907 Reward: 0.000 Loss: 0.000
Episode: 547 step: 766 training_step: 417673 Reward: 1.000 Loss: 0.000
Episode: 548 step: 1072 training_step: 418745 Reward: 3.000 Loss: 0.000
Episode: 549 step: 662 training_step: 419407 Reward: 0.000 Loss: 0.000
Episode: 550 step: 937 training_step: 420344 Reward: 2.000 Loss: 0.000
Episode: 551 step: 656 training_step: 421000 Reward: 1.000 Loss: 0.000
Episode: 552 step: 916 training_step: 421916 Reward: 1.000 Loss: 0.000
Episode: 553 step: 857 training_step: 422773 Reward: 0.000 Loss: 0.000
Episode: 554 step: 1166 training_step: 423939 Reward: 2.000 Loss: 0.000
Episode: 555 step: 1023 training_step: 424962 Reward: 0.000 Loss: 0.000
Episode: 556 step: 840 training_step: 425802 Reward: 1.000 Loss: 0.000
Episode: 557 step: 715 training_step: 426517 Reward: 0.000 Loss: 0.000
Episode: 558 step: 824 training_step: 427341 Reward: 1.000 Loss: 0.000
Episode: 559 step: 1231 training_step: 428572 Reward: 2.000 Loss: 0.000
Episode: 560 step: 626 training_step: 429198 Reward: 0.000 Loss: 0.000
Episode: 561 step: 689 training_step: 429887 Reward: 0.000 Loss: 0.031
Episode: 562 step: 871 training_step: 430758 Reward: 2.000 Loss: 0.000
Episode: 563 step: 922 training_step: 431680 Reward: 1.000 Loss: 0.000
Episode: 564 step: 1056 training_step: 432736 Reward: 3.000 Loss: 0.000
Episode: 565 step: 787 training_step: 433523 Reward: 0.000 Loss: 0.000
Episode: 566 step: 886 training_step: 434409 Reward: 2.000 Loss: 0.000
Episode: 567 step: 726 training_step: 435135 Reward: 0.000 Loss: 0.000
Episode: 568 step: 585 training_step: 435720 Reward: 0.000 Loss: 0.000
Episode: 569 step: 625 training_step: 436345 Reward: 0.000 Loss: 0.000
Episode: 570 step: 939 training_step: 437284 Reward: 2.000 Loss: 0.000
Episode: 571 step: 799 training_step: 438083 Reward: 0.000 Loss: 0.000
Episode: 572 step: 995 training_step: 439078 Reward: 1.000 Loss: 0.000
Episode: 573 step: 634 training_step: 439712 Reward: 0.000 Loss: 0.000
Episode: 574 step: 1190 training_step: 440902 Reward: 1.000 Loss: 0.000
Episode: 575 step: 897 training_step: 441799 Reward: 2.000 Loss: 0.000
Episode: 576 step: 1023 training_step: 442822 Reward: 0.000 Loss: 0.000
Episode: 577 step: 1090 training_step: 443912 Reward: 2.000 Loss: 0.000
Episode: 578 step: 1026 training_step: 444938 Reward: 1.000 Loss: 0.000
Episode: 579 step: 896 training_step: 445834 Reward: 2.000 Loss: 0.000
Episode: 580 step: 799 training_step: 446633 Reward: 1.000 Loss: 0.000
Episode: 581 step: 902 training_step: 447535 Reward: 1.000 Loss: 0.000
Episode: 582 step: 894 training_step: 448429 Reward: 1.000 Loss: 0.000
Episode: 583 step: 1580 training_step: 450009 Reward: 3.000 Loss: 0.000
Episode: 584 step: 790 training_step: 450799 Reward: 0.000 Loss: 0.000
Episode: 585 step: 1044 training_step: 451843 Reward: 2.000 Loss: 0.000
Episode: 586 step: 1000 training_step: 452843 Reward: 2.000 Loss: 0.000
Episode: 587 step: 742 training_step: 453585 Reward: 1.000 Loss: 0.000
Episode: 588 step: 874 training_step: 454459 Reward: 1.000 Loss: 0.000
Episode: 589 step: 714 training_step: 455173 Reward: 1.000 Loss: 0.000
Episode: 590 step: 933 training_step: 456106 Reward: 1.000 Loss: 0.000
Episode: 591 step: 715 training_step: 456821 Reward: 1.000 Loss: 0.000
Episode: 592 step: 878 training_step: 457699 Reward: 2.000 Loss: 0.000
Episode: 593 step: 725 training_step: 458424 Reward: 1.000 Loss: 0.000
Episode: 594 step: 1087 training_step: 459511 Reward: 2.000 Loss: 0.000
Episode: 595 step: 959 training_step: 460470 Reward: 2.000 Loss: 0.000
Episode: 596 step: 722 training_step: 461192 Reward: 0.000 Loss: 0.000
Episode: 597 step: 965 training_step: 462157 Reward: 2.000 Loss: 0.000
Episode: 598 step: 727 training_step: 462884 Reward: 0.000 Loss: 0.000
Episode: 599 step: 626 training_step: 463510 Reward: 0.000 Loss: 0.000
Episode: 600 step: 788 training_step: 464298 Reward: 0.000 Loss: 0.000
Episode: 601 step: 861 training_step: 465159 Reward: 1.000 Loss: 0.000
Episode: 602 step: 698 training_step: 465857 Reward: 1.000 Loss: 0.000
Episode: 603 step: 869 training_step: 466726 Reward: 1.000 Loss: 0.031
Episode: 604 step: 1027 training_step: 467753 Reward: 1.000 Loss: 0.000
Episode: 605 step: 858 training_step: 468611 Reward: 2.000 Loss: 0.000
Episode: 606 step: 1019 training_step: 469630 Reward: 1.000 Loss: 0.031
Episode: 607 step: 1242 training_step: 470872 Reward: 3.000 Loss: 0.000
Episode: 608 step: 955 training_step: 471827 Reward: 2.000 Loss: 0.000
Episode: 609 step: 933 training_step: 472760 Reward: 0.000 Loss: 0.000
Episode: 610 step: 900 training_step: 473660 Reward: 2.000 Loss: 0.000
Episode: 611 step: 1008 training_step: 474668 Reward: 2.000 Loss: 0.000
Episode: 612 step: 887 training_step: 475555 Reward: 2.000 Loss: 0.000
Episode: 613 step: 1154 training_step: 476709 Reward: 3.000 Loss: 0.000
Episode: 614 step: 659 training_step: 477368 Reward: 0.000 Loss: 0.000
Episode: 615 step: 1198 training_step: 478566 Reward: 2.000 Loss: 0.000
Episode: 616 step: 1002 training_step: 479568 Reward: 2.000 Loss: 0.000
Episode: 617 step: 651 training_step: 480219 Reward: 0.000 Loss: 0.000
Episode: 618 step: 1135 training_step: 481354 Reward: 2.000 Loss: 0.031
Episode: 619 step: 879 training_step: 482233 Reward: 1.000 Loss: 0.000
Episode: 620 step: 1081 training_step: 483314 Reward: 1.000 Loss: 0.000
Episode: 621 step: 712 training_step: 484026 Reward: 1.000 Loss: 0.000
Episode: 622 step: 1142 training_step: 485168 Reward: 3.000 Loss: 0.000
Episode: 623 step: 779 training_step: 485947 Reward: 1.000 Loss: 0.000
Episode: 624 step: 976 training_step: 486923 Reward: 2.000 Loss: 0.000
Episode: 625 step: 893 training_step: 487816 Reward: 1.000 Loss: 0.000
Episode: 626 step: 880 training_step: 488696 Reward: 1.000 Loss: 0.000
Episode: 627 step: 816 training_step: 489512 Reward: 2.000 Loss: 0.000
Episode: 628 step: 992 training_step: 490504 Reward: 1.000 Loss: 0.000
Episode: 629 step: 870 training_step: 491374 Reward: 2.000 Loss: 0.000
Episode: 630 step: 1074 training_step: 492448 Reward: 2.000 Loss: 0.000
Episode: 631 step: 1012 training_step: 493460 Reward: 1.000 Loss: 0.000
Episode: 632 step: 1091 training_step: 494551 Reward: 3.000 Loss: 0.000
Episode: 633 step: 1010 training_step: 495561 Reward: 0.000 Loss: 0.000
Episode: 634 step: 683 training_step: 496244 Reward: 0.000 Loss: 0.000
Episode: 635 step: 704 training_step: 496948 Reward: 0.000 Loss: 0.000
Episode: 636 step: 854 training_step: 497802 Reward: 1.000 Loss: 0.000
Episode: 637 step: 933 training_step: 498735 Reward: 0.000 Loss: 0.000
Episode: 638 step: 1035 training_step: 499770 Reward: 3.000 Loss: 0.000
Episode: 639 step: 996 training_step: 500766 Reward: 2.000 Loss: 0.000
Episode: 640 step: 892 training_step: 501658 Reward: 1.000 Loss: 0.000
Episode: 641 step: 1037 training_step: 502695 Reward: 2.000 Loss: 0.000
Episode: 642 step: 820 training_step: 503515 Reward: 1.000 Loss: 0.000
Episode: 643 step: 724 training_step: 504239 Reward: 0.000 Loss: 0.000
Episode: 644 step: 1011 training_step: 505250 Reward: 2.000 Loss: 0.000
Episode: 645 step: 1110 training_step: 506360 Reward: 2.000 Loss: 0.000
Episode: 646 step: 970 training_step: 507330 Reward: 1.000 Loss: 0.000
Episode: 647 step: 699 training_step: 508029 Reward: 0.000 Loss: 0.031
Episode: 648 step: 840 training_step: 508869 Reward: 2.000 Loss: 0.000
Episode: 649 step: 1128 training_step: 509997 Reward: 2.000 Loss: 0.000
Episode: 650 step: 918 training_step: 510915 Reward: 1.000 Loss: 0.000
Episode: 651 step: 1014 training_step: 511929 Reward: 2.000 Loss: 0.000
Episode: 652 step: 1026 training_step: 512955 Reward: 1.000 Loss: 0.000
Episode: 653 step: 792 training_step: 513747 Reward: 0.000 Loss: 0.000
Episode: 654 step: 963 training_step: 514710 Reward: 0.000 Loss: 0.000
Episode: 655 step: 1084 training_step: 515794 Reward: 2.000 Loss: 0.000
Episode: 656 step: 797 training_step: 516591 Reward: 0.000 Loss: 0.000
Episode: 657 step: 1138 training_step: 517729 Reward: 2.000 Loss: 0.000
Episode: 658 step: 723 training_step: 518452 Reward: 0.000 Loss: 0.000
Episode: 659 step: 725 training_step: 519177 Reward: 1.000 Loss: 0.000
Episode: 660 step: 1388 training_step: 520565 Reward: 2.000 Loss: 0.000
Episode: 661 step: 1009 training_step: 521574 Reward: 2.000 Loss: 0.000
Episode: 662 step: 1111 training_step: 522685 Reward: 3.000 Loss: 0.000
Episode: 663 step: 830 training_step: 523515 Reward: 1.000 Loss: 0.000
Episode: 664 step: 825 training_step: 524340 Reward: 1.000 Loss: 0.000
Episode: 665 step: 919 training_step: 525259 Reward: 2.000 Loss: 0.000
Episode: 666 step: 1086 training_step: 526345 Reward: 0.000 Loss: 0.000
Episode: 667 step: 724 training_step: 527069 Reward: 1.000 Loss: 0.000
Episode: 668 step: 936 training_step: 528005 Reward: 2.000 Loss: 0.000
Episode: 669 step: 1139 training_step: 529144 Reward: 2.000 Loss: 0.000
Episode: 670 step: 863 training_step: 530007 Reward: 1.000 Loss: 0.000
Episode: 671 step: 709 training_step: 530716 Reward: 1.000 Loss: 0.000
Episode: 672 step: 902 training_step: 531618 Reward: 1.000 Loss: 0.000
Episode: 673 step: 832 training_step: 532450 Reward: 0.000 Loss: 0.000
Episode: 674 step: 702 training_step: 533152 Reward: 1.000 Loss: 0.000
Episode: 675 step: 1117 training_step: 534269 Reward: 2.000 Loss: 0.000
Episode: 676 step: 684 training_step: 534953 Reward: 0.000 Loss: 0.000
Episode: 677 step: 841 training_step: 535794 Reward: 1.000 Loss: 0.000
Episode: 678 step: 922 training_step: 536716 Reward: 2.000 Loss: 0.000
Episode: 679 step: 964 training_step: 537680 Reward: 1.000 Loss: 0.000
Episode: 680 step: 866 training_step: 538546 Reward: 1.000 Loss: 0.000
Episode: 681 step: 863 training_step: 539409 Reward: 1.000 Loss: 0.000
Episode: 682 step: 980 training_step: 540389 Reward: 2.000 Loss: 0.031
Episode: 683 step: 940 training_step: 541329 Reward: 2.000 Loss: 0.000
Episode: 684 step: 929 training_step: 542258 Reward: 2.000 Loss: 0.000
Episode: 685 step: 903 training_step: 543161 Reward: 1.000 Loss: 0.000
Episode: 686 step: 1097 training_step: 544258 Reward: 3.000 Loss: 0.000
Episode: 687 step: 1334 training_step: 545592 Reward: 4.000 Loss: 0.000
Episode: 688 step: 1060 training_step: 546652 Reward: 2.000 Loss: 0.000
Episode: 689 step: 1133 training_step: 547785 Reward: 1.000 Loss: 0.000
Episode: 690 step: 738 training_step: 548523 Reward: 0.000 Loss: 0.000
Episode: 691 step: 1142 training_step: 549665 Reward: 2.000 Loss: 0.000
Episode: 692 step: 1061 training_step: 550726 Reward: 3.000 Loss: 0.000
Episode: 693 step: 605 training_step: 551331 Reward: 0.000 Loss: 0.000
Episode: 694 step: 1133 training_step: 552464 Reward: 2.000 Loss: 0.000
Episode: 695 step: 1173 training_step: 553637 Reward: 2.000 Loss: 0.000
Episode: 696 step: 1127 training_step: 554764 Reward: 1.000 Loss: 0.000
Episode: 697 step: 834 training_step: 555598 Reward: 1.000 Loss: 0.000
Episode: 698 step: 874 training_step: 556472 Reward: 0.000 Loss: 0.000
Episode: 699 step: 906 training_step: 557378 Reward: 1.000 Loss: 0.000
Episode: 700 step: 776 training_step: 558154 Reward: 0.000 Loss: 0.000
Episode: 701 step: 1051 training_step: 559205 Reward: 3.000 Loss: 0.000
Episode: 702 step: 895 training_step: 560100 Reward: 0.000 Loss: 0.000
