<class 'config.Config'>
[Sun Apr 17 12:45:37 2022]starts experiments setting 4_17_9_45
=> creating model ...
Episode: 71 step: 781 training_step: 660 Reward: 2.000 Loss: 0.000
Episode: 72 step: 930 training_step: 1590 Reward: 0.000 Loss: 0.000
Episode: 73 step: 459 training_step: 2049 Reward: 1.000 Loss: 0.031
Episode: 74 step: 740 training_step: 2789 Reward: 3.000 Loss: 0.000
Episode: 75 step: 560 training_step: 3349 Reward: 1.000 Loss: 0.000
Episode: 76 step: 412 training_step: 3761 Reward: 0.000 Loss: 0.000
Episode: 77 step: 387 training_step: 4148 Reward: 0.000 Loss: 0.000
Episode: 78 step: 702 training_step: 4850 Reward: 0.000 Loss: 0.000
Episode: 79 step: 884 training_step: 5734 Reward: 0.000 Loss: 0.000
Episode: 80 step: 518 training_step: 6252 Reward: 2.000 Loss: 0.000
Episode: 81 step: 557 training_step: 6809 Reward: 2.000 Loss: 0.000
Episode: 82 step: 347 training_step: 7156 Reward: 0.000 Loss: 0.000
Episode: 83 step: 323 training_step: 7479 Reward: 0.000 Loss: 0.000
Episode: 84 step: 411 training_step: 7890 Reward: 1.000 Loss: 0.000
Episode: 85 step: 526 training_step: 8416 Reward: 2.000 Loss: 0.000
Episode: 86 step: 474 training_step: 8890 Reward: 2.000 Loss: 0.000
Episode: 87 step: 553 training_step: 9443 Reward: 1.000 Loss: 0.000
Episode: 88 step: 644 training_step: 10087 Reward: 1.000 Loss: 0.000
Episode: 89 step: 695 training_step: 10782 Reward: 2.000 Loss: 0.031
Episode: 90 step: 500 training_step: 11282 Reward: 2.000 Loss: 0.000
Episode: 91 step: 609 training_step: 11891 Reward: 1.000 Loss: 0.000
Episode: 92 step: 738 training_step: 12629 Reward: 2.000 Loss: 0.000
Episode: 93 step: 502 training_step: 13131 Reward: 2.000 Loss: 0.000
Episode: 94 step: 544 training_step: 13675 Reward: 2.000 Loss: 0.000
Episode: 95 step: 578 training_step: 14253 Reward: 1.000 Loss: 0.000
Episode: 96 step: 495 training_step: 14748 Reward: 0.000 Loss: 0.000
Episode: 97 step: 330 training_step: 15078 Reward: 0.000 Loss: 0.000
Episode: 98 step: 761 training_step: 15839 Reward: 1.000 Loss: 0.000
Episode: 99 step: 708 training_step: 16547 Reward: 1.000 Loss: 0.000
Episode: 100 step: 801 training_step: 17348 Reward: 2.000 Loss: 0.000
Episode: 101 step: 500 training_step: 17848 Reward: 1.000 Loss: 0.000
Episode: 102 step: 606 training_step: 18454 Reward: 2.000 Loss: 0.000
Episode: 103 step: 391 training_step: 18845 Reward: 2.000 Loss: 0.031
Episode: 104 step: 407 training_step: 19252 Reward: 0.000 Loss: 0.000
Episode: 105 step: 613 training_step: 19865 Reward: 2.000 Loss: 0.000
Episode: 106 step: 722 training_step: 20587 Reward: 7.000 Loss: 0.000
Episode: 107 step: 657 training_step: 21244 Reward: 1.000 Loss: 0.000
Episode: 108 step: 625 training_step: 21869 Reward: 2.000 Loss: 0.031
Episode: 109 step: 444 training_step: 22313 Reward: 1.000 Loss: 0.000
Episode: 110 step: 496 training_step: 22809 Reward: 1.000 Loss: 0.000
Episode: 111 step: 590 training_step: 23399 Reward: 1.000 Loss: 0.000
Episode: 112 step: 1009 training_step: 24408 Reward: 2.000 Loss: 0.000
Episode: 113 step: 553 training_step: 24961 Reward: 2.000 Loss: 0.000
Episode: 114 step: 482 training_step: 25443 Reward: 0.000 Loss: 0.000
Episode: 115 step: 418 training_step: 25861 Reward: 1.000 Loss: 0.000
Episode: 116 step: 451 training_step: 26312 Reward: 0.000 Loss: 0.000
Episode: 117 step: 868 training_step: 27180 Reward: 2.000 Loss: 0.000
Episode: 118 step: 692 training_step: 27872 Reward: 2.000 Loss: 0.000
Episode: 119 step: 661 training_step: 28533 Reward: 2.000 Loss: 0.000
Episode: 120 step: 1033 training_step: 29566 Reward: 2.000 Loss: 0.031
Episode: 121 step: 452 training_step: 30018 Reward: 0.000 Loss: 0.000
Episode: 122 step: 428 training_step: 30446 Reward: 1.000 Loss: 0.000
Episode: 123 step: 627 training_step: 31073 Reward: 3.000 Loss: 0.000
Episode: 124 step: 960 training_step: 32033 Reward: 1.000 Loss: 0.000
Episode: 125 step: 443 training_step: 32476 Reward: 1.000 Loss: 0.000
Episode: 126 step: 482 training_step: 32958 Reward: 2.000 Loss: 0.000
Episode: 127 step: 461 training_step: 33419 Reward: 1.000 Loss: 0.000
Episode: 128 step: 540 training_step: 33959 Reward: 7.000 Loss: 0.000
Episode: 129 step: 363 training_step: 34322 Reward: 2.000 Loss: 0.000
Episode: 130 step: 630 training_step: 34952 Reward: 1.000 Loss: 0.000
Episode: 131 step: 372 training_step: 35324 Reward: 1.000 Loss: 0.000
Episode: 132 step: 486 training_step: 35810 Reward: 2.000 Loss: 0.000
Episode: 133 step: 424 training_step: 36234 Reward: 1.000 Loss: 0.000
Episode: 134 step: 986 training_step: 37220 Reward: 1.000 Loss: 0.000
Episode: 135 step: 854 training_step: 38074 Reward: 1.000 Loss: 0.000
Episode: 136 step: 448 training_step: 38522 Reward: 3.000 Loss: 0.000
Episode: 137 step: 345 training_step: 38867 Reward: 2.000 Loss: 0.000
Episode: 138 step: 428 training_step: 39295 Reward: 0.000 Loss: 0.000
Episode: 139 step: 721 training_step: 40016 Reward: 2.000 Loss: 0.000
Episode: 140 step: 821 training_step: 40837 Reward: 0.000 Loss: 0.000
Episode: 141 step: 609 training_step: 41446 Reward: 0.000 Loss: 0.000
Episode: 142 step: 814 training_step: 42260 Reward: 2.000 Loss: 0.000
Episode: 143 step: 482 training_step: 42742 Reward: 2.000 Loss: 0.000
Episode: 144 step: 555 training_step: 43297 Reward: 0.000 Loss: 0.000
Episode: 145 step: 487 training_step: 43784 Reward: 2.000 Loss: 0.000
Episode: 146 step: 1000 training_step: 44784 Reward: 2.000 Loss: 0.000
Episode: 147 step: 600 training_step: 45384 Reward: 2.000 Loss: 0.000
Episode: 148 step: 551 training_step: 45935 Reward: 1.000 Loss: 0.000
Episode: 149 step: 531 training_step: 46466 Reward: 3.000 Loss: 0.000
Episode: 150 step: 459 training_step: 46925 Reward: 1.000 Loss: 0.000
Episode: 151 step: 516 training_step: 47441 Reward: 2.000 Loss: 0.031
Episode: 152 step: 454 training_step: 47895 Reward: 0.000 Loss: 0.000
Episode: 153 step: 531 training_step: 48426 Reward: 1.000 Loss: 0.000
Episode: 154 step: 625 training_step: 49051 Reward: 1.000 Loss: 0.000
Episode: 155 step: 576 training_step: 49627 Reward: 2.000 Loss: 0.000
Episode: 156 step: 607 training_step: 50234 Reward: 1.000 Loss: 0.000
Episode: 157 step: 583 training_step: 50817 Reward: 3.000 Loss: 0.000
Episode: 158 step: 520 training_step: 51337 Reward: 0.000 Loss: 0.000
Episode: 159 step: 491 training_step: 51828 Reward: 3.000 Loss: 0.000
Episode: 160 step: 752 training_step: 52580 Reward: 3.000 Loss: 0.000
Episode: 161 step: 845 training_step: 53425 Reward: 2.000 Loss: 0.000
Episode: 162 step: 612 training_step: 54037 Reward: 0.000 Loss: 0.031
Episode: 163 step: 462 training_step: 54499 Reward: 0.000 Loss: 0.000
Episode: 164 step: 794 training_step: 55293 Reward: 3.000 Loss: 0.000
Episode: 165 step: 394 training_step: 55687 Reward: 3.000 Loss: 0.000
Episode: 166 step: 429 training_step: 56116 Reward: 2.000 Loss: 0.000
Episode: 167 step: 549 training_step: 56665 Reward: 0.000 Loss: 0.000
Episode: 168 step: 757 training_step: 57422 Reward: 1.000 Loss: 0.000
Episode: 169 step: 703 training_step: 58125 Reward: 1.000 Loss: 0.062
Episode: 170 step: 844 training_step: 58969 Reward: 2.000 Loss: 0.000
Episode: 171 step: 401 training_step: 59370 Reward: 0.000 Loss: 0.031
Episode: 172 step: 463 training_step: 59833 Reward: 2.000 Loss: 0.000
Episode: 173 step: 472 training_step: 60305 Reward: 0.000 Loss: 0.000
Episode: 174 step: 486 training_step: 60791 Reward: 1.000 Loss: 0.000
Episode: 175 step: 791 training_step: 61582 Reward: 1.000 Loss: 0.000
Episode: 176 step: 934 training_step: 62516 Reward: 1.000 Loss: 0.000
Episode: 177 step: 884 training_step: 63400 Reward: 2.000 Loss: 0.000
Episode: 178 step: 651 training_step: 64051 Reward: 2.000 Loss: 0.000
Episode: 179 step: 751 training_step: 64802 Reward: 2.000 Loss: 0.000
Episode: 180 step: 432 training_step: 65234 Reward: 1.000 Loss: 0.000
Episode: 181 step: 851 training_step: 66085 Reward: 2.000 Loss: 0.000
Episode: 182 step: 283 training_step: 66368 Reward: 0.000 Loss: 0.000
Episode: 183 step: 534 training_step: 66902 Reward: 2.000 Loss: 0.000
Episode: 184 step: 309 training_step: 67211 Reward: 2.000 Loss: 0.000
Episode: 185 step: 598 training_step: 67809 Reward: 7.000 Loss: 0.000
Episode: 186 step: 662 training_step: 68471 Reward: 2.000 Loss: 0.000
Episode: 187 step: 720 training_step: 69191 Reward: 3.000 Loss: 0.031
Episode: 188 step: 437 training_step: 69628 Reward: 2.000 Loss: 0.000
Episode: 189 step: 615 training_step: 70243 Reward: 1.000 Loss: 0.000
Episode: 190 step: 566 training_step: 70809 Reward: 1.000 Loss: 0.000
Episode: 191 step: 657 training_step: 71466 Reward: 1.000 Loss: 0.000
Episode: 192 step: 585 training_step: 72051 Reward: 3.000 Loss: 0.000
Episode: 193 step: 529 training_step: 72580 Reward: 2.000 Loss: 0.000
Episode: 194 step: 651 training_step: 73231 Reward: 1.000 Loss: 0.000
Episode: 195 step: 550 training_step: 73781 Reward: 1.000 Loss: 0.000
Episode: 196 step: 631 training_step: 74412 Reward: 1.000 Loss: 0.000
Episode: 197 step: 421 training_step: 74833 Reward: 1.000 Loss: 0.000
Episode: 198 step: 806 training_step: 75639 Reward: 3.000 Loss: 0.000
Episode: 199 step: 490 training_step: 76129 Reward: 1.000 Loss: 0.031
Episode: 200 step: 1002 training_step: 77131 Reward: 2.000 Loss: 0.000
Episode: 201 step: 438 training_step: 77569 Reward: 1.000 Loss: 0.000
Episode: 202 step: 601 training_step: 78170 Reward: 1.000 Loss: 0.000
Episode: 203 step: 625 training_step: 78795 Reward: 2.000 Loss: 0.000
Episode: 204 step: 466 training_step: 79261 Reward: 2.000 Loss: 0.000
Episode: 205 step: 400 training_step: 79661 Reward: 0.000 Loss: 0.000
Episode: 206 step: 467 training_step: 80128 Reward: 1.000 Loss: 0.000
Episode: 207 step: 1011 training_step: 81139 Reward: 1.000 Loss: 0.000
Episode: 208 step: 634 training_step: 81773 Reward: 3.000 Loss: 0.031
Episode: 209 step: 484 training_step: 82257 Reward: 3.000 Loss: 0.000
Episode: 210 step: 661 training_step: 82918 Reward: 3.000 Loss: 0.000
Episode: 211 step: 565 training_step: 83483 Reward: 0.000 Loss: 0.000
Episode: 212 step: 600 training_step: 84083 Reward: 2.000 Loss: 0.000
Episode: 213 step: 548 training_step: 84631 Reward: 1.000 Loss: 0.000
Episode: 214 step: 614 training_step: 85245 Reward: 2.000 Loss: 0.000
Episode: 215 step: 570 training_step: 85815 Reward: 0.000 Loss: 0.000
Episode: 216 step: 475 training_step: 86290 Reward: 2.000 Loss: 0.000
Episode: 217 step: 517 training_step: 86807 Reward: 1.000 Loss: 0.031
Episode: 218 step: 573 training_step: 87380 Reward: 1.000 Loss: 0.000
Episode: 219 step: 519 training_step: 87899 Reward: 1.000 Loss: 0.000
Episode: 220 step: 1138 training_step: 89037 Reward: 2.000 Loss: 0.000
Episode: 221 step: 772 training_step: 89809 Reward: 7.000 Loss: 0.000
Episode: 222 step: 581 training_step: 90390 Reward: 0.000 Loss: 0.000
Episode: 223 step: 885 training_step: 91275 Reward: 2.000 Loss: 0.000
Episode: 224 step: 339 training_step: 91614 Reward: 0.000 Loss: 0.031
Episode: 225 step: 553 training_step: 92167 Reward: 1.000 Loss: 0.000
Episode: 226 step: 713 training_step: 92880 Reward: 2.000 Loss: 0.000
Episode: 227 step: 775 training_step: 93655 Reward: 1.000 Loss: 0.000
Episode: 228 step: 733 training_step: 94388 Reward: 3.000 Loss: 0.000
Episode: 229 step: 835 training_step: 95223 Reward: 2.000 Loss: 0.000
Episode: 230 step: 427 training_step: 95650 Reward: 2.000 Loss: 0.000
Episode: 231 step: 567 training_step: 96217 Reward: 2.000 Loss: 0.000
Episode: 232 step: 686 training_step: 96903 Reward: 3.000 Loss: 0.000
Episode: 233 step: 1103 training_step: 98006 Reward: 0.000 Loss: 0.000
Episode: 234 step: 605 training_step: 98611 Reward: 0.000 Loss: 0.000
Episode: 235 step: 528 training_step: 99139 Reward: 0.000 Loss: 0.000
Episode: 236 step: 1005 training_step: 100144 Reward: 2.000 Loss: 0.000
Episode: 237 step: 939 training_step: 101083 Reward: 3.000 Loss: 0.000
Episode: 238 step: 965 training_step: 102048 Reward: 3.000 Loss: 0.000
Episode: 239 step: 787 training_step: 102835 Reward: 0.000 Loss: 0.000
Episode: 240 step: 447 training_step: 103282 Reward: 1.000 Loss: 0.000
Episode: 241 step: 457 training_step: 103739 Reward: 0.000 Loss: 0.000
Episode: 242 step: 966 training_step: 104705 Reward: 1.000 Loss: 0.000
Episode: 243 step: 888 training_step: 105593 Reward: 2.000 Loss: 0.000
Episode: 244 step: 757 training_step: 106350 Reward: 1.000 Loss: 0.000
Episode: 245 step: 757 training_step: 107107 Reward: 2.000 Loss: 0.000
Episode: 246 step: 928 training_step: 108035 Reward: 2.000 Loss: 0.000
Episode: 247 step: 662 training_step: 108697 Reward: 0.000 Loss: 0.000
Episode: 248 step: 439 training_step: 109136 Reward: 1.000 Loss: 0.000
Episode: 249 step: 613 training_step: 109749 Reward: 1.000 Loss: 0.000
Episode: 250 step: 522 training_step: 110271 Reward: 1.000 Loss: 0.000
Episode: 251 step: 532 training_step: 110803 Reward: 2.000 Loss: 0.000
Episode: 252 step: 633 training_step: 111436 Reward: 2.000 Loss: 0.000
Episode: 253 step: 471 training_step: 111907 Reward: 1.000 Loss: 0.000
Episode: 254 step: 664 training_step: 112571 Reward: 2.000 Loss: 0.000
Episode: 255 step: 520 training_step: 113091 Reward: 2.000 Loss: 0.000
Episode: 256 step: 496 training_step: 113587 Reward: 0.000 Loss: 0.000
Episode: 257 step: 589 training_step: 114176 Reward: 1.000 Loss: 0.000
Episode: 258 step: 547 training_step: 114723 Reward: 1.000 Loss: 0.000
Episode: 259 step: 411 training_step: 115134 Reward: 0.000 Loss: 0.000
Episode: 260 step: 346 training_step: 115480 Reward: 1.000 Loss: 0.000
Episode: 261 step: 513 training_step: 115993 Reward: 1.000 Loss: 0.000
Episode: 262 step: 519 training_step: 116512 Reward: 0.000 Loss: 0.000
Episode: 263 step: 698 training_step: 117210 Reward: 1.000 Loss: 0.000
Episode: 264 step: 1182 training_step: 118392 Reward: 1.000 Loss: 0.000
Episode: 265 step: 647 training_step: 119039 Reward: 0.000 Loss: 0.000
Episode: 266 step: 406 training_step: 119445 Reward: 0.000 Loss: 0.031
Episode: 267 step: 659 training_step: 120104 Reward: 3.000 Loss: 0.000
Episode: 268 step: 421 training_step: 120525 Reward: 1.000 Loss: 0.000
Episode: 269 step: 845 training_step: 121370 Reward: 3.000 Loss: 0.000
Episode: 270 step: 469 training_step: 121839 Reward: 2.000 Loss: 0.031
Episode: 271 step: 776 training_step: 122615 Reward: 2.000 Loss: 0.000
Episode: 272 step: 498 training_step: 123113 Reward: 0.000 Loss: 0.000
Episode: 273 step: 505 training_step: 123618 Reward: 1.000 Loss: 0.000
Episode: 274 step: 361 training_step: 123979 Reward: 0.000 Loss: 0.000
Episode: 275 step: 560 training_step: 124539 Reward: 1.000 Loss: 0.000
Episode: 276 step: 610 training_step: 125149 Reward: 4.000 Loss: 0.000
Episode: 277 step: 382 training_step: 125531 Reward: 2.000 Loss: 0.000
Episode: 278 step: 412 training_step: 125943 Reward: 1.000 Loss: 0.000
Episode: 279 step: 660 training_step: 126603 Reward: 1.000 Loss: 0.000
Episode: 280 step: 1020 training_step: 127623 Reward: 1.000 Loss: 0.000
Episode: 281 step: 1009 training_step: 128632 Reward: 0.000 Loss: 0.000
Episode: 282 step: 1112 training_step: 129744 Reward: 2.000 Loss: 0.000
Episode: 283 step: 405 training_step: 130149 Reward: 1.000 Loss: 0.000
Episode: 284 step: 668 training_step: 130817 Reward: 1.000 Loss: 0.000
Episode: 285 step: 294 training_step: 131111 Reward: 0.000 Loss: 0.000
Episode: 286 step: 573 training_step: 131684 Reward: 0.000 Loss: 0.000
Episode: 287 step: 1049 training_step: 132733 Reward: 2.000 Loss: 0.000
Episode: 288 step: 401 training_step: 133134 Reward: 0.000 Loss: 0.000
Episode: 289 step: 388 training_step: 133522 Reward: 1.000 Loss: 0.031
Episode: 290 step: 447 training_step: 133969 Reward: 0.000 Loss: 0.000
Episode: 291 step: 1235 training_step: 135204 Reward: 0.000 Loss: 0.000
Episode: 292 step: 756 training_step: 135960 Reward: 1.000 Loss: 0.031
Episode: 293 step: 513 training_step: 136473 Reward: 0.000 Loss: 0.000
Episode: 294 step: 774 training_step: 137247 Reward: 3.000 Loss: 0.000
Episode: 295 step: 747 training_step: 137994 Reward: 1.000 Loss: 0.000
Episode: 296 step: 554 training_step: 138548 Reward: 2.000 Loss: 0.000
Episode: 297 step: 473 training_step: 139021 Reward: 0.000 Loss: 0.000
Episode: 298 step: 466 training_step: 139487 Reward: 1.000 Loss: 0.000
Episode: 299 step: 635 training_step: 140122 Reward: 0.000 Loss: 0.000
Episode: 300 step: 341 training_step: 140463 Reward: 1.000 Loss: 0.000
Episode: 301 step: 975 training_step: 141438 Reward: 2.000 Loss: 0.000
Episode: 302 step: 534 training_step: 141972 Reward: 1.000 Loss: 0.000
Episode: 303 step: 587 training_step: 142559 Reward: 0.000 Loss: 0.000
Episode: 304 step: 490 training_step: 143049 Reward: 2.000 Loss: 0.000
Episode: 305 step: 800 training_step: 143849 Reward: 1.000 Loss: 0.000
Episode: 306 step: 474 training_step: 144323 Reward: 2.000 Loss: 0.000
Episode: 307 step: 916 training_step: 145239 Reward: 2.000 Loss: 0.000
Episode: 308 step: 1179 training_step: 146418 Reward: 1.000 Loss: 0.000
Episode: 309 step: 746 training_step: 147164 Reward: 1.000 Loss: 0.000
Episode: 310 step: 865 training_step: 148029 Reward: 0.000 Loss: 0.000
Episode: 311 step: 674 training_step: 148703 Reward: 0.000 Loss: 0.000
Episode: 312 step: 572 training_step: 149275 Reward: 0.000 Loss: 0.000
Episode: 313 step: 551 training_step: 149826 Reward: 7.000 Loss: 0.000
Episode: 314 step: 547 training_step: 150373 Reward: 2.000 Loss: 0.000
Episode: 315 step: 637 training_step: 151010 Reward: 1.000 Loss: 0.000
Episode: 316 step: 573 training_step: 151583 Reward: 1.000 Loss: 0.000
Episode: 317 step: 865 training_step: 152448 Reward: 2.000 Loss: 0.000
Episode: 318 step: 627 training_step: 153075 Reward: 0.000 Loss: 0.000
Episode: 319 step: 587 training_step: 153662 Reward: 3.000 Loss: 0.000
Episode: 320 step: 436 training_step: 154098 Reward: 1.000 Loss: 0.000
Episode: 321 step: 330 training_step: 154428 Reward: 1.000 Loss: 0.000
Episode: 322 step: 491 training_step: 154919 Reward: 1.000 Loss: 0.000
Episode: 323 step: 295 training_step: 155214 Reward: 1.000 Loss: 0.000
Episode: 324 step: 939 training_step: 156153 Reward: 3.000 Loss: 0.000
Episode: 325 step: 873 training_step: 157026 Reward: 1.000 Loss: 0.000
Episode: 326 step: 678 training_step: 157704 Reward: 1.000 Loss: 0.000
Episode: 327 step: 482 training_step: 158186 Reward: 3.000 Loss: 0.000
Episode: 328 step: 1026 training_step: 159212 Reward: 0.000 Loss: 0.000
Episode: 329 step: 538 training_step: 159750 Reward: 1.000 Loss: 0.000
Episode: 330 step: 442 training_step: 160192 Reward: 2.000 Loss: 0.000
Episode: 331 step: 609 training_step: 160801 Reward: 0.000 Loss: 0.000
Episode: 332 step: 829 training_step: 161630 Reward: 2.000 Loss: 0.000
Episode: 333 step: 679 training_step: 162309 Reward: 0.000 Loss: 0.000
Episode: 334 step: 683 training_step: 162992 Reward: 0.000 Loss: 0.000
Episode: 335 step: 542 training_step: 163534 Reward: 0.000 Loss: 0.000
Episode: 336 step: 490 training_step: 164024 Reward: 1.000 Loss: 0.000
Episode: 337 step: 458 training_step: 164482 Reward: 2.000 Loss: 0.031
Episode: 338 step: 1029 training_step: 165511 Reward: 2.000 Loss: 0.000
Episode: 339 step: 749 training_step: 166260 Reward: 0.000 Loss: 0.000
Episode: 340 step: 531 training_step: 166791 Reward: 0.000 Loss: 0.000
Episode: 341 step: 507 training_step: 167298 Reward: 3.000 Loss: 0.000
Episode: 342 step: 643 training_step: 167941 Reward: 1.000 Loss: 0.000
Episode: 343 step: 580 training_step: 168521 Reward: 2.000 Loss: 0.000
Episode: 344 step: 558 training_step: 169079 Reward: 0.000 Loss: 0.000
Episode: 345 step: 411 training_step: 169490 Reward: 1.000 Loss: 0.000
Episode: 346 step: 384 training_step: 169874 Reward: 1.000 Loss: 0.000
Episode: 347 step: 499 training_step: 170373 Reward: 0.000 Loss: 0.000
Episode: 348 step: 761 training_step: 171134 Reward: 3.000 Loss: 0.000
Episode: 349 step: 678 training_step: 171812 Reward: 3.000 Loss: 0.000
Episode: 350 step: 743 training_step: 172555 Reward: 2.000 Loss: 0.000
Episode: 351 step: 342 training_step: 172897 Reward: 0.000 Loss: 0.000
Episode: 352 step: 578 training_step: 173475 Reward: 1.000 Loss: 0.000
Episode: 353 step: 690 training_step: 174165 Reward: 1.000 Loss: 0.062
Episode: 354 step: 749 training_step: 174914 Reward: 2.000 Loss: 0.000
Episode: 355 step: 363 training_step: 175277 Reward: 1.000 Loss: 0.000
Episode: 356 step: 434 training_step: 175711 Reward: 1.000 Loss: 0.000
Episode: 357 step: 940 training_step: 176651 Reward: 2.000 Loss: 0.000
Episode: 358 step: 913 training_step: 177564 Reward: 1.000 Loss: 0.000
Episode: 359 step: 532 training_step: 178096 Reward: 2.000 Loss: 0.000
Episode: 360 step: 846 training_step: 178942 Reward: 1.000 Loss: 0.031
Episode: 361 step: 662 training_step: 179604 Reward: 1.000 Loss: 0.000
Episode: 362 step: 502 training_step: 180106 Reward: 1.000 Loss: 0.000
Episode: 363 step: 271 training_step: 180377 Reward: 1.000 Loss: 0.000
Episode: 364 step: 555 training_step: 180932 Reward: 0.000 Loss: 0.031
Episode: 365 step: 400 training_step: 181332 Reward: 0.000 Loss: 0.000
Episode: 366 step: 876 training_step: 182208 Reward: 1.000 Loss: 0.000
Episode: 367 step: 535 training_step: 182743 Reward: 1.000 Loss: 0.000
Episode: 368 step: 940 training_step: 183683 Reward: 1.000 Loss: 0.031
Episode: 369 step: 509 training_step: 184192 Reward: 1.000 Loss: 0.000
Episode: 370 step: 578 training_step: 184770 Reward: 0.000 Loss: 0.000
Episode: 371 step: 602 training_step: 185372 Reward: 0.000 Loss: 0.000
Episode: 372 step: 434 training_step: 185806 Reward: 1.000 Loss: 0.000
Episode: 373 step: 462 training_step: 186268 Reward: 1.000 Loss: 0.000
Episode: 374 step: 255 training_step: 186523 Reward: 1.000 Loss: 0.000
Episode: 375 step: 675 training_step: 187198 Reward: 2.000 Loss: 0.000
Episode: 376 step: 465 training_step: 187663 Reward: 0.000 Loss: 0.000
Episode: 377 step: 538 training_step: 188201 Reward: 0.000 Loss: 0.000
Episode: 378 step: 828 training_step: 189029 Reward: 0.000 Loss: 0.000
Episode: 379 step: 454 training_step: 189483 Reward: 0.000 Loss: 0.000
Episode: 380 step: 370 training_step: 189853 Reward: 3.000 Loss: 0.000
Episode: 381 step: 372 training_step: 190225 Reward: 1.000 Loss: 0.000
Episode: 382 step: 619 training_step: 190844 Reward: 2.000 Loss: 0.031
Episode: 383 step: 571 training_step: 191415 Reward: 1.000 Loss: 0.000
Episode: 384 step: 527 training_step: 191942 Reward: 2.000 Loss: 0.000
Episode: 385 step: 674 training_step: 192616 Reward: 1.000 Loss: 0.000
Episode: 386 step: 768 training_step: 193384 Reward: 0.000 Loss: 0.000
Episode: 387 step: 942 training_step: 194326 Reward: 2.000 Loss: 0.000
Episode: 388 step: 740 training_step: 195066 Reward: 2.000 Loss: 0.000
Episode: 389 step: 619 training_step: 195685 Reward: 2.000 Loss: 0.000
Episode: 390 step: 686 training_step: 196371 Reward: 1.000 Loss: 0.000
Episode: 391 step: 695 training_step: 197066 Reward: 1.000 Loss: 0.000
Episode: 392 step: 529 training_step: 197595 Reward: 1.000 Loss: 0.000
Episode: 393 step: 563 training_step: 198158 Reward: 2.000 Loss: 0.000
Episode: 394 step: 819 training_step: 198977 Reward: 0.000 Loss: 0.000
Episode: 395 step: 441 training_step: 199418 Reward: 1.000 Loss: 0.000
Episode: 396 step: 646 training_step: 200064 Reward: 0.000 Loss: 0.000
Episode: 397 step: 522 training_step: 200586 Reward: 2.000 Loss: 0.000
Episode: 398 step: 595 training_step: 201181 Reward: 2.000 Loss: 0.000
Episode: 399 step: 407 training_step: 201588 Reward: 1.000 Loss: 0.000
Episode: 400 step: 601 training_step: 202189 Reward: 1.000 Loss: 0.000
Episode: 401 step: 751 training_step: 202940 Reward: 2.000 Loss: 0.000
Episode: 402 step: 605 training_step: 203545 Reward: 1.000 Loss: 0.000
Episode: 403 step: 460 training_step: 204005 Reward: 2.000 Loss: 0.031
Episode: 404 step: 934 training_step: 204939 Reward: 1.000 Loss: 0.031
Episode: 405 step: 735 training_step: 205674 Reward: 3.000 Loss: 0.000
Episode: 406 step: 569 training_step: 206243 Reward: 1.000 Loss: 0.000
Episode: 407 step: 675 training_step: 206918 Reward: 2.000 Loss: 0.000
Episode: 408 step: 383 training_step: 207301 Reward: 1.000 Loss: 0.000
Episode: 409 step: 586 training_step: 207887 Reward: 2.000 Loss: 0.000
Episode: 410 step: 423 training_step: 208310 Reward: 1.000 Loss: 0.000
Episode: 411 step: 496 training_step: 208806 Reward: 2.000 Loss: 0.000
Episode: 412 step: 923 training_step: 209729 Reward: 1.000 Loss: 0.000
Episode: 413 step: 456 training_step: 210185 Reward: 2.000 Loss: 0.000
Episode: 414 step: 760 training_step: 210945 Reward: 1.000 Loss: 0.000
Episode: 415 step: 334 training_step: 211279 Reward: 1.000 Loss: 0.000
Episode: 416 step: 624 training_step: 211903 Reward: 1.000 Loss: 0.000
Episode: 417 step: 749 training_step: 212652 Reward: 0.000 Loss: 0.000
Episode: 418 step: 647 training_step: 213299 Reward: 1.000 Loss: 0.031
Episode: 419 step: 647 training_step: 213946 Reward: 0.000 Loss: 0.000
Episode: 420 step: 866 training_step: 214812 Reward: 1.000 Loss: 0.000
Episode: 421 step: 439 training_step: 215251 Reward: 1.000 Loss: 0.000
Episode: 422 step: 469 training_step: 215720 Reward: 1.000 Loss: 0.000
Episode: 423 step: 560 training_step: 216280 Reward: 0.000 Loss: 0.031
Episode: 424 step: 273 training_step: 216553 Reward: 0.000 Loss: 0.000
Episode: 425 step: 1067 training_step: 217620 Reward: 2.000 Loss: 0.000
Episode: 426 step: 526 training_step: 218146 Reward: 1.000 Loss: 0.000
Episode: 427 step: 689 training_step: 218835 Reward: 2.000 Loss: 0.000
Episode: 428 step: 832 training_step: 219667 Reward: 0.000 Loss: 0.031
Episode: 429 step: 709 training_step: 220376 Reward: 1.000 Loss: 0.000
Episode: 430 step: 1019 training_step: 221395 Reward: 0.000 Loss: 0.000
Episode: 431 step: 684 training_step: 222079 Reward: 0.000 Loss: 0.000
Episode: 432 step: 747 training_step: 222826 Reward: 1.000 Loss: 0.000
Episode: 433 step: 623 training_step: 223449 Reward: 2.000 Loss: 0.000
Episode: 434 step: 716 training_step: 224165 Reward: 2.000 Loss: 0.000
Episode: 435 step: 541 training_step: 224706 Reward: 2.000 Loss: 0.031
Episode: 436 step: 1090 training_step: 225796 Reward: 2.000 Loss: 0.000
Episode: 437 step: 707 training_step: 226503 Reward: 0.000 Loss: 0.000
Episode: 438 step: 611 training_step: 227114 Reward: 0.000 Loss: 0.031
Episode: 439 step: 760 training_step: 227874 Reward: 2.000 Loss: 0.000
Episode: 440 step: 564 training_step: 228438 Reward: 1.000 Loss: 0.000
Episode: 441 step: 742 training_step: 229180 Reward: 2.000 Loss: 0.000
Episode: 442 step: 803 training_step: 229983 Reward: 0.000 Loss: 0.000
Episode: 443 step: 593 training_step: 230576 Reward: 3.000 Loss: 0.000
Episode: 444 step: 832 training_step: 231408 Reward: 3.000 Loss: 0.000
Episode: 445 step: 795 training_step: 232203 Reward: 7.000 Loss: 0.000
Episode: 446 step: 739 training_step: 232942 Reward: 2.000 Loss: 0.000
Episode: 447 step: 1150 training_step: 234092 Reward: 3.000 Loss: 0.000
Episode: 448 step: 368 training_step: 234460 Reward: 1.000 Loss: 0.000
Episode: 449 step: 518 training_step: 234978 Reward: 7.000 Loss: 0.000
Episode: 450 step: 628 training_step: 235606 Reward: 1.000 Loss: 0.000
Episode: 451 step: 764 training_step: 236370 Reward: 0.000 Loss: 0.000
Episode: 452 step: 501 training_step: 236871 Reward: 2.000 Loss: 0.000
Episode: 453 step: 1058 training_step: 237929 Reward: 1.000 Loss: 0.000
Episode: 454 step: 849 training_step: 238778 Reward: 2.000 Loss: 0.000
Episode: 455 step: 642 training_step: 239420 Reward: 2.000 Loss: 0.000
Episode: 456 step: 479 training_step: 239899 Reward: 0.000 Loss: 0.031
Episode: 457 step: 692 training_step: 240591 Reward: 1.000 Loss: 0.000
Episode: 458 step: 363 training_step: 240954 Reward: 0.000 Loss: 0.031
Episode: 459 step: 481 training_step: 241435 Reward: 3.000 Loss: 0.000
Episode: 460 step: 558 training_step: 241993 Reward: 1.000 Loss: 0.031
Episode: 461 step: 758 training_step: 242751 Reward: 1.000 Loss: 0.000
Episode: 462 step: 482 training_step: 243233 Reward: 1.000 Loss: 0.000
Episode: 463 step: 733 training_step: 243966 Reward: 0.000 Loss: 0.000
Episode: 464 step: 359 training_step: 244325 Reward: 0.000 Loss: 0.000
Episode: 465 step: 620 training_step: 244945 Reward: 1.000 Loss: 0.000
Episode: 466 step: 982 training_step: 245927 Reward: 2.000 Loss: 0.000
Episode: 467 step: 695 training_step: 246622 Reward: 1.000 Loss: 0.000
Episode: 468 step: 511 training_step: 247133 Reward: 1.000 Loss: 0.000
Episode: 469 step: 543 training_step: 247676 Reward: 3.000 Loss: 0.000
Episode: 470 step: 980 training_step: 248656 Reward: 0.000 Loss: 0.000
Episode: 471 step: 683 training_step: 249339 Reward: 2.000 Loss: 0.000
Episode: 472 step: 839 training_step: 250178 Reward: 1.000 Loss: 0.031
Episode: 473 step: 347 training_step: 250525 Reward: 0.000 Loss: 0.000
Episode: 474 step: 679 training_step: 251204 Reward: 0.000 Loss: 0.000
Episode: 475 step: 404 training_step: 251608 Reward: 1.000 Loss: 0.000
Episode: 476 step: 731 training_step: 252339 Reward: 1.000 Loss: 0.000
Episode: 477 step: 422 training_step: 252761 Reward: 1.000 Loss: 0.000
Episode: 478 step: 939 training_step: 253700 Reward: 1.000 Loss: 0.000
Episode: 479 step: 553 training_step: 254253 Reward: 2.000 Loss: 0.000
Episode: 480 step: 554 training_step: 254807 Reward: 1.000 Loss: 0.000
Episode: 481 step: 466 training_step: 255273 Reward: 0.000 Loss: 0.000
Episode: 482 step: 487 training_step: 255760 Reward: 1.000 Loss: 0.000
Episode: 483 step: 1239 training_step: 256999 Reward: 1.000 Loss: 0.000
Episode: 484 step: 388 training_step: 257387 Reward: 1.000 Loss: 0.031
Episode: 485 step: 621 training_step: 258008 Reward: 0.000 Loss: 0.000
Episode: 486 step: 427 training_step: 258435 Reward: 1.000 Loss: 0.000
Episode: 487 step: 718 training_step: 259153 Reward: 0.000 Loss: 0.031
Episode: 488 step: 844 training_step: 259997 Reward: 3.000 Loss: 0.000
Episode: 489 step: 578 training_step: 260575 Reward: 0.000 Loss: 0.000
Episode: 490 step: 489 training_step: 261064 Reward: 1.000 Loss: 0.000
Episode: 491 step: 605 training_step: 261669 Reward: 2.000 Loss: 0.000
Episode: 492 step: 775 training_step: 262444 Reward: 1.000 Loss: 0.000
Episode: 493 step: 485 training_step: 262929 Reward: 1.000 Loss: 0.000
Episode: 494 step: 574 training_step: 263503 Reward: 1.000 Loss: 0.000
Episode: 495 step: 516 training_step: 264019 Reward: 1.000 Loss: 0.031
Episode: 496 step: 669 training_step: 264688 Reward: 0.000 Loss: 0.000
Episode: 497 step: 497 training_step: 265185 Reward: 3.000 Loss: 0.000
Episode: 498 step: 715 training_step: 265900 Reward: 3.000 Loss: 0.000
Episode: 499 step: 387 training_step: 266287 Reward: 2.000 Loss: 0.031
Episode: 500 step: 626 training_step: 266913 Reward: 1.000 Loss: 0.000
Episode: 501 step: 369 training_step: 267282 Reward: 1.000 Loss: 0.000
Episode: 502 step: 487 training_step: 267769 Reward: 1.000 Loss: 0.031
Episode: 503 step: 660 training_step: 268429 Reward: 1.000 Loss: 0.000
Episode: 504 step: 527 training_step: 268956 Reward: 1.000 Loss: 0.000
Episode: 505 step: 695 training_step: 269651 Reward: 1.000 Loss: 0.031
Episode: 506 step: 831 training_step: 270482 Reward: 1.000 Loss: 0.000
Episode: 507 step: 640 training_step: 271122 Reward: 1.000 Loss: 0.000
Episode: 508 step: 774 training_step: 271896 Reward: 5.000 Loss: 0.000
Episode: 509 step: 679 training_step: 272575 Reward: 0.000 Loss: 0.000
Episode: 510 step: 460 training_step: 273035 Reward: 3.000 Loss: 0.000
Episode: 511 step: 907 training_step: 273942 Reward: 1.000 Loss: 0.031
Episode: 512 step: 539 training_step: 274481 Reward: 1.000 Loss: 0.000
Episode: 513 step: 821 training_step: 275302 Reward: 2.000 Loss: 0.000
Episode: 514 step: 541 training_step: 275843 Reward: 2.000 Loss: 0.000
Episode: 515 step: 721 training_step: 276564 Reward: 2.000 Loss: 0.000
Episode: 516 step: 646 training_step: 277210 Reward: 0.000 Loss: 0.000
Episode: 517 step: 488 training_step: 277698 Reward: 2.000 Loss: 0.000
Episode: 518 step: 665 training_step: 278363 Reward: 2.000 Loss: 0.000
Episode: 519 step: 864 training_step: 279227 Reward: 2.000 Loss: 0.000
Episode: 520 step: 413 training_step: 279640 Reward: 2.000 Loss: 0.000
Episode: 521 step: 850 training_step: 280490 Reward: 2.000 Loss: 0.000
Episode: 522 step: 692 training_step: 281182 Reward: 3.000 Loss: 0.000
Episode: 523 step: 492 training_step: 281674 Reward: 1.000 Loss: 0.000
Episode: 524 step: 476 training_step: 282150 Reward: 1.000 Loss: 0.000
Episode: 525 step: 526 training_step: 282676 Reward: 3.000 Loss: 0.000
Episode: 526 step: 468 training_step: 283144 Reward: 0.000 Loss: 0.000
Episode: 527 step: 536 training_step: 283680 Reward: 3.000 Loss: 0.000
Episode: 528 step: 805 training_step: 284485 Reward: 3.000 Loss: 0.000
Episode: 529 step: 900 training_step: 285385 Reward: 0.000 Loss: 0.000
Episode: 530 step: 429 training_step: 285814 Reward: 0.000 Loss: 0.000
Episode: 531 step: 732 training_step: 286546 Reward: 1.000 Loss: 0.000
Episode: 532 step: 624 training_step: 287170 Reward: 2.000 Loss: 0.000
Episode: 533 step: 611 training_step: 287781 Reward: 0.000 Loss: 0.000
Episode: 534 step: 821 training_step: 288602 Reward: 0.000 Loss: 0.000
Episode: 535 step: 918 training_step: 289520 Reward: 1.000 Loss: 0.000
Episode: 536 step: 590 training_step: 290110 Reward: 2.000 Loss: 0.000
Episode: 537 step: 359 training_step: 290469 Reward: 0.000 Loss: 0.000
Episode: 538 step: 484 training_step: 290953 Reward: 2.000 Loss: 0.000
Episode: 539 step: 673 training_step: 291626 Reward: 0.000 Loss: 0.031
Episode: 540 step: 455 training_step: 292081 Reward: 1.000 Loss: 0.000
Episode: 541 step: 440 training_step: 292521 Reward: 0.000 Loss: 0.000
Episode: 542 step: 841 training_step: 293362 Reward: 2.000 Loss: 0.000
Episode: 543 step: 722 training_step: 294084 Reward: 1.000 Loss: 0.000
Episode: 544 step: 843 training_step: 294927 Reward: 3.000 Loss: 0.000
Episode: 545 step: 390 training_step: 295317 Reward: 0.000 Loss: 0.000
Episode: 546 step: 553 training_step: 295870 Reward: 2.000 Loss: 0.000
Episode: 547 step: 428 training_step: 296298 Reward: 1.000 Loss: 0.000
Episode: 548 step: 660 training_step: 296958 Reward: 3.000 Loss: 0.000
Episode: 549 step: 765 training_step: 297723 Reward: 1.000 Loss: 0.000
Episode: 550 step: 545 training_step: 298268 Reward: 0.000 Loss: 0.000
Episode: 551 step: 589 training_step: 298857 Reward: 3.000 Loss: 0.000
Episode: 552 step: 616 training_step: 299473 Reward: 3.000 Loss: 0.000
Episode: 553 step: 978 training_step: 300451 Reward: 2.000 Loss: 0.000
Episode: 554 step: 963 training_step: 301414 Reward: 2.000 Loss: 0.000
Episode: 555 step: 417 training_step: 301831 Reward: 2.000 Loss: 0.000
Episode: 556 step: 443 training_step: 302274 Reward: 1.000 Loss: 0.000
Episode: 557 step: 638 training_step: 302912 Reward: 0.000 Loss: 0.000
Episode: 558 step: 419 training_step: 303331 Reward: 1.000 Loss: 0.000
Episode: 559 step: 376 training_step: 303707 Reward: 0.000 Loss: 0.000
Episode: 560 step: 930 training_step: 304637 Reward: 3.000 Loss: 0.000
Episode: 561 step: 895 training_step: 305532 Reward: 0.000 Loss: 0.000
Episode: 562 step: 942 training_step: 306474 Reward: 3.000 Loss: 0.000
Episode: 563 step: 536 training_step: 307010 Reward: 2.000 Loss: 0.000
Episode: 564 step: 681 training_step: 307691 Reward: 0.000 Loss: 0.000
Episode: 565 step: 330 training_step: 308021 Reward: 2.000 Loss: 0.000
Episode: 566 step: 646 training_step: 308667 Reward: 3.000 Loss: 0.000
Episode: 567 step: 624 training_step: 309291 Reward: 2.000 Loss: 0.000
Episode: 568 step: 973 training_step: 310264 Reward: 1.000 Loss: 0.000
Episode: 569 step: 378 training_step: 310642 Reward: 1.000 Loss: 0.000
Episode: 570 step: 707 training_step: 311349 Reward: 1.000 Loss: 0.000
Episode: 571 step: 586 training_step: 311935 Reward: 0.000 Loss: 0.000
Episode: 572 step: 373 training_step: 312308 Reward: 1.000 Loss: 0.031
Episode: 573 step: 526 training_step: 312834 Reward: 1.000 Loss: 0.000
Episode: 574 step: 482 training_step: 313316 Reward: 1.000 Loss: 0.000
Episode: 575 step: 525 training_step: 313841 Reward: 0.000 Loss: 0.000
Episode: 576 step: 732 training_step: 314573 Reward: 7.000 Loss: 0.000
Episode: 577 step: 650 training_step: 315223 Reward: 2.000 Loss: 0.000
Episode: 578 step: 1108 training_step: 316331 Reward: 0.000 Loss: 0.000
Episode: 579 step: 1400 training_step: 317731 Reward: 1.000 Loss: 0.000
Episode: 580 step: 671 training_step: 318402 Reward: 0.000 Loss: 0.000
Episode: 581 step: 412 training_step: 318814 Reward: 2.000 Loss: 0.000
Episode: 582 step: 446 training_step: 319260 Reward: 2.000 Loss: 0.000
Episode: 583 step: 871 training_step: 320131 Reward: 3.000 Loss: 0.000
Episode: 584 step: 454 training_step: 320585 Reward: 3.000 Loss: 0.031
Episode: 585 step: 371 training_step: 320956 Reward: 1.000 Loss: 0.000
Episode: 586 step: 849 training_step: 321805 Reward: 1.000 Loss: 0.000
Episode: 587 step: 1126 training_step: 322931 Reward: 1.000 Loss: 0.000
Episode: 588 step: 980 training_step: 323911 Reward: 2.000 Loss: 0.000
Episode: 589 step: 598 training_step: 324509 Reward: 2.000 Loss: 0.000
Episode: 590 step: 402 training_step: 324911 Reward: 2.000 Loss: 0.000
Episode: 591 step: 411 training_step: 325322 Reward: 3.000 Loss: 0.000
Episode: 592 step: 664 training_step: 325986 Reward: 0.000 Loss: 0.000
Episode: 593 step: 796 training_step: 326782 Reward: 2.000 Loss: 0.000
Episode: 594 step: 919 training_step: 327701 Reward: 0.000 Loss: 0.000
Episode: 595 step: 733 training_step: 328434 Reward: 2.000 Loss: 0.031
Episode: 596 step: 353 training_step: 328787 Reward: 1.000 Loss: 0.000
Episode: 597 step: 758 training_step: 329545 Reward: 2.000 Loss: 0.000
Episode: 598 step: 660 training_step: 330205 Reward: 0.000 Loss: 0.000
Episode: 599 step: 354 training_step: 330559 Reward: 0.000 Loss: 0.000
Episode: 600 step: 501 training_step: 331060 Reward: 0.000 Loss: 0.000
Episode: 601 step: 468 training_step: 331528 Reward: 2.000 Loss: 0.000
Episode: 602 step: 409 training_step: 331937 Reward: 1.000 Loss: 0.062
Episode: 603 step: 793 training_step: 332730 Reward: 0.000 Loss: 0.031
Episode: 604 step: 560 training_step: 333290 Reward: 1.000 Loss: 0.000
Episode: 605 step: 993 training_step: 334283 Reward: 2.000 Loss: 0.000
Episode: 606 step: 603 training_step: 334886 Reward: 0.000 Loss: 0.000
Episode: 607 step: 741 training_step: 335627 Reward: 7.000 Loss: 0.000
Episode: 608 step: 789 training_step: 336416 Reward: 2.000 Loss: 0.000
Episode: 609 step: 422 training_step: 336838 Reward: 0.000 Loss: 0.000
Episode: 610 step: 526 training_step: 337364 Reward: 0.000 Loss: 0.000
Episode: 611 step: 527 training_step: 337891 Reward: 0.000 Loss: 0.000
Episode: 612 step: 489 training_step: 338380 Reward: 1.000 Loss: 0.000
Episode: 613 step: 779 training_step: 339159 Reward: 2.000 Loss: 0.000
Episode: 614 step: 566 training_step: 339725 Reward: 0.000 Loss: 0.000
Episode: 615 step: 463 training_step: 340188 Reward: 1.000 Loss: 0.000
Episode: 616 step: 874 training_step: 341062 Reward: 2.000 Loss: 0.000
Episode: 617 step: 708 training_step: 341770 Reward: 1.000 Loss: 0.000
Episode: 618 step: 529 training_step: 342299 Reward: 1.000 Loss: 0.000
Episode: 619 step: 1231 training_step: 343530 Reward: 3.000 Loss: 0.031
Episode: 620 step: 669 training_step: 344199 Reward: 1.000 Loss: 0.000
Episode: 621 step: 593 training_step: 344792 Reward: 2.000 Loss: 0.000
Episode: 622 step: 379 training_step: 345171 Reward: 1.000 Loss: 0.000
Episode: 623 step: 492 training_step: 345663 Reward: 1.000 Loss: 0.000
Episode: 624 step: 657 training_step: 346320 Reward: 1.000 Loss: 0.000
Episode: 625 step: 599 training_step: 346919 Reward: 0.000 Loss: 0.000
Episode: 626 step: 559 training_step: 347478 Reward: 2.000 Loss: 0.000
Episode: 627 step: 415 training_step: 347893 Reward: 2.000 Loss: 0.000
Episode: 628 step: 424 training_step: 348317 Reward: 1.000 Loss: 0.000
Episode: 629 step: 390 training_step: 348707 Reward: 1.000 Loss: 0.000
Episode: 630 step: 800 training_step: 349507 Reward: 2.000 Loss: 0.000
Episode: 631 step: 727 training_step: 350234 Reward: 3.000 Loss: 0.000
Episode: 632 step: 397 training_step: 350631 Reward: 1.000 Loss: 0.000
Episode: 633 step: 717 training_step: 351348 Reward: 2.000 Loss: 0.000
Episode: 634 step: 784 training_step: 352132 Reward: 1.000 Loss: 0.000
Episode: 635 step: 359 training_step: 352491 Reward: 0.000 Loss: 0.000
Episode: 636 step: 743 training_step: 353234 Reward: 2.000 Loss: 0.000
Episode: 637 step: 653 training_step: 353887 Reward: 7.000 Loss: 0.000
Episode: 638 step: 617 training_step: 354504 Reward: 2.000 Loss: 0.000
Episode: 639 step: 631 training_step: 355135 Reward: 1.000 Loss: 0.000
Episode: 640 step: 572 training_step: 355707 Reward: 3.000 Loss: 0.000
Episode: 641 step: 663 training_step: 356370 Reward: 2.000 Loss: 0.000
Episode: 642 step: 674 training_step: 357044 Reward: 2.000 Loss: 0.000
Episode: 643 step: 442 training_step: 357486 Reward: 1.000 Loss: 0.000
Episode: 644 step: 467 training_step: 357953 Reward: 0.000 Loss: 0.000
Episode: 645 step: 589 training_step: 358542 Reward: 0.000 Loss: 0.000
Episode: 646 step: 921 training_step: 359463 Reward: 0.000 Loss: 0.000
Episode: 647 step: 579 training_step: 360042 Reward: 3.000 Loss: 0.000
Episode: 648 step: 759 training_step: 360801 Reward: 3.000 Loss: 0.000
Episode: 649 step: 704 training_step: 361505 Reward: 1.000 Loss: 0.000
Episode: 650 step: 640 training_step: 362145 Reward: 1.000 Loss: 0.000
Episode: 651 step: 954 training_step: 363099 Reward: 0.000 Loss: 0.000
Episode: 652 step: 625 training_step: 363724 Reward: 0.000 Loss: 0.000
Episode: 653 step: 489 training_step: 364213 Reward: 2.000 Loss: 0.000
Episode: 654 step: 827 training_step: 365040 Reward: 1.000 Loss: 0.000
Episode: 655 step: 505 training_step: 365545 Reward: 0.000 Loss: 0.000
Episode: 656 step: 590 training_step: 366135 Reward: 2.000 Loss: 0.000
Episode: 657 step: 745 training_step: 366880 Reward: 0.000 Loss: 0.000
Episode: 658 step: 406 training_step: 367286 Reward: 0.000 Loss: 0.000
Episode: 659 step: 375 training_step: 367661 Reward: 1.000 Loss: 0.000
Episode: 660 step: 406 training_step: 368067 Reward: 1.000 Loss: 0.000
Episode: 661 step: 918 training_step: 368985 Reward: 1.000 Loss: 0.000
Episode: 662 step: 900 training_step: 369885 Reward: 1.000 Loss: 0.000
Episode: 663 step: 629 training_step: 370514 Reward: 2.000 Loss: 0.000
Episode: 664 step: 485 training_step: 370999 Reward: 3.000 Loss: 0.000
Episode: 665 step: 327 training_step: 371326 Reward: 1.000 Loss: 0.031
Episode: 666 step: 518 training_step: 371844 Reward: 1.000 Loss: 0.000
Episode: 667 step: 331 training_step: 372175 Reward: 1.000 Loss: 0.000
Episode: 668 step: 455 training_step: 372630 Reward: 0.000 Loss: 0.000
Episode: 669 step: 728 training_step: 373358 Reward: 3.000 Loss: 0.000
Episode: 670 step: 591 training_step: 373949 Reward: 1.000 Loss: 0.000
Episode: 671 step: 387 training_step: 374336 Reward: 1.000 Loss: 0.031
Episode: 672 step: 357 training_step: 374693 Reward: 2.000 Loss: 0.000
Episode: 673 step: 808 training_step: 375501 Reward: 1.000 Loss: 0.000
Episode: 674 step: 774 training_step: 376275 Reward: 2.000 Loss: 0.000
Episode: 675 step: 722 training_step: 376997 Reward: 0.000 Loss: 0.000
Episode: 676 step: 744 training_step: 377741 Reward: 1.000 Loss: 0.031
Episode: 677 step: 704 training_step: 378445 Reward: 0.000 Loss: 0.000
Episode: 678 step: 533 training_step: 378978 Reward: 1.000 Loss: 0.000
Episode: 679 step: 677 training_step: 379655 Reward: 2.000 Loss: 0.000
Episode: 680 step: 631 training_step: 380286 Reward: 1.000 Loss: 0.000
Episode: 681 step: 794 training_step: 381080 Reward: 2.000 Loss: 0.000
Episode: 682 step: 838 training_step: 381918 Reward: 1.000 Loss: 0.000
Episode: 683 step: 616 training_step: 382534 Reward: 2.000 Loss: 0.000
Episode: 684 step: 626 training_step: 383160 Reward: 1.000 Loss: 0.000
Episode: 685 step: 666 training_step: 383826 Reward: 1.000 Loss: 0.031
Episode: 686 step: 793 training_step: 384619 Reward: 1.000 Loss: 0.000
Episode: 687 step: 587 training_step: 385206 Reward: 2.000 Loss: 0.000
Episode: 688 step: 538 training_step: 385744 Reward: 1.000 Loss: 0.000
Episode: 689 step: 514 training_step: 386258 Reward: 2.000 Loss: 0.000
Episode: 690 step: 613 training_step: 386871 Reward: 0.000 Loss: 0.000
Episode: 691 step: 828 training_step: 387699 Reward: 2.000 Loss: 0.000
Episode: 692 step: 523 training_step: 388222 Reward: 1.000 Loss: 0.000
Episode: 693 step: 848 training_step: 389070 Reward: 0.000 Loss: 0.000
Episode: 694 step: 595 training_step: 389665 Reward: 3.000 Loss: 0.000
Episode: 695 step: 874 training_step: 390539 Reward: 2.000 Loss: 0.000
Episode: 696 step: 649 training_step: 391188 Reward: 1.000 Loss: 0.000
Episode: 697 step: 655 training_step: 391843 Reward: 2.000 Loss: 0.000
Episode: 698 step: 530 training_step: 392373 Reward: 0.000 Loss: 0.000
Episode: 699 step: 455 training_step: 392828 Reward: 2.000 Loss: 0.000
Episode: 700 step: 645 training_step: 393473 Reward: 0.000 Loss: 0.000
Episode: 701 step: 939 training_step: 394412 Reward: 4.000 Loss: 0.000
Episode: 702 step: 786 training_step: 395198 Reward: 1.000 Loss: 0.000
Episode: 703 step: 846 training_step: 396044 Reward: 11.000 Loss: 0.000
Episode: 704 step: 604 training_step: 396648 Reward: 1.000 Loss: 0.000
Episode: 705 step: 425 training_step: 397073 Reward: 1.000 Loss: 0.000
Episode: 706 step: 537 training_step: 397610 Reward: 3.000 Loss: 0.000
Episode: 707 step: 634 training_step: 398244 Reward: 1.000 Loss: 0.000
Episode: 708 step: 573 training_step: 398817 Reward: 1.000 Loss: 0.000
Episode: 709 step: 608 training_step: 399425 Reward: 1.000 Loss: 0.000
Episode: 710 step: 797 training_step: 400222 Reward: 2.000 Loss: 0.000
Episode: 711 step: 616 training_step: 400838 Reward: 3.000 Loss: 0.000
Episode: 712 step: 1029 training_step: 401867 Reward: 1.000 Loss: 0.000
Episode: 713 step: 637 training_step: 402504 Reward: 2.000 Loss: 0.000
Episode: 714 step: 507 training_step: 403011 Reward: 0.000 Loss: 0.000
Episode: 715 step: 433 training_step: 403444 Reward: 2.000 Loss: 0.031
Episode: 716 step: 703 training_step: 404147 Reward: 2.000 Loss: 0.000
Episode: 717 step: 637 training_step: 404784 Reward: 2.000 Loss: 0.000
Episode: 718 step: 998 training_step: 405782 Reward: 3.000 Loss: 0.000
Episode: 719 step: 495 training_step: 406277 Reward: 3.000 Loss: 0.000
Episode: 720 step: 781 training_step: 407058 Reward: 3.000 Loss: 0.000
Episode: 721 step: 488 training_step: 407546 Reward: 0.000 Loss: 0.000
Episode: 722 step: 593 training_step: 408139 Reward: 3.000 Loss: 0.000
Episode: 723 step: 682 training_step: 408821 Reward: 1.000 Loss: 0.000
Episode: 724 step: 619 training_step: 409440 Reward: 1.000 Loss: 0.000
Episode: 725 step: 579 training_step: 410019 Reward: 1.000 Loss: 0.000
Episode: 726 step: 383 training_step: 410402 Reward: 1.000 Loss: 0.000
Episode: 727 step: 527 training_step: 410929 Reward: 1.000 Loss: 0.000
Episode: 728 step: 642 training_step: 411571 Reward: 0.000 Loss: 0.000
Episode: 729 step: 452 training_step: 412023 Reward: 1.000 Loss: 0.000
Episode: 730 step: 971 training_step: 412994 Reward: 2.000 Loss: 0.000
Episode: 731 step: 578 training_step: 413572 Reward: 3.000 Loss: 0.031
Episode: 732 step: 544 training_step: 414116 Reward: 1.000 Loss: 0.000
Episode: 733 step: 431 training_step: 414547 Reward: 0.000 Loss: 0.000
Episode: 734 step: 564 training_step: 415111 Reward: 2.000 Loss: 0.000
Episode: 735 step: 556 training_step: 415667 Reward: 1.000 Loss: 0.000
Episode: 736 step: 798 training_step: 416465 Reward: 2.000 Loss: 0.000
Episode: 737 step: 726 training_step: 417191 Reward: 1.000 Loss: 0.000
Episode: 738 step: 630 training_step: 417821 Reward: 1.000 Loss: 0.000
Episode: 739 step: 576 training_step: 418397 Reward: 2.000 Loss: 0.000
Episode: 740 step: 721 training_step: 419118 Reward: 3.000 Loss: 0.000
Episode: 741 step: 469 training_step: 419587 Reward: 1.000 Loss: 0.000
Episode: 742 step: 1182 training_step: 420769 Reward: 7.000 Loss: 0.000
Episode: 743 step: 568 training_step: 421337 Reward: 0.000 Loss: 0.000
Episode: 744 step: 335 training_step: 421672 Reward: 2.000 Loss: 0.000
Episode: 745 step: 557 training_step: 422229 Reward: 2.000 Loss: 0.000
Episode: 746 step: 609 training_step: 422838 Reward: 3.000 Loss: 0.000
Episode: 747 step: 549 training_step: 423387 Reward: 1.000 Loss: 0.000
Episode: 748 step: 531 training_step: 423918 Reward: 0.000 Loss: 0.000
Episode: 749 step: 489 training_step: 424407 Reward: 2.000 Loss: 0.000
Episode: 750 step: 479 training_step: 424886 Reward: 1.000 Loss: 0.000
Episode: 751 step: 501 training_step: 425387 Reward: 2.000 Loss: 0.000
Episode: 752 step: 475 training_step: 425862 Reward: 0.000 Loss: 0.000
Episode: 753 step: 399 training_step: 426261 Reward: 2.000 Loss: 0.000
Episode: 754 step: 644 training_step: 426905 Reward: 1.000 Loss: 0.000
Episode: 755 step: 692 training_step: 427597 Reward: 1.000 Loss: 0.000
Episode: 756 step: 937 training_step: 428534 Reward: 3.000 Loss: 0.000
Episode: 757 step: 382 training_step: 428916 Reward: 1.000 Loss: 0.031
Episode: 758 step: 607 training_step: 429523 Reward: 1.000 Loss: 0.031
Episode: 759 step: 646 training_step: 430169 Reward: 2.000 Loss: 0.000
Episode: 760 step: 360 training_step: 430529 Reward: 2.000 Loss: 0.031
Episode: 761 step: 1005 training_step: 431534 Reward: 1.000 Loss: 0.000
Episode: 762 step: 432 training_step: 431966 Reward: 1.000 Loss: 0.000
Episode: 763 step: 623 training_step: 432589 Reward: 0.000 Loss: 0.000
Episode: 764 step: 528 training_step: 433117 Reward: 1.000 Loss: 0.000
Episode: 765 step: 585 training_step: 433702 Reward: 3.000 Loss: 0.000
Episode: 766 step: 349 training_step: 434051 Reward: 1.000 Loss: 0.000
Episode: 767 step: 982 training_step: 435033 Reward: 3.000 Loss: 0.062
Episode: 768 step: 341 training_step: 435374 Reward: 1.000 Loss: 0.000
Episode: 769 step: 713 training_step: 436087 Reward: 1.000 Loss: 0.000
Episode: 770 step: 487 training_step: 436574 Reward: 0.000 Loss: 0.000
Episode: 771 step: 470 training_step: 437044 Reward: 1.000 Loss: 0.000
Episode: 772 step: 656 training_step: 437700 Reward: 1.000 Loss: 0.000
Episode: 773 step: 361 training_step: 438061 Reward: 2.000 Loss: 0.000
Episode: 774 step: 761 training_step: 438822 Reward: 1.000 Loss: 0.000
Episode: 775 step: 571 training_step: 439393 Reward: 1.000 Loss: 0.000
Episode: 776 step: 1041 training_step: 440434 Reward: 3.000 Loss: 0.000
Episode: 777 step: 533 training_step: 440967 Reward: 2.000 Loss: 0.031
Episode: 778 step: 697 training_step: 441664 Reward: 2.000 Loss: 0.000
Episode: 779 step: 717 training_step: 442381 Reward: 0.000 Loss: 0.000
Episode: 780 step: 352 training_step: 442733 Reward: 0.000 Loss: 0.000
Episode: 781 step: 487 training_step: 443220 Reward: 2.000 Loss: 0.000
Episode: 782 step: 532 training_step: 443752 Reward: 0.000 Loss: 0.000
Episode: 783 step: 451 training_step: 444203 Reward: 1.000 Loss: 0.000
Episode: 784 step: 555 training_step: 444758 Reward: 1.000 Loss: 0.000
Episode: 785 step: 669 training_step: 445427 Reward: 2.000 Loss: 0.000
Episode: 786 step: 630 training_step: 446057 Reward: 1.000 Loss: 0.000
Episode: 787 step: 598 training_step: 446655 Reward: 2.000 Loss: 0.000
Episode: 788 step: 619 training_step: 447274 Reward: 2.000 Loss: 0.031
Episode: 789 step: 454 training_step: 447728 Reward: 2.000 Loss: 0.000
Episode: 790 step: 282 training_step: 448010 Reward: 0.000 Loss: 0.000
Episode: 791 step: 919 training_step: 448929 Reward: 2.000 Loss: 0.000
Episode: 792 step: 1005 training_step: 449934 Reward: 1.000 Loss: 0.000
Episode: 793 step: 610 training_step: 450544 Reward: 1.000 Loss: 0.000
Episode: 794 step: 575 training_step: 451119 Reward: 2.000 Loss: 0.000
Episode: 795 step: 698 training_step: 451817 Reward: 2.000 Loss: 0.000
Episode: 796 step: 625 training_step: 452442 Reward: 1.000 Loss: 0.000
Episode: 797 step: 495 training_step: 452937 Reward: 1.000 Loss: 0.000
Episode: 798 step: 446 training_step: 453383 Reward: 1.000 Loss: 0.000
Episode: 799 step: 573 training_step: 453956 Reward: 3.000 Loss: 0.000
Episode: 800 step: 889 training_step: 454845 Reward: 1.000 Loss: 0.000
Episode: 801 step: 482 training_step: 455327 Reward: 3.000 Loss: 0.000
Episode: 802 step: 491 training_step: 455818 Reward: 1.000 Loss: 0.000
Episode: 803 step: 737 training_step: 456555 Reward: 2.000 Loss: 0.000
Episode: 804 step: 639 training_step: 457194 Reward: 2.000 Loss: 0.000
Episode: 805 step: 396 training_step: 457590 Reward: 0.000 Loss: 0.000
Episode: 806 step: 427 training_step: 458017 Reward: 2.000 Loss: 0.000
Episode: 807 step: 540 training_step: 458557 Reward: 1.000 Loss: 0.000
Episode: 808 step: 652 training_step: 459209 Reward: 1.000 Loss: 0.000
Episode: 809 step: 465 training_step: 459674 Reward: 0.000 Loss: 0.031
Episode: 810 step: 605 training_step: 460279 Reward: 3.000 Loss: 0.000
Episode: 811 step: 579 training_step: 460858 Reward: 1.000 Loss: 0.000
Episode: 812 step: 459 training_step: 461317 Reward: 1.000 Loss: 0.000
Episode: 813 step: 975 training_step: 462292 Reward: 0.000 Loss: 0.000
Episode: 814 step: 314 training_step: 462606 Reward: 0.000 Loss: 0.000
Episode: 815 step: 495 training_step: 463101 Reward: 1.000 Loss: 0.000
Episode: 816 step: 577 training_step: 463678 Reward: 0.000 Loss: 0.000
Episode: 817 step: 420 training_step: 464098 Reward: 2.000 Loss: 0.000
Episode: 818 step: 676 training_step: 464774 Reward: 1.000 Loss: 0.000
Episode: 819 step: 492 training_step: 465266 Reward: 0.000 Loss: 0.000
Episode: 820 step: 714 training_step: 465980 Reward: 1.000 Loss: 0.000
Episode: 821 step: 328 training_step: 466308 Reward: 2.000 Loss: 0.031
Episode: 822 step: 497 training_step: 466805 Reward: 1.000 Loss: 0.000
Episode: 823 step: 218 training_step: 467023 Reward: 0.000 Loss: 0.000
Episode: 824 step: 712 training_step: 467735 Reward: 1.000 Loss: 0.000
Episode: 825 step: 903 training_step: 468638 Reward: 1.000 Loss: 0.000
Episode: 826 step: 655 training_step: 469293 Reward: 1.000 Loss: 0.000
Episode: 827 step: 498 training_step: 469791 Reward: 1.000 Loss: 0.031
Episode: 828 step: 519 training_step: 470310 Reward: 1.000 Loss: 0.000
Episode: 829 step: 583 training_step: 470893 Reward: 1.000 Loss: 0.000
Episode: 830 step: 304 training_step: 471197 Reward: 1.000 Loss: 0.000
Episode: 831 step: 419 training_step: 471616 Reward: 1.000 Loss: 0.000
Episode: 832 step: 656 training_step: 472272 Reward: 1.000 Loss: 0.000
Episode: 833 step: 575 training_step: 472847 Reward: 1.000 Loss: 0.000
Episode: 834 step: 494 training_step: 473341 Reward: 1.000 Loss: 0.000
Episode: 835 step: 621 training_step: 473962 Reward: 1.000 Loss: 0.000
Episode: 836 step: 272 training_step: 474234 Reward: 1.000 Loss: 0.000
Episode: 837 step: 361 training_step: 474595 Reward: 0.000 Loss: 0.000
Episode: 838 step: 614 training_step: 475209 Reward: 0.000 Loss: 0.000
Episode: 839 step: 656 training_step: 475865 Reward: 1.000 Loss: 0.000
Episode: 840 step: 427 training_step: 476292 Reward: 1.000 Loss: 0.000
Episode: 841 step: 1105 training_step: 477397 Reward: 3.000 Loss: 0.000
Episode: 842 step: 795 training_step: 478192 Reward: 1.000 Loss: 0.000
Episode: 843 step: 546 training_step: 478738 Reward: 1.000 Loss: 0.000
Episode: 844 step: 541 training_step: 479279 Reward: 1.000 Loss: 0.000
Episode: 845 step: 377 training_step: 479656 Reward: 0.000 Loss: 0.000
Episode: 846 step: 331 training_step: 479987 Reward: 0.000 Loss: 0.000
Episode: 847 step: 403 training_step: 480390 Reward: 1.000 Loss: 0.000
Episode: 848 step: 729 training_step: 481119 Reward: 1.000 Loss: 0.000
Episode: 849 step: 575 training_step: 481694 Reward: 2.000 Loss: 0.000
Episode: 850 step: 393 training_step: 482087 Reward: 1.000 Loss: 0.000
Episode: 851 step: 854 training_step: 482941 Reward: 3.000 Loss: 0.000
Episode: 852 step: 463 training_step: 483404 Reward: 0.000 Loss: 0.000
Episode: 853 step: 586 training_step: 483990 Reward: 1.000 Loss: 0.000
Episode: 854 step: 619 training_step: 484609 Reward: 2.000 Loss: 0.000
Episode: 855 step: 787 training_step: 485396 Reward: 2.000 Loss: 0.000
Episode: 856 step: 369 training_step: 485765 Reward: 1.000 Loss: 0.000
Episode: 857 step: 526 training_step: 486291 Reward: 1.000 Loss: 0.000
Episode: 858 step: 453 training_step: 486744 Reward: 1.000 Loss: 0.000
Episode: 859 step: 917 training_step: 487661 Reward: 2.000 Loss: 0.000
Episode: 860 step: 491 training_step: 488152 Reward: 1.000 Loss: 0.031
Episode: 861 step: 373 training_step: 488525 Reward: 2.000 Loss: 0.000
Episode: 862 step: 421 training_step: 488946 Reward: 1.000 Loss: 0.000
Episode: 863 step: 537 training_step: 489483 Reward: 1.000 Loss: 0.000
Episode: 864 step: 547 training_step: 490030 Reward: 0.000 Loss: 0.000
Episode: 865 step: 519 training_step: 490549 Reward: 1.000 Loss: 0.000
Episode: 866 step: 1005 training_step: 491554 Reward: 1.000 Loss: 0.000
Episode: 867 step: 808 training_step: 492362 Reward: 2.000 Loss: 0.000
Episode: 868 step: 494 training_step: 492856 Reward: 4.000 Loss: 0.000
Episode: 869 step: 627 training_step: 493483 Reward: 0.000 Loss: 0.000
Episode: 870 step: 718 training_step: 494201 Reward: 1.000 Loss: 0.000
Episode: 871 step: 924 training_step: 495125 Reward: 1.000 Loss: 0.000
Episode: 872 step: 601 training_step: 495726 Reward: 1.000 Loss: 0.000
Episode: 873 step: 479 training_step: 496205 Reward: 1.000 Loss: 0.000
Episode: 874 step: 538 training_step: 496743 Reward: 2.000 Loss: 0.000
Episode: 875 step: 691 training_step: 497434 Reward: 2.000 Loss: 0.000
Episode: 876 step: 1179 training_step: 498613 Reward: 3.000 Loss: 0.000
Episode: 877 step: 499 training_step: 499112 Reward: 1.000 Loss: 0.000
Episode: 878 step: 857 training_step: 499969 Reward: 1.000 Loss: 0.000
Episode: 879 step: 618 training_step: 500587 Reward: 0.000 Loss: 0.000
Episode: 880 step: 672 training_step: 501259 Reward: 0.000 Loss: 0.000
Episode: 881 step: 946 training_step: 502205 Reward: 1.000 Loss: 0.000
Episode: 882 step: 878 training_step: 503083 Reward: 1.000 Loss: 0.000
Episode: 883 step: 560 training_step: 503643 Reward: 2.000 Loss: 0.000
Episode: 884 step: 479 training_step: 504122 Reward: 1.000 Loss: 0.000
Episode: 885 step: 780 training_step: 504902 Reward: 1.000 Loss: 0.000
Episode: 886 step: 560 training_step: 505462 Reward: 0.000 Loss: 0.000
Episode: 887 step: 585 training_step: 506047 Reward: 1.000 Loss: 0.000
Episode: 888 step: 548 training_step: 506595 Reward: 2.000 Loss: 0.000
Episode: 889 step: 564 training_step: 507159 Reward: 2.000 Loss: 0.000
Episode: 890 step: 941 training_step: 508100 Reward: 1.000 Loss: 0.000
Episode: 891 step: 770 training_step: 508870 Reward: 0.000 Loss: 0.000
Episode: 892 step: 799 training_step: 509669 Reward: 1.000 Loss: 0.000
Episode: 893 step: 527 training_step: 510196 Reward: 3.000 Loss: 0.000
Episode: 894 step: 540 training_step: 510736 Reward: 0.000 Loss: 0.000
Episode: 895 step: 547 training_step: 511283 Reward: 2.000 Loss: 0.000
Episode: 896 step: 944 training_step: 512227 Reward: 3.000 Loss: 0.000
Episode: 897 step: 392 training_step: 512619 Reward: 3.000 Loss: 0.000
Episode: 898 step: 902 training_step: 513521 Reward: 2.000 Loss: 0.000
Episode: 899 step: 684 training_step: 514205 Reward: 7.000 Loss: 0.000
Episode: 900 step: 972 training_step: 515177 Reward: 2.000 Loss: 0.000
Episode: 901 step: 502 training_step: 515679 Reward: 0.000 Loss: 0.000
Episode: 902 step: 472 training_step: 516151 Reward: 2.000 Loss: 0.000
Episode: 903 step: 705 training_step: 516856 Reward: 7.000 Loss: 0.000
Episode: 904 step: 375 training_step: 517231 Reward: 1.000 Loss: 0.000
Episode: 905 step: 378 training_step: 517609 Reward: 1.000 Loss: 0.000
Episode: 906 step: 531 training_step: 518140 Reward: 0.000 Loss: 0.000
Episode: 907 step: 545 training_step: 518685 Reward: 2.000 Loss: 0.000
Episode: 908 step: 550 training_step: 519235 Reward: 1.000 Loss: 0.000
Episode: 909 step: 919 training_step: 520154 Reward: 0.000 Loss: 0.000
Episode: 910 step: 723 training_step: 520877 Reward: 2.000 Loss: 0.031
Episode: 911 step: 463 training_step: 521340 Reward: 2.000 Loss: 0.000
Episode: 912 step: 537 training_step: 521877 Reward: 1.000 Loss: 0.000
Episode: 913 step: 437 training_step: 522314 Reward: 0.000 Loss: 0.000
Episode: 914 step: 813 training_step: 523127 Reward: 0.000 Loss: 0.000
Episode: 915 step: 482 training_step: 523609 Reward: 1.000 Loss: 0.000
Episode: 916 step: 431 training_step: 524040 Reward: 0.000 Loss: 0.000
Episode: 917 step: 639 training_step: 524679 Reward: 1.000 Loss: 0.000
Episode: 918 step: 675 training_step: 525354 Reward: 1.000 Loss: 0.000
Episode: 919 step: 689 training_step: 526043 Reward: 1.000 Loss: 0.000
Episode: 920 step: 709 training_step: 526752 Reward: 7.000 Loss: 0.031
Episode: 921 step: 661 training_step: 527413 Reward: 1.000 Loss: 0.000
Episode: 922 step: 437 training_step: 527850 Reward: 0.000 Loss: 0.000
Episode: 923 step: 612 training_step: 528462 Reward: 2.000 Loss: 0.000
Episode: 924 step: 715 training_step: 529177 Reward: 2.000 Loss: 0.000
Episode: 925 step: 538 training_step: 529715 Reward: 2.000 Loss: 0.000
Episode: 926 step: 495 training_step: 530210 Reward: 2.000 Loss: 0.000
Episode: 927 step: 775 training_step: 530985 Reward: 2.000 Loss: 0.000
Episode: 928 step: 503 training_step: 531488 Reward: 2.000 Loss: 0.000
Episode: 929 step: 586 training_step: 532074 Reward: 2.000 Loss: 0.000
Episode: 930 step: 899 training_step: 532973 Reward: 0.000 Loss: 0.000
Episode: 931 step: 749 training_step: 533722 Reward: 0.000 Loss: 0.000
Episode: 932 step: 870 training_step: 534592 Reward: 0.000 Loss: 0.000
Episode: 933 step: 729 training_step: 535321 Reward: 2.000 Loss: 0.000
Episode: 934 step: 483 training_step: 535804 Reward: 1.000 Loss: 0.000
Episode: 935 step: 523 training_step: 536327 Reward: 1.000 Loss: 0.000
Episode: 936 step: 450 training_step: 536777 Reward: 2.000 Loss: 0.000
Episode: 937 step: 500 training_step: 537277 Reward: 1.000 Loss: 0.000
Episode: 938 step: 499 training_step: 537776 Reward: 1.000 Loss: 0.000
Episode: 939 step: 720 training_step: 538496 Reward: 1.000 Loss: 0.000
Episode: 940 step: 595 training_step: 539091 Reward: 0.000 Loss: 0.000
Episode: 941 step: 469 training_step: 539560 Reward: 4.000 Loss: 0.000
Episode: 942 step: 874 training_step: 540434 Reward: 2.000 Loss: 0.000
Episode: 943 step: 376 training_step: 540810 Reward: 1.000 Loss: 0.000
Episode: 944 step: 524 training_step: 541334 Reward: 0.000 Loss: 0.000
Episode: 945 step: 581 training_step: 541915 Reward: 3.000 Loss: 0.000
Episode: 946 step: 542 training_step: 542457 Reward: 1.000 Loss: 0.000
Episode: 947 step: 517 training_step: 542974 Reward: 1.000 Loss: 0.000
Episode: 948 step: 563 training_step: 543537 Reward: 4.000 Loss: 0.000
Episode: 949 step: 449 training_step: 543986 Reward: 1.000 Loss: 0.000
Episode: 950 step: 365 training_step: 544351 Reward: 1.000 Loss: 0.000
Episode: 951 step: 814 training_step: 545165 Reward: 1.000 Loss: 0.000
Episode: 952 step: 467 training_step: 545632 Reward: 1.000 Loss: 0.000
Episode: 953 step: 908 training_step: 546540 Reward: 1.000 Loss: 0.000
Episode: 954 step: 756 training_step: 547296 Reward: 1.000 Loss: 0.000
Episode: 955 step: 657 training_step: 547953 Reward: 0.000 Loss: 0.000
Episode: 956 step: 819 training_step: 548772 Reward: 1.000 Loss: 0.000
Episode: 957 step: 686 training_step: 549458 Reward: 2.000 Loss: 0.000
Episode: 958 step: 732 training_step: 550190 Reward: 1.000 Loss: 0.000
Episode: 959 step: 408 training_step: 550598 Reward: 2.000 Loss: 0.000
Episode: 960 step: 481 training_step: 551079 Reward: 2.000 Loss: 0.000
Episode: 961 step: 483 training_step: 551562 Reward: 2.000 Loss: 0.000
Episode: 962 step: 847 training_step: 552409 Reward: 0.000 Loss: 0.000
Episode: 963 step: 885 training_step: 553294 Reward: 0.000 Loss: 0.000
Episode: 964 step: 552 training_step: 553846 Reward: 0.000 Loss: 0.000
Episode: 965 step: 638 training_step: 554484 Reward: 2.000 Loss: 0.000
Episode: 966 step: 791 training_step: 555275 Reward: 0.000 Loss: 0.031
Episode: 967 step: 554 training_step: 555829 Reward: 1.000 Loss: 0.000
Episode: 968 step: 363 training_step: 556192 Reward: 1.000 Loss: 0.000
Episode: 969 step: 317 training_step: 556509 Reward: 1.000 Loss: 0.000
Episode: 970 step: 656 training_step: 557165 Reward: 1.000 Loss: 0.000
Episode: 971 step: 381 training_step: 557546 Reward: 0.000 Loss: 0.000
Episode: 972 step: 767 training_step: 558313 Reward: 7.000 Loss: 0.000
Episode: 973 step: 661 training_step: 558974 Reward: 2.000 Loss: 0.000
Episode: 974 step: 430 training_step: 559404 Reward: 2.000 Loss: 0.000
Episode: 975 step: 309 training_step: 559713 Reward: 0.000 Loss: 0.000
Episode: 976 step: 660 training_step: 560373 Reward: 2.000 Loss: 0.000
Episode: 977 step: 771 training_step: 561144 Reward: 1.000 Loss: 0.000
Episode: 978 step: 869 training_step: 562013 Reward: 1.000 Loss: 0.000
Episode: 979 step: 735 training_step: 562748 Reward: 0.000 Loss: 0.000
Episode: 980 step: 477 training_step: 563225 Reward: 0.000 Loss: 0.000
Episode: 981 step: 508 training_step: 563733 Reward: 3.000 Loss: 0.000
Episode: 982 step: 544 training_step: 564277 Reward: 3.000 Loss: 0.000
Episode: 983 step: 479 training_step: 564756 Reward: 0.000 Loss: 0.000
Episode: 984 step: 777 training_step: 565533 Reward: 3.000 Loss: 0.000
Episode: 985 step: 771 training_step: 566304 Reward: 0.000 Loss: 0.000
Episode: 986 step: 285 training_step: 566589 Reward: 1.000 Loss: 0.000
Episode: 987 step: 780 training_step: 567369 Reward: 2.000 Loss: 0.000
Episode: 988 step: 565 training_step: 567934 Reward: 1.000 Loss: 0.000
Episode: 989 step: 570 training_step: 568504 Reward: 2.000 Loss: 0.000
Episode: 990 step: 546 training_step: 569050 Reward: 0.000 Loss: 0.000
Episode: 991 step: 515 training_step: 569565 Reward: 2.000 Loss: 0.000
Episode: 992 step: 738 training_step: 570303 Reward: 3.000 Loss: 0.031
Episode: 993 step: 724 training_step: 571027 Reward: 0.000 Loss: 0.000
Episode: 994 step: 443 training_step: 571470 Reward: 2.000 Loss: 0.000
Episode: 995 step: 368 training_step: 571838 Reward: 1.000 Loss: 0.000
Episode: 996 step: 573 training_step: 572411 Reward: 1.000 Loss: 0.000
Episode: 997 step: 951 training_step: 573362 Reward: 1.000 Loss: 0.000
Episode: 998 step: 303 training_step: 573665 Reward: 0.000 Loss: 0.000
Episode: 999 step: 726 training_step: 574391 Reward: 0.000 Loss: 0.000
Episode: 1000 step: 547 training_step: 574938 Reward: 1.000 Loss: 0.000
Episode: 1001 step: 816 training_step: 575754 Reward: 1.000 Loss: 0.000
Episode: 1002 step: 910 training_step: 576664 Reward: 0.000 Loss: 0.000
Episode: 1003 step: 370 training_step: 577034 Reward: 1.000 Loss: 0.000
Episode: 1004 step: 626 training_step: 577660 Reward: 1.000 Loss: 0.000
Episode: 1005 step: 560 training_step: 578220 Reward: 1.000 Loss: 0.000
Episode: 1006 step: 651 training_step: 578871 Reward: 2.000 Loss: 0.000
Episode: 1007 step: 401 training_step: 579272 Reward: 3.000 Loss: 0.000
Episode: 1008 step: 1164 training_step: 580436 Reward: 2.000 Loss: 0.000
Episode: 1009 step: 520 training_step: 580956 Reward: 1.000 Loss: 0.000
Episode: 1010 step: 415 training_step: 581371 Reward: 2.000 Loss: 0.000
Episode: 1011 step: 742 training_step: 582113 Reward: 1.000 Loss: 0.000
Episode: 1012 step: 408 training_step: 582521 Reward: 2.000 Loss: 0.000
Episode: 1013 step: 688 training_step: 583209 Reward: 1.000 Loss: 0.000
Episode: 1014 step: 335 training_step: 583544 Reward: 2.000 Loss: 0.000
Episode: 1015 step: 418 training_step: 583962 Reward: 1.000 Loss: 0.000
Episode: 1016 step: 851 training_step: 584813 Reward: 2.000 Loss: 0.000
Episode: 1017 step: 385 training_step: 585198 Reward: 1.000 Loss: 0.000
Episode: 1018 step: 796 training_step: 585994 Reward: 3.000 Loss: 0.000
Episode: 1019 step: 541 training_step: 586535 Reward: 0.000 Loss: 0.000
Episode: 1020 step: 419 training_step: 586954 Reward: 2.000 Loss: 0.000
Episode: 1021 step: 554 training_step: 587508 Reward: 0.000 Loss: 0.000
Episode: 1022 step: 589 training_step: 588097 Reward: 2.000 Loss: 0.000
Episode: 1023 step: 636 training_step: 588733 Reward: 2.000 Loss: 0.000
Episode: 1024 step: 726 training_step: 589459 Reward: 2.000 Loss: 0.000
Episode: 1025 step: 1053 training_step: 590512 Reward: 2.000 Loss: 0.000
Episode: 1026 step: 544 training_step: 591056 Reward: 1.000 Loss: 0.031
Episode: 1027 step: 436 training_step: 591492 Reward: 1.000 Loss: 0.000
Episode: 1028 step: 502 training_step: 591994 Reward: 1.000 Loss: 0.000
Episode: 1029 step: 752 training_step: 592746 Reward: 2.000 Loss: 0.000
Episode: 1030 step: 446 training_step: 593192 Reward: 2.000 Loss: 0.000
Episode: 1031 step: 505 training_step: 593697 Reward: 0.000 Loss: 0.000
Episode: 1032 step: 732 training_step: 594429 Reward: 1.000 Loss: 0.000
Episode: 1033 step: 710 training_step: 595139 Reward: 2.000 Loss: 0.000
Episode: 1034 step: 829 training_step: 595968 Reward: 1.000 Loss: 0.031
Episode: 1035 step: 618 training_step: 596586 Reward: 1.000 Loss: 0.000
Episode: 1036 step: 462 training_step: 597048 Reward: 2.000 Loss: 0.000
Episode: 1037 step: 760 training_step: 597808 Reward: 1.000 Loss: 0.000
Episode: 1038 step: 644 training_step: 598452 Reward: 2.000 Loss: 0.000
Episode: 1039 step: 633 training_step: 599085 Reward: 2.000 Loss: 0.000
Episode: 1040 step: 642 training_step: 599727 Reward: 0.000 Loss: 0.000
Episode: 1041 step: 460 training_step: 600187 Reward: 0.000 Loss: 0.000
Episode: 1042 step: 791 training_step: 600978 Reward: 2.000 Loss: 0.000
Episode: 1043 step: 458 training_step: 601436 Reward: 0.000 Loss: 0.000
Episode: 1044 step: 617 training_step: 602053 Reward: 1.000 Loss: 0.000
Episode: 1045 step: 445 training_step: 602498 Reward: 1.000 Loss: 0.000
Episode: 1046 step: 525 training_step: 603023 Reward: 0.000 Loss: 0.000
Episode: 1047 step: 439 training_step: 603462 Reward: 2.000 Loss: 0.000
Episode: 1048 step: 473 training_step: 603935 Reward: 1.000 Loss: 0.000
Episode: 1049 step: 896 training_step: 604831 Reward: 1.000 Loss: 0.000
Episode: 1050 step: 757 training_step: 605588 Reward: 2.000 Loss: 0.000
Episode: 1051 step: 683 training_step: 606271 Reward: 2.000 Loss: 0.000
Episode: 1052 step: 765 training_step: 607036 Reward: 3.000 Loss: 0.031
Episode: 1053 step: 459 training_step: 607495 Reward: 2.000 Loss: 0.000
Episode: 1054 step: 496 training_step: 607991 Reward: 0.000 Loss: 0.000
Episode: 1055 step: 783 training_step: 608774 Reward: 3.000 Loss: 0.031
Episode: 1056 step: 375 training_step: 609149 Reward: 0.000 Loss: 0.000
Episode: 1057 step: 393 training_step: 609542 Reward: 3.000 Loss: 0.000
Episode: 1058 step: 533 training_step: 610075 Reward: 3.000 Loss: 0.000
Episode: 1059 step: 407 training_step: 610482 Reward: 0.000 Loss: 0.000
Episode: 1060 step: 335 training_step: 610817 Reward: 2.000 Loss: 0.000
Episode: 1061 step: 626 training_step: 611443 Reward: 1.000 Loss: 0.000
Episode: 1062 step: 494 training_step: 611937 Reward: 1.000 Loss: 0.000
Episode: 1063 step: 449 training_step: 612386 Reward: 2.000 Loss: 0.000
Episode: 1064 step: 464 training_step: 612850 Reward: 1.000 Loss: 0.000
Episode: 1065 step: 648 training_step: 613498 Reward: 0.000 Loss: 0.000
Episode: 1066 step: 1086 training_step: 614584 Reward: 1.000 Loss: 0.031
Episode: 1067 step: 663 training_step: 615247 Reward: 1.000 Loss: 0.000
Episode: 1068 step: 371 training_step: 615618 Reward: 1.000 Loss: 0.000
Episode: 1069 step: 458 training_step: 616076 Reward: 1.000 Loss: 0.000
Episode: 1070 step: 769 training_step: 616845 Reward: 2.000 Loss: 0.000
Episode: 1071 step: 727 training_step: 617572 Reward: 3.000 Loss: 0.000
Episode: 1072 step: 446 training_step: 618018 Reward: 0.000 Loss: 0.000
Episode: 1073 step: 545 training_step: 618563 Reward: 2.000 Loss: 0.000
Episode: 1074 step: 639 training_step: 619202 Reward: 1.000 Loss: 0.000
Episode: 1075 step: 584 training_step: 619786 Reward: 1.000 Loss: 0.000
Episode: 1076 step: 633 training_step: 620419 Reward: 2.000 Loss: 0.000
Episode: 1077 step: 642 training_step: 621061 Reward: 1.000 Loss: 0.000
Episode: 1078 step: 543 training_step: 621604 Reward: 0.000 Loss: 0.000
Episode: 1079 step: 933 training_step: 622537 Reward: 1.000 Loss: 0.000
Episode: 1080 step: 680 training_step: 623217 Reward: 1.000 Loss: 0.000
Episode: 1081 step: 388 training_step: 623605 Reward: 0.000 Loss: 0.000
Episode: 1082 step: 703 training_step: 624308 Reward: 3.000 Loss: 0.000
Episode: 1083 step: 1218 training_step: 625526 Reward: 2.000 Loss: 0.000
Episode: 1084 step: 609 training_step: 626135 Reward: 0.000 Loss: 0.000
Episode: 1085 step: 734 training_step: 626869 Reward: 2.000 Loss: 0.000
Episode: 1086 step: 703 training_step: 627572 Reward: 1.000 Loss: 0.000
Episode: 1087 step: 897 training_step: 628469 Reward: 2.000 Loss: 0.000
Episode: 1088 step: 740 training_step: 629209 Reward: 1.000 Loss: 0.000
Episode: 1089 step: 567 training_step: 629776 Reward: 0.000 Loss: 0.000
Episode: 1090 step: 444 training_step: 630220 Reward: 0.000 Loss: 0.000
Episode: 1091 step: 405 training_step: 630625 Reward: 0.000 Loss: 0.031
Episode: 1092 step: 747 training_step: 631372 Reward: 2.000 Loss: 0.000
Episode: 1093 step: 690 training_step: 632062 Reward: 3.000 Loss: 0.000
Episode: 1094 step: 384 training_step: 632446 Reward: 0.000 Loss: 0.000
Episode: 1095 step: 811 training_step: 633257 Reward: 1.000 Loss: 0.000
Episode: 1096 step: 440 training_step: 633697 Reward: 0.000 Loss: 0.000
Episode: 1097 step: 871 training_step: 634568 Reward: 2.000 Loss: 0.000
Episode: 1098 step: 565 training_step: 635133 Reward: 2.000 Loss: 0.000
Episode: 1099 step: 521 training_step: 635654 Reward: 1.000 Loss: 0.000
Episode: 1100 step: 903 training_step: 636557 Reward: 1.000 Loss: 0.000
Episode: 1101 step: 655 training_step: 637212 Reward: 3.000 Loss: 0.000
Episode: 1102 step: 758 training_step: 637970 Reward: 2.000 Loss: 0.000
Episode: 1103 step: 605 training_step: 638575 Reward: 0.000 Loss: 0.031
Episode: 1104 step: 438 training_step: 639013 Reward: 0.000 Loss: 0.000
Episode: 1105 step: 627 training_step: 639640 Reward: 2.000 Loss: 0.000
Episode: 1106 step: 477 training_step: 640117 Reward: 1.000 Loss: 0.000
Episode: 1107 step: 427 training_step: 640544 Reward: 0.000 Loss: 0.000
Episode: 1108 step: 534 training_step: 641078 Reward: 3.000 Loss: 0.000
Episode: 1109 step: 569 training_step: 641647 Reward: 1.000 Loss: 0.000
Episode: 1110 step: 662 training_step: 642309 Reward: 0.000 Loss: 0.000
Episode: 1111 step: 369 training_step: 642678 Reward: 0.000 Loss: 0.000
Episode: 1112 step: 408 training_step: 643086 Reward: 3.000 Loss: 0.000
Episode: 1113 step: 759 training_step: 643845 Reward: 1.000 Loss: 0.000
Episode: 1114 step: 482 training_step: 644327 Reward: 0.000 Loss: 0.000
Episode: 1115 step: 808 training_step: 645135 Reward: 1.000 Loss: 0.000
Episode: 1116 step: 285 training_step: 645420 Reward: 0.000 Loss: 0.031
Episode: 1117 step: 613 training_step: 646033 Reward: 2.000 Loss: 0.000
Episode: 1118 step: 818 training_step: 646851 Reward: 1.000 Loss: 0.000
Episode: 1119 step: 1036 training_step: 647887 Reward: 1.000 Loss: 0.000
Episode: 1120 step: 578 training_step: 648465 Reward: 1.000 Loss: 0.000
Episode: 1121 step: 756 training_step: 649221 Reward: 3.000 Loss: 0.000
Episode: 1122 step: 518 training_step: 649739 Reward: 2.000 Loss: 0.000
Episode: 1123 step: 559 training_step: 650298 Reward: 0.000 Loss: 0.000
Episode: 1124 step: 557 training_step: 650855 Reward: 1.000 Loss: 0.000
Episode: 1125 step: 822 training_step: 651677 Reward: 7.000 Loss: 0.000
Episode: 1126 step: 750 training_step: 652427 Reward: 2.000 Loss: 0.000
Episode: 1127 step: 763 training_step: 653190 Reward: 2.000 Loss: 0.000
Episode: 1128 step: 934 training_step: 654124 Reward: 0.000 Loss: 0.000
Episode: 1129 step: 1132 training_step: 655256 Reward: 1.000 Loss: 0.000
Episode: 1130 step: 320 training_step: 655576 Reward: 0.000 Loss: 0.000
Episode: 1131 step: 504 training_step: 656080 Reward: 1.000 Loss: 0.000
Episode: 1132 step: 885 training_step: 656965 Reward: 1.000 Loss: 0.000
Episode: 1133 step: 615 training_step: 657580 Reward: 0.000 Loss: 0.000
Episode: 1134 step: 379 training_step: 657959 Reward: 2.000 Loss: 0.000
Episode: 1135 step: 358 training_step: 658317 Reward: 2.000 Loss: 0.000
Episode: 1136 step: 569 training_step: 658886 Reward: 2.000 Loss: 0.000
Episode: 1137 step: 715 training_step: 659601 Reward: 7.000 Loss: 0.000
Episode: 1138 step: 713 training_step: 660314 Reward: 1.000 Loss: 0.000
Episode: 1139 step: 806 training_step: 661120 Reward: 0.000 Loss: 0.000
Episode: 1140 step: 803 training_step: 661923 Reward: 1.000 Loss: 0.000
Episode: 1141 step: 463 training_step: 662386 Reward: 0.000 Loss: 0.000
Episode: 1142 step: 557 training_step: 662943 Reward: 1.000 Loss: 0.000
Episode: 1143 step: 445 training_step: 663388 Reward: 1.000 Loss: 0.000
Episode: 1144 step: 728 training_step: 664116 Reward: 1.000 Loss: 0.000
Episode: 1145 step: 735 training_step: 664851 Reward: 0.000 Loss: 0.000
Episode: 1146 step: 411 training_step: 665262 Reward: 2.000 Loss: 0.031
Episode: 1147 step: 582 training_step: 665844 Reward: 0.000 Loss: 0.000
Episode: 1148 step: 618 training_step: 666462 Reward: 1.000 Loss: 0.000
Episode: 1149 step: 500 training_step: 666962 Reward: 1.000 Loss: 0.000
Episode: 1150 step: 860 training_step: 667822 Reward: 2.000 Loss: 0.000
Episode: 1151 step: 654 training_step: 668476 Reward: 0.000 Loss: 0.000
Episode: 1152 step: 545 training_step: 669021 Reward: 1.000 Loss: 0.000
Episode: 1153 step: 627 training_step: 669648 Reward: 2.000 Loss: 0.000
Episode: 1154 step: 492 training_step: 670140 Reward: 1.000 Loss: 0.000
Episode: 1155 step: 399 training_step: 670539 Reward: 1.000 Loss: 0.000
Episode: 1156 step: 620 training_step: 671159 Reward: 0.000 Loss: 0.000
Episode: 1157 step: 634 training_step: 671793 Reward: 2.000 Loss: 0.000
Episode: 1158 step: 757 training_step: 672550 Reward: 2.000 Loss: 0.000
Episode: 1159 step: 495 training_step: 673045 Reward: 1.000 Loss: 0.000
Episode: 1160 step: 755 training_step: 673800 Reward: 1.000 Loss: 0.000
Episode: 1161 step: 992 training_step: 674792 Reward: 2.000 Loss: 0.000
Episode: 1162 step: 414 training_step: 675206 Reward: 1.000 Loss: 0.000
Episode: 1163 step: 497 training_step: 675703 Reward: 1.000 Loss: 0.000
Episode: 1164 step: 438 training_step: 676141 Reward: 2.000 Loss: 0.000
Episode: 1165 step: 680 training_step: 676821 Reward: 2.000 Loss: 0.000
Episode: 1166 step: 835 training_step: 677656 Reward: 1.000 Loss: 0.000
Episode: 1167 step: 764 training_step: 678420 Reward: 2.000 Loss: 0.000
Episode: 1168 step: 673 training_step: 679093 Reward: 1.000 Loss: 0.000
Episode: 1169 step: 637 training_step: 679730 Reward: 2.000 Loss: 0.000
Episode: 1170 step: 792 training_step: 680522 Reward: 2.000 Loss: 0.000
Episode: 1171 step: 540 training_step: 681062 Reward: 3.000 Loss: 0.000
Episode: 1172 step: 653 training_step: 681715 Reward: 2.000 Loss: 0.000
Episode: 1173 step: 423 training_step: 682138 Reward: 2.000 Loss: 0.000
Episode: 1174 step: 589 training_step: 682727 Reward: 1.000 Loss: 0.000
Episode: 1175 step: 631 training_step: 683358 Reward: 2.000 Loss: 0.000
Episode: 1176 step: 628 training_step: 683986 Reward: 1.000 Loss: 0.000
Episode: 1177 step: 708 training_step: 684694 Reward: 1.000 Loss: 0.000
Episode: 1178 step: 848 training_step: 685542 Reward: 2.000 Loss: 0.000
Episode: 1179 step: 595 training_step: 686137 Reward: 2.000 Loss: 0.000
Episode: 1180 step: 561 training_step: 686698 Reward: 3.000 Loss: 0.000
Episode: 1181 step: 329 training_step: 687027 Reward: 1.000 Loss: 0.000
Episode: 1182 step: 445 training_step: 687472 Reward: 1.000 Loss: 0.000
Episode: 1183 step: 385 training_step: 687857 Reward: 0.000 Loss: 0.000
Episode: 1184 step: 861 training_step: 688718 Reward: 7.000 Loss: 0.000
Episode: 1185 step: 842 training_step: 689560 Reward: 1.000 Loss: 0.000
Episode: 1186 step: 319 training_step: 689879 Reward: 0.000 Loss: 0.000
Episode: 1187 step: 379 training_step: 690258 Reward: 1.000 Loss: 0.000
Episode: 1188 step: 641 training_step: 690899 Reward: 0.000 Loss: 0.000
Episode: 1189 step: 626 training_step: 691525 Reward: 1.000 Loss: 0.031
Episode: 1190 step: 378 training_step: 691903 Reward: 1.000 Loss: 0.000
Episode: 1191 step: 581 training_step: 692484 Reward: 1.000 Loss: 0.000
Episode: 1192 step: 512 training_step: 692996 Reward: 1.000 Loss: 0.000
Episode: 1193 step: 836 training_step: 693832 Reward: 1.000 Loss: 0.000
Episode: 1194 step: 1280 training_step: 695112 Reward: 3.000 Loss: 0.000
Episode: 1195 step: 448 training_step: 695560 Reward: 1.000 Loss: 0.000
Episode: 1196 step: 469 training_step: 696029 Reward: 2.000 Loss: 0.000
Episode: 1197 step: 909 training_step: 696938 Reward: 1.000 Loss: 0.000
Episode: 1198 step: 413 training_step: 697351 Reward: 1.000 Loss: 0.000
Episode: 1199 step: 675 training_step: 698026 Reward: 1.000 Loss: 0.000
Episode: 1200 step: 760 training_step: 698786 Reward: 2.000 Loss: 0.000
Episode: 1201 step: 639 training_step: 699425 Reward: 2.000 Loss: 0.000
Episode: 1202 step: 1181 training_step: 700606 Reward: 2.000 Loss: 0.000
Episode: 1203 step: 852 training_step: 701458 Reward: 2.000 Loss: 0.000
Episode: 1204 step: 398 training_step: 701856 Reward: 3.000 Loss: 0.000
Episode: 1205 step: 499 training_step: 702355 Reward: 0.000 Loss: 0.000
Episode: 1206 step: 473 training_step: 702828 Reward: 2.000 Loss: 0.000
Episode: 1207 step: 1028 training_step: 703856 Reward: 2.000 Loss: 0.000
Episode: 1208 step: 515 training_step: 704371 Reward: 3.000 Loss: 0.000
Episode: 1209 step: 459 training_step: 704830 Reward: 1.000 Loss: 0.000
Episode: 1210 step: 781 training_step: 705611 Reward: 0.000 Loss: 0.000
Episode: 1211 step: 831 training_step: 706442 Reward: 0.000 Loss: 0.000
Episode: 1212 step: 721 training_step: 707163 Reward: 1.000 Loss: 0.000
Episode: 1213 step: 566 training_step: 707729 Reward: 2.000 Loss: 0.000
Episode: 1214 step: 548 training_step: 708277 Reward: 2.000 Loss: 0.031
Episode: 1215 step: 439 training_step: 708716 Reward: 0.000 Loss: 0.000
Episode: 1216 step: 760 training_step: 709476 Reward: 1.000 Loss: 0.000
Episode: 1217 step: 509 training_step: 709985 Reward: 1.000 Loss: 0.000
Episode: 1218 step: 480 training_step: 710465 Reward: 0.000 Loss: 0.000
Episode: 1219 step: 930 training_step: 711395 Reward: 0.000 Loss: 0.031
Episode: 1220 step: 502 training_step: 711897 Reward: 2.000 Loss: 0.000
Episode: 1221 step: 817 training_step: 712714 Reward: 2.000 Loss: 0.000
Episode: 1222 step: 283 training_step: 712997 Reward: 1.000 Loss: 0.000
Episode: 1223 step: 412 training_step: 713409 Reward: 2.000 Loss: 0.000
Episode: 1224 step: 701 training_step: 714110 Reward: 2.000 Loss: 0.000
Episode: 1225 step: 644 training_step: 714754 Reward: 1.000 Loss: 0.000
Episode: 1226 step: 861 training_step: 715615 Reward: 2.000 Loss: 0.000
Episode: 1227 step: 461 training_step: 716076 Reward: 1.000 Loss: 0.000
Episode: 1228 step: 678 training_step: 716754 Reward: 2.000 Loss: 0.000
Episode: 1229 step: 474 training_step: 717228 Reward: 1.000 Loss: 0.000
Episode: 1230 step: 461 training_step: 717689 Reward: 1.000 Loss: 0.000
Episode: 1231 step: 569 training_step: 718258 Reward: 3.000 Loss: 0.000
Episode: 1232 step: 757 training_step: 719015 Reward: 1.000 Loss: 0.000
Episode: 1233 step: 844 training_step: 719859 Reward: 1.000 Loss: 0.000
Episode: 1234 step: 857 training_step: 720716 Reward: 3.000 Loss: 0.000
Episode: 1235 step: 959 training_step: 721675 Reward: 7.000 Loss: 0.000
Episode: 1236 step: 504 training_step: 722179 Reward: 1.000 Loss: 0.031
Episode: 1237 step: 1106 training_step: 723285 Reward: 0.000 Loss: 0.000
Episode: 1238 step: 681 training_step: 723966 Reward: 1.000 Loss: 0.000
Episode: 1239 step: 371 training_step: 724337 Reward: 0.000 Loss: 0.000
Episode: 1240 step: 470 training_step: 724807 Reward: 2.000 Loss: 0.000
Episode: 1241 step: 632 training_step: 725439 Reward: 1.000 Loss: 0.000
Episode: 1242 step: 692 training_step: 726131 Reward: 7.000 Loss: 0.000
Episode: 1243 step: 561 training_step: 726692 Reward: 1.000 Loss: 0.000
Episode: 1244 step: 460 training_step: 727152 Reward: 1.000 Loss: 0.000
Episode: 1245 step: 756 training_step: 727908 Reward: 1.000 Loss: 0.000
Episode: 1246 step: 529 training_step: 728437 Reward: 0.000 Loss: 0.000
Episode: 1247 step: 665 training_step: 729102 Reward: 1.000 Loss: 0.000
Episode: 1248 step: 562 training_step: 729664 Reward: 1.000 Loss: 0.000
Episode: 1249 step: 786 training_step: 730450 Reward: 1.000 Loss: 0.031
Episode: 1250 step: 808 training_step: 731258 Reward: 2.000 Loss: 0.000
Episode: 1251 step: 579 training_step: 731837 Reward: 0.000 Loss: 0.000
Episode: 1252 step: 568 training_step: 732405 Reward: 0.000 Loss: 0.000
Episode: 1253 step: 602 training_step: 733007 Reward: 2.000 Loss: 0.000
Episode: 1254 step: 609 training_step: 733616 Reward: 1.000 Loss: 0.000
Episode: 1255 step: 634 training_step: 734250 Reward: 2.000 Loss: 0.000
Episode: 1256 step: 680 training_step: 734930 Reward: 2.000 Loss: 0.000
Episode: 1257 step: 630 training_step: 735560 Reward: 1.000 Loss: 0.000
Episode: 1258 step: 413 training_step: 735973 Reward: 2.000 Loss: 0.000
Episode: 1259 step: 837 training_step: 736810 Reward: 3.000 Loss: 0.000
Episode: 1260 step: 553 training_step: 737363 Reward: 0.000 Loss: 0.000
Episode: 1261 step: 835 training_step: 738198 Reward: 3.000 Loss: 0.000
Episode: 1262 step: 318 training_step: 738516 Reward: 0.000 Loss: 0.000
Episode: 1263 step: 534 training_step: 739050 Reward: 0.000 Loss: 0.000
Episode: 1264 step: 779 training_step: 739829 Reward: 1.000 Loss: 0.000
Episode: 1265 step: 459 training_step: 740288 Reward: 0.000 Loss: 0.000
Episode: 1266 step: 792 training_step: 741080 Reward: 1.000 Loss: 0.000
Episode: 1267 step: 569 training_step: 741649 Reward: 1.000 Loss: 0.000
Episode: 1268 step: 576 training_step: 742225 Reward: 1.000 Loss: 0.000
Episode: 1269 step: 528 training_step: 742753 Reward: 0.000 Loss: 0.000
Episode: 1270 step: 673 training_step: 743426 Reward: 1.000 Loss: 0.000
Episode: 1271 step: 659 training_step: 744085 Reward: 7.000 Loss: 0.000
Episode: 1272 step: 462 training_step: 744547 Reward: 1.000 Loss: 0.000
Episode: 1273 step: 954 training_step: 745501 Reward: 2.000 Loss: 0.000
Episode: 1274 step: 445 training_step: 745946 Reward: 0.000 Loss: 0.000
Episode: 1275 step: 965 training_step: 746911 Reward: 2.000 Loss: 0.000
Episode: 1276 step: 769 training_step: 747680 Reward: 1.000 Loss: 0.000
Episode: 1277 step: 720 training_step: 748400 Reward: 2.000 Loss: 0.000
Episode: 1278 step: 691 training_step: 749091 Reward: 2.000 Loss: 0.000
Episode: 1279 step: 564 training_step: 749655 Reward: 0.000 Loss: 0.000
Episode: 1280 step: 843 training_step: 750498 Reward: 2.000 Loss: 0.000
Episode: 1281 step: 507 training_step: 751005 Reward: 1.000 Loss: 0.000
Episode: 1282 step: 903 training_step: 751908 Reward: 2.000 Loss: 0.000
Episode: 1283 step: 821 training_step: 752729 Reward: 2.000 Loss: 0.000
Episode: 1284 step: 632 training_step: 753361 Reward: 3.000 Loss: 0.000
Episode: 1285 step: 556 training_step: 753917 Reward: 3.000 Loss: 0.000
Episode: 1286 step: 492 training_step: 754409 Reward: 1.000 Loss: 0.000
